<?xml version="1.0" encoding="UTF-8"?>
<coverage generated="1577467962499" clover="3.2.0">
  <project timestamp="1577467962499" name="All files">
    <metrics statements="682" coveredstatements="363" conditionals="208" coveredconditionals="57" methods="290" coveredmethods="81" elements="1180" coveredelements="501" complexity="0" loc="682" ncloc="682" packages="33" files="107" classes="107"/>
    <package name="api">
      <metrics statements="12" coveredstatements="1" conditionals="0" coveredconditionals="0" methods="7" coveredmethods="0"/>
      <file name="entertainment.js" path="/Users/pavliha/Code/partymaker-admin/src/api/entertainment.js">
        <metrics statements="12" coveredstatements="1" conditionals="0" coveredconditionals="0" methods="7" coveredmethods="0"/>
        <line num="4" count="4" type="stmt"/>
        <line num="7" count="0" type="stmt"/>
        <line num="8" count="0" type="stmt"/>
        <line num="12" count="0" type="stmt"/>
        <line num="13" count="0" type="stmt"/>
        <line num="17" count="0" type="stmt"/>
        <line num="18" count="0" type="stmt"/>
        <line num="22" count="0" type="stmt"/>
        <line num="23" count="0" type="stmt"/>
        <line num="27" count="0" type="stmt"/>
        <line num="31" count="0" type="stmt"/>
        <line num="32" count="0" type="stmt"/>
      </file>
      <file name="index.js" path="/Users/pavliha/Code/partymaker-admin/src/api/index.js">
        <metrics statements="0" coveredstatements="0" conditionals="0" coveredconditionals="0" methods="0" coveredmethods="0"/>
      </file>
    </package>
    <package name="api.auth">
      <metrics statements="12" coveredstatements="2" conditionals="0" coveredconditionals="0" methods="9" coveredmethods="0"/>
      <file name="index.js" path="/Users/pavliha/Code/partymaker-admin/src/api/auth/index.js">
        <metrics statements="7" coveredstatements="1" conditionals="0" coveredconditionals="0" methods="6" coveredmethods="0"/>
        <line num="5" count="4" type="stmt"/>
        <line num="12" count="0" type="stmt"/>
        <line num="16" count="0" type="stmt"/>
        <line num="20" count="0" type="stmt"/>
        <line num="24" count="0" type="stmt"/>
        <line num="28" count="0" type="stmt"/>
        <line num="32" count="0" type="stmt"/>
      </file>
      <file name="password.js" path="/Users/pavliha/Code/partymaker-admin/src/api/auth/password.js">
        <metrics statements="5" coveredstatements="1" conditionals="0" coveredconditionals="0" methods="3" coveredmethods="0"/>
        <line num="3" count="4" type="stmt"/>
        <line num="5" count="0" type="stmt"/>
        <line num="9" count="0" type="stmt"/>
        <line num="11" count="0" type="stmt"/>
        <line num="18" count="0" type="stmt"/>
      </file>
    </package>
    <package name="api.auth.user">
      <metrics statements="6" coveredstatements="2" conditionals="0" coveredconditionals="0" methods="4" coveredmethods="0"/>
      <file name="account.js" path="/Users/pavliha/Code/partymaker-admin/src/api/auth/user/account.js">
        <metrics statements="3" coveredstatements="1" conditionals="0" coveredconditionals="0" methods="2" coveredmethods="0"/>
        <line num="3" count="4" type="stmt"/>
        <line num="6" count="0" type="stmt"/>
        <line num="10" count="0" type="stmt"/>
      </file>
      <file name="index.js" path="/Users/pavliha/Code/partymaker-admin/src/api/auth/user/index.js">
        <metrics statements="3" coveredstatements="1" conditionals="0" coveredconditionals="0" methods="2" coveredmethods="0"/>
        <line num="4" count="4" type="stmt"/>
        <line num="9" count="0" type="stmt"/>
        <line num="13" count="0" type="stmt"/>
      </file>
    </package>
    <package name="api.place">
      <metrics statements="29" coveredstatements="4" conditionals="0" coveredconditionals="0" methods="18" coveredmethods="0"/>
      <file name="contacts.js" path="/Users/pavliha/Code/partymaker-admin/src/api/place/contacts.js">
        <metrics statements="10" coveredstatements="1" conditionals="0" coveredconditionals="0" methods="5" coveredmethods="0"/>
        <line num="4" count="4" type="stmt"/>
        <line num="7" count="0" type="stmt"/>
        <line num="8" count="0" type="stmt"/>
        <line num="12" count="0" type="stmt"/>
        <line num="13" count="0" type="stmt"/>
        <line num="17" count="0" type="stmt"/>
        <line num="18" count="0" type="stmt"/>
        <line num="22" count="0" type="stmt"/>
        <line num="23" count="0" type="stmt"/>
        <line num="27" count="0" type="stmt"/>
      </file>
      <file name="index.js" path="/Users/pavliha/Code/partymaker-admin/src/api/place/index.js">
        <metrics statements="13" coveredstatements="2" conditionals="0" coveredconditionals="0" methods="8" coveredmethods="0"/>
        <line num="7" count="4" type="stmt"/>
        <line num="12" count="4" type="stmt"/>
        <line num="18" count="0" type="stmt"/>
        <line num="19" count="0" type="stmt"/>
        <line num="23" count="0" type="stmt"/>
        <line num="24" count="0" type="stmt"/>
        <line num="28" count="0" type="stmt"/>
        <line num="29" count="0" type="stmt"/>
        <line num="33" count="0" type="stmt"/>
        <line num="34" count="0" type="stmt"/>
        <line num="38" count="0" type="stmt"/>
        <line num="42" count="0" type="stmt"/>
        <line num="43" count="0" type="stmt"/>
      </file>
      <file name="photos.js" path="/Users/pavliha/Code/partymaker-admin/src/api/place/photos.js">
        <metrics statements="6" coveredstatements="1" conditionals="0" coveredconditionals="0" methods="5" coveredmethods="0"/>
        <line num="3" count="4" type="stmt"/>
        <line num="6" count="0" type="stmt"/>
        <line num="10" count="0" type="stmt"/>
        <line num="14" count="0" type="stmt"/>
        <line num="18" count="0" type="stmt"/>
        <line num="22" count="0" type="stmt"/>
      </file>
    </package>
    <package name="api.uploads">
      <metrics statements="2" coveredstatements="1" conditionals="0" coveredconditionals="0" methods="1" coveredmethods="0"/>
      <file name="index.js" path="/Users/pavliha/Code/partymaker-admin/src/api/uploads/index.js">
        <metrics statements="2" coveredstatements="1" conditionals="0" coveredconditionals="0" methods="1" coveredmethods="0"/>
        <line num="6" count="4" type="stmt"/>
        <line num="11" count="0" type="stmt"/>
      </file>
    </package>
    <package name="api.uploads.picture">
      <metrics statements="12" coveredstatements="4" conditionals="0" coveredconditionals="0" methods="4" coveredmethods="0"/>
      <file name="file.js" path="/Users/pavliha/Code/partymaker-admin/src/api/uploads/picture/file.js">
        <metrics statements="8" coveredstatements="2" conditionals="0" coveredconditionals="0" methods="3" coveredmethods="0"/>
        <line num="3" count="4" type="stmt"/>
        <line num="5" count="0" type="stmt"/>
        <line num="6" count="0" type="stmt"/>
        <line num="10" count="4" type="stmt"/>
        <line num="13" count="0" type="stmt"/>
        <line num="14" count="0" type="stmt"/>
        <line num="15" count="0" type="stmt"/>
        <line num="16" count="0" type="stmt"/>
      </file>
      <file name="index.js" path="/Users/pavliha/Code/partymaker-admin/src/api/uploads/picture/index.js">
        <metrics statements="1" coveredstatements="1" conditionals="0" coveredconditionals="0" methods="0" coveredmethods="0"/>
        <line num="4" count="4" type="stmt"/>
      </file>
      <file name="url.js" path="/Users/pavliha/Code/partymaker-admin/src/api/uploads/picture/url.js">
        <metrics statements="3" coveredstatements="1" conditionals="0" coveredconditionals="0" methods="1" coveredmethods="0"/>
        <line num="4" count="4" type="stmt"/>
        <line num="7" count="0" type="stmt"/>
        <line num="8" count="0" type="stmt"/>
      </file>
    </package>
    <package name="components">
      <metrics statements="243" coveredstatements="105" conditionals="99" coveredconditionals="6" methods="90" coveredmethods="3"/>
      <file name="EntertainmentForm.jsx" path="/Users/pavliha/Code/partymaker-admin/src/components/EntertainmentForm.jsx">
        <metrics statements="6" coveredstatements="5" conditionals="4" coveredconditionals="0" methods="2" coveredmethods="0"/>
        <line num="9" count="2" type="stmt"/>
        <line num="13" count="2" type="stmt"/>
        <line num="14" count="0" type="stmt"/>
        <line num="47" count="2" type="stmt"/>
        <line num="56" count="2" type="stmt"/>
        <line num="60" count="2" type="stmt"/>
      </file>
      <file name="EntertainmentListItemHandle.jsx" path="/Users/pavliha/Code/partymaker-admin/src/components/EntertainmentListItemHandle.jsx">
        <metrics statements="4" coveredstatements="3" conditionals="0" coveredconditionals="0" methods="2" coveredmethods="0"/>
        <line num="7" count="2" type="stmt"/>
        <line num="22" count="2" type="stmt"/>
        <line num="23" count="0" type="stmt"/>
        <line num="27" count="2" type="stmt"/>
      </file>
      <file name="EntertainmentsField.jsx" path="/Users/pavliha/Code/partymaker-admin/src/components/EntertainmentsField.jsx">
        <metrics statements="6" coveredstatements="4" conditionals="0" coveredconditionals="0" methods="3" coveredmethods="0"/>
        <line num="8" count="2" type="stmt"/>
        <line num="12" count="2" type="stmt"/>
        <line num="23" count="0" type="stmt"/>
        <line num="32" count="0" type="stmt"/>
        <line num="38" count="2" type="stmt"/>
        <line num="52" count="2" type="stmt"/>
      </file>
      <file name="EntertainmentsList.jsx" path="/Users/pavliha/Code/partymaker-admin/src/components/EntertainmentsList.jsx">
        <metrics statements="11" coveredstatements="4" conditionals="0" coveredconditionals="0" methods="7" coveredmethods="0"/>
        <line num="10" count="2" type="stmt"/>
        <line num="26" count="2" type="stmt"/>
        <line num="27" count="0" type="stmt"/>
        <line num="29" count="0" type="stmt"/>
        <line num="30" count="0" type="stmt"/>
        <line num="31" count="0" type="stmt"/>
        <line num="32" count="0" type="stmt"/>
        <line num="35" count="0" type="stmt"/>
        <line num="38" count="0" type="stmt"/>
        <line num="64" count="2" type="stmt"/>
        <line num="72" count="2" type="stmt"/>
      </file>
      <file name="EntertainmentsListItem.jsx" path="/Users/pavliha/Code/partymaker-admin/src/components/EntertainmentsListItem.jsx">
        <metrics statements="6" coveredstatements="3" conditionals="0" coveredconditionals="0" methods="4" coveredmethods="0"/>
        <line num="13" count="2" type="stmt"/>
        <line num="40" count="2" type="stmt"/>
        <line num="41" count="0" type="stmt"/>
        <line num="46" count="0" type="stmt"/>
        <line num="53" count="0" type="stmt"/>
        <line num="67" count="2" type="stmt"/>
      </file>
      <file name="EntertainmentsLoader.jsx" path="/Users/pavliha/Code/partymaker-admin/src/components/EntertainmentsLoader.jsx">
        <metrics statements="4" coveredstatements="3" conditionals="0" coveredconditionals="0" methods="2" coveredmethods="0"/>
        <line num="6" count="2" type="stmt"/>
        <line num="7" count="0" type="stmt"/>
        <line num="14" count="2" type="stmt"/>
        <line num="19" count="2" type="stmt"/>
      </file>
      <file name="Field.jsx" path="/Users/pavliha/Code/partymaker-admin/src/components/Field.jsx">
        <metrics statements="13" coveredstatements="2" conditionals="8" coveredconditionals="0" methods="6" coveredmethods="0"/>
        <line num="7" count="0" type="stmt"/>
        <line num="8" count="0" type="stmt"/>
        <line num="9" count="0" type="cond" truecount="0" falsecount="2"/>
        <line num="10" count="0" type="cond" truecount="0" falsecount="2"/>
        <line num="12" count="0" type="stmt"/>
        <line num="13" count="0" type="stmt"/>
        <line num="17" count="0" type="stmt"/>
        <line num="18" count="0" type="stmt"/>
        <line num="20" count="0" type="stmt"/>
        <line num="22" count="0" type="stmt"/>
        <line num="29" count="0" type="stmt"/>
        <line num="40" count="2" type="stmt"/>
        <line num="48" count="2" type="stmt"/>
      </file>
      <file name="Form.jsx" path="/Users/pavliha/Code/partymaker-admin/src/components/Form.jsx">
        <metrics statements="20" coveredstatements="1" conditionals="4" coveredconditionals="0" methods="4" coveredmethods="0"/>
        <line num="9" count="0" type="stmt"/>
        <line num="10" count="0" type="stmt"/>
        <line num="11" count="0" type="stmt"/>
        <line num="13" count="0" type="stmt"/>
        <line num="15" count="0" type="cond" truecount="0" falsecount="2"/>
        <line num="16" count="0" type="stmt"/>
        <line num="19" count="0" type="stmt"/>
        <line num="20" count="0" type="stmt"/>
        <line num="21" count="0" type="stmt"/>
        <line num="23" count="0" type="stmt"/>
        <line num="25" count="0" type="stmt"/>
        <line num="29" count="0" type="stmt"/>
        <line num="30" count="0" type="stmt"/>
        <line num="31" count="0" type="cond" truecount="0" falsecount="2"/>
        <line num="33" count="0" type="stmt"/>
        <line num="37" count="0" type="stmt"/>
        <line num="38" count="0" type="stmt"/>
        <line num="40" count="0" type="stmt"/>
        <line num="46" count="0" type="stmt"/>
        <line num="53" count="2" type="stmt"/>
      </file>
      <file name="FormDialog.jsx" path="/Users/pavliha/Code/partymaker-admin/src/components/FormDialog.jsx">
        <metrics statements="5" coveredstatements="3" conditionals="2" coveredconditionals="0" methods="1" coveredmethods="0"/>
        <line num="7" count="2" type="stmt"/>
        <line num="44" count="2" type="stmt"/>
        <line num="46" count="0" type="cond" truecount="0" falsecount="2"/>
        <line num="48" count="0" type="stmt"/>
        <line num="72" count="2" type="stmt"/>
      </file>
      <file name="Header.jsx" path="/Users/pavliha/Code/partymaker-admin/src/components/Header.jsx">
        <metrics statements="4" coveredstatements="3" conditionals="4" coveredconditionals="0" methods="1" coveredmethods="0"/>
        <line num="6" count="2" type="stmt"/>
        <line num="22" count="2" type="stmt"/>
        <line num="23" count="0" type="stmt"/>
        <line num="41" count="2" type="stmt"/>
      </file>
      <file name="Label.jsx" path="/Users/pavliha/Code/partymaker-admin/src/components/Label.jsx">
        <metrics statements="4" coveredstatements="3" conditionals="0" coveredconditionals="0" methods="1" coveredmethods="0"/>
        <line num="7" count="2" type="stmt"/>
        <line num="26" count="2" type="stmt"/>
        <line num="27" count="0" type="stmt"/>
        <line num="34" count="2" type="stmt"/>
      </file>
      <file name="Loader.jsx" path="/Users/pavliha/Code/partymaker-admin/src/components/Loader.jsx">
        <metrics statements="31" coveredstatements="3" conditionals="10" coveredconditionals="0" methods="9" coveredmethods="0"/>
        <line num="8" count="2" type="stmt"/>
        <line num="35" count="0" type="stmt"/>
        <line num="37" count="0" type="stmt"/>
        <line num="43" count="0" type="stmt"/>
        <line num="44" count="0" type="stmt"/>
        <line num="48" count="0" type="stmt"/>
        <line num="52" count="0" type="cond" truecount="0" falsecount="2"/>
        <line num="53" count="0" type="stmt"/>
        <line num="57" count="0" type="stmt"/>
        <line num="58" count="0" type="cond" truecount="0" falsecount="2"/>
        <line num="59" count="0" type="stmt"/>
        <line num="60" count="0" type="stmt"/>
        <line num="63" count="0" type="stmt"/>
        <line num="64" count="0" type="stmt"/>
        <line num="66" count="0" type="cond" truecount="0" falsecount="2"/>
        <line num="68" count="0" type="stmt"/>
        <line num="69" count="0" type="stmt"/>
        <line num="70" count="0" type="stmt"/>
        <line num="71" count="0" type="stmt"/>
        <line num="72" count="0" type="stmt"/>
        <line num="74" count="0" type="stmt"/>
        <line num="75" count="0" type="stmt"/>
        <line num="80" count="0" type="stmt"/>
        <line num="81" count="0" type="stmt"/>
        <line num="83" count="0" type="cond" truecount="0" falsecount="2"/>
        <line num="84" count="0" type="stmt"/>
        <line num="95" count="0" type="cond" truecount="0" falsecount="2"/>
        <line num="96" count="0" type="stmt"/>
        <line num="103" count="0" type="stmt"/>
        <line num="107" count="2" type="stmt"/>
        <line num="117" count="2" type="stmt"/>
      </file>
      <file name="Loading.jsx" path="/Users/pavliha/Code/partymaker-admin/src/components/Loading.jsx">
        <metrics statements="13" coveredstatements="3" conditionals="4" coveredconditionals="0" methods="4" coveredmethods="0"/>
        <line num="6" count="2" type="stmt"/>
        <line num="18" count="0" type="stmt"/>
        <line num="23" count="0" type="stmt"/>
        <line num="24" count="0" type="stmt"/>
        <line num="28" count="0" type="stmt"/>
        <line num="32" count="0" type="stmt"/>
        <line num="33" count="0" type="stmt"/>
        <line num="35" count="0" type="cond" truecount="0" falsecount="2"/>
        <line num="36" count="0" type="stmt"/>
        <line num="39" count="0" type="cond" truecount="0" falsecount="2"/>
        <line num="41" count="0" type="stmt"/>
        <line num="49" count="2" type="stmt"/>
        <line num="58" count="2" type="stmt"/>
      </file>
      <file name="LoginForm.jsx" path="/Users/pavliha/Code/partymaker-admin/src/components/LoginForm.jsx">
        <metrics statements="6" coveredstatements="5" conditionals="2" coveredconditionals="0" methods="2" coveredmethods="0"/>
        <line num="8" count="2" type="stmt"/>
        <line num="32" count="2" type="stmt"/>
        <line num="33" count="0" type="stmt"/>
        <line num="76" count="2" type="stmt"/>
        <line num="83" count="2" type="stmt"/>
        <line num="88" count="2" type="stmt"/>
      </file>
      <file name="Logo.jsx" path="/Users/pavliha/Code/partymaker-admin/src/components/Logo.jsx">
        <metrics statements="4" coveredstatements="3" conditionals="0" coveredconditionals="0" methods="1" coveredmethods="0"/>
        <line num="5" count="2" type="stmt"/>
        <line num="17" count="2" type="stmt"/>
        <line num="18" count="0" type="stmt"/>
        <line num="25" count="2" type="stmt"/>
      </file>
      <file name="Navigation.jsx" path="/Users/pavliha/Code/partymaker-admin/src/components/Navigation.jsx">
        <metrics statements="4" coveredstatements="3" conditionals="0" coveredconditionals="0" methods="2" coveredmethods="0"/>
        <line num="7" count="2" type="stmt"/>
        <line num="41" count="2" type="stmt"/>
        <line num="42" count="0" type="stmt"/>
        <line num="51" count="2" type="stmt"/>
      </file>
      <file name="NavigationItem.jsx" path="/Users/pavliha/Code/partymaker-admin/src/components/NavigationItem.jsx">
        <metrics statements="4" coveredstatements="3" conditionals="0" coveredconditionals="0" methods="2" coveredmethods="0"/>
        <line num="7" count="2" type="stmt"/>
        <line num="36" count="2" type="stmt"/>
        <line num="37" count="0" type="stmt"/>
        <line num="47" count="2" type="stmt"/>
      </file>
      <file name="NumberField.jsx" path="/Users/pavliha/Code/partymaker-admin/src/components/NumberField.jsx">
        <metrics statements="4" coveredstatements="4" conditionals="0" coveredconditionals="0" methods="2" coveredmethods="2"/>
        <line num="6" count="2" type="stmt"/>
        <line num="7" count="20" type="stmt"/>
        <line num="16" count="2" type="stmt"/>
        <line num="19" count="2" type="stmt"/>
      </file>
      <file name="PhotoListItem.jsx" path="/Users/pavliha/Code/partymaker-admin/src/components/PhotoListItem.jsx">
        <metrics statements="5" coveredstatements="3" conditionals="0" coveredconditionals="0" methods="2" coveredmethods="0"/>
        <line num="8" count="2" type="stmt"/>
        <line num="54" count="2" type="stmt"/>
        <line num="55" count="0" type="stmt"/>
        <line num="59" count="0" type="stmt"/>
        <line num="66" count="2" type="stmt"/>
      </file>
      <file name="PhotosField.jsx" path="/Users/pavliha/Code/partymaker-admin/src/components/PhotosField.jsx">
        <metrics statements="21" coveredstatements="3" conditionals="0" coveredconditionals="0" methods="8" coveredmethods="0"/>
        <line num="11" count="2" type="stmt"/>
        <line num="21" count="0" type="stmt"/>
        <line num="26" count="0" type="stmt"/>
        <line num="27" count="0" type="stmt"/>
        <line num="29" count="0" type="stmt"/>
        <line num="30" count="0" type="stmt"/>
        <line num="31" count="0" type="stmt"/>
        <line num="32" count="0" type="stmt"/>
        <line num="35" count="0" type="stmt"/>
        <line num="36" count="0" type="stmt"/>
        <line num="37" count="0" type="stmt"/>
        <line num="38" count="0" type="stmt"/>
        <line num="41" count="0" type="stmt"/>
        <line num="42" count="0" type="stmt"/>
        <line num="43" count="0" type="stmt"/>
        <line num="44" count="0" type="stmt"/>
        <line num="45" count="0" type="stmt"/>
        <line num="49" count="0" type="stmt"/>
        <line num="51" count="0" type="stmt"/>
        <line num="82" count="2" type="stmt"/>
        <line num="93" count="2" type="stmt"/>
      </file>
      <file name="PhotosForm.jsx" path="/Users/pavliha/Code/partymaker-admin/src/components/PhotosForm.jsx">
        <metrics statements="11" coveredstatements="3" conditionals="0" coveredconditionals="0" methods="5" coveredmethods="0"/>
        <line num="6" count="2" type="stmt"/>
        <line num="24" count="0" type="stmt"/>
        <line num="25" count="0" type="stmt"/>
        <line num="26" count="0" type="stmt"/>
        <line num="27" count="0" type="stmt"/>
        <line num="28" count="0" type="stmt"/>
        <line num="32" count="0" type="stmt"/>
        <line num="33" count="0" type="stmt"/>
        <line num="45" count="0" type="stmt"/>
        <line num="53" count="2" type="stmt"/>
        <line num="60" count="2" type="stmt"/>
      </file>
      <file name="PhotosList.jsx" path="/Users/pavliha/Code/partymaker-admin/src/components/PhotosList.jsx">
        <metrics statements="5" coveredstatements="3" conditionals="0" coveredconditionals="0" methods="2" coveredmethods="0"/>
        <line num="9" count="2" type="stmt"/>
        <line num="16" count="2" type="stmt"/>
        <line num="17" count="0" type="stmt"/>
        <line num="19" count="0" type="stmt"/>
        <line num="28" count="2" type="stmt"/>
      </file>
      <file name="PlaceForm.jsx" path="/Users/pavliha/Code/partymaker-admin/src/components/PlaceForm.jsx">
        <metrics statements="6" coveredstatements="5" conditionals="46" coveredconditionals="0" methods="2" coveredmethods="0"/>
        <line num="22" count="2" type="stmt"/>
        <line num="56" count="2" type="stmt"/>
        <line num="57" count="0" type="stmt"/>
        <line num="257" count="2" type="stmt"/>
        <line num="266" count="2" type="stmt"/>
        <line num="295" count="2" type="stmt"/>
      </file>
      <file name="PlaceListItem.jsx" path="/Users/pavliha/Code/partymaker-admin/src/components/PlaceListItem.jsx">
        <metrics statements="9" coveredstatements="4" conditionals="2" coveredconditionals="0" methods="4" coveredmethods="0"/>
        <line num="13" count="2" type="stmt"/>
        <line num="110" count="2" type="stmt"/>
        <line num="111" count="0" type="stmt"/>
        <line num="112" count="0" type="stmt"/>
        <line num="113" count="0" type="stmt"/>
        <line num="115" count="0" type="stmt"/>
        <line num="120" count="0" type="stmt"/>
        <line num="142" count="2" type="stmt"/>
        <line num="149" count="2" type="stmt"/>
      </file>
      <file name="PlaceListItemHandle.jsx" path="/Users/pavliha/Code/partymaker-admin/src/components/PlaceListItemHandle.jsx">
        <metrics statements="3" coveredstatements="2" conditionals="0" coveredconditionals="0" methods="1" coveredmethods="0"/>
        <line num="6" count="2" type="stmt"/>
        <line num="7" count="0" type="stmt"/>
        <line num="9" count="2" type="stmt"/>
      </file>
      <file name="PlaceLoader.jsx" path="/Users/pavliha/Code/partymaker-admin/src/components/PlaceLoader.jsx">
        <metrics statements="4" coveredstatements="3" conditionals="0" coveredconditionals="0" methods="2" coveredmethods="0"/>
        <line num="6" count="2" type="stmt"/>
        <line num="7" count="0" type="stmt"/>
        <line num="11" count="2" type="stmt"/>
        <line num="17" count="2" type="stmt"/>
      </file>
      <file name="PlacesList.jsx" path="/Users/pavliha/Code/partymaker-admin/src/components/PlacesList.jsx">
        <metrics statements="8" coveredstatements="4" conditionals="0" coveredconditionals="0" methods="5" coveredmethods="0"/>
        <line num="10" count="2" type="stmt"/>
        <line num="14" count="2" type="stmt"/>
        <line num="15" count="0" type="stmt"/>
        <line num="17" count="0" type="stmt"/>
        <line num="20" count="0" type="stmt"/>
        <line num="36" count="2" type="stmt"/>
        <line num="43" count="2" type="stmt"/>
        <line num="44" count="0" type="stmt"/>
      </file>
      <file name="ServerMessage.jsx" path="/Users/pavliha/Code/partymaker-admin/src/components/ServerMessage.jsx">
        <metrics statements="5" coveredstatements="3" conditionals="3" coveredconditionals="0" methods="1" coveredmethods="0"/>
        <line num="6" count="2" type="stmt"/>
        <line num="10" count="2" type="stmt"/>
        <line num="11" count="0" type="cond" truecount="0" falsecount="3"/>
        <line num="13" count="0" type="stmt"/>
        <line num="20" count="2" type="stmt"/>
      </file>
      <file name="Thumbnail.jsx" path="/Users/pavliha/Code/partymaker-admin/src/components/Thumbnail.jsx">
        <metrics statements="5" coveredstatements="4" conditionals="2" coveredconditionals="0" methods="2" coveredmethods="0"/>
        <line num="6" count="2" type="stmt"/>
        <line num="15" count="2" type="stmt"/>
        <line num="16" count="0" type="stmt"/>
        <line num="22" count="2" type="stmt"/>
        <line num="29" count="2" type="stmt"/>
      </file>
      <file name="UploadFieldAdornment.jsx" path="/Users/pavliha/Code/partymaker-admin/src/components/UploadFieldAdornment.jsx">
        <metrics statements="12" coveredstatements="10" conditionals="8" coveredconditionals="6" methods="1" coveredmethods="1"/>
        <line num="9" count="3" type="stmt"/>
        <line num="18" count="3" type="stmt"/>
        <line num="20" count="15" type="cond" truecount="1" falsecount="1"/>
        <line num="21" count="0" type="stmt"/>
        <line num="24" count="15" type="cond" truecount="1" falsecount="1"/>
        <line num="25" count="0" type="stmt"/>
        <line num="28" count="15" type="cond" truecount="2" falsecount="0"/>
        <line num="29" count="3" type="stmt"/>
        <line num="32" count="12" type="cond" truecount="2" falsecount="0"/>
        <line num="33" count="1" type="stmt"/>
        <line num="36" count="11" type="stmt"/>
        <line num="39" count="3" type="stmt"/>
      </file>
      <file name="index.js" path="/Users/pavliha/Code/partymaker-admin/src/components/index.js">
        <metrics statements="0" coveredstatements="0" conditionals="0" coveredconditionals="0" methods="0" coveredmethods="0"/>
      </file>
    </package>
    <package name="components.Account">
      <metrics statements="12" coveredstatements="7" conditionals="4" coveredconditionals="3" methods="6" coveredmethods="2"/>
      <file name="Account.jsx" path="/Users/pavliha/Code/partymaker-admin/src/components/Account/Account.jsx">
        <metrics statements="12" coveredstatements="7" conditionals="4" coveredconditionals="3" methods="6" coveredmethods="2"/>
        <line num="9" count="3" type="stmt"/>
        <line num="30" count="3" type="stmt"/>
        <line num="31" count="2" type="stmt"/>
        <line num="33" count="2" type="cond" truecount="2" falsecount="0"/>
        <line num="35" count="1" type="stmt"/>
        <line num="41" count="0" type="stmt"/>
        <line num="47" count="0" type="stmt"/>
        <line num="55" count="0" type="stmt"/>
        <line num="58" count="0" type="stmt"/>
        <line num="59" count="0" type="stmt"/>
        <line num="66" count="3" type="stmt"/>
        <line num="75" count="3" type="stmt"/>
      </file>
      <file name="index.js" path="/Users/pavliha/Code/partymaker-admin/src/components/Account/index.js">
        <metrics statements="0" coveredstatements="0" conditionals="0" coveredconditionals="0" methods="0" coveredmethods="0"/>
      </file>
    </package>
    <package name="components.AdditionalServicesField">
      <metrics statements="37" coveredstatements="16" conditionals="0" coveredconditionals="0" methods="16" coveredmethods="8"/>
      <file name="AdditionalServicesField.jsx" path="/Users/pavliha/Code/partymaker-admin/src/components/AdditionalServicesField/AdditionalServicesField.jsx">
        <metrics statements="37" coveredstatements="16" conditionals="0" coveredconditionals="0" methods="16" coveredmethods="8"/>
        <line num="11" count="2" type="stmt"/>
        <line num="52" count="1" type="stmt"/>
        <line num="58" count="1" type="stmt"/>
        <line num="59" count="0" type="stmt"/>
        <line num="62" count="1" type="stmt"/>
        <line num="63" count="0" type="stmt"/>
        <line num="66" count="1" type="stmt"/>
        <line num="67" count="0" type="stmt"/>
        <line num="70" count="2" type="stmt"/>
        <line num="71" count="0" type="stmt"/>
        <line num="72" count="0" type="stmt"/>
        <line num="73" count="0" type="stmt"/>
        <line num="76" count="2" type="stmt"/>
        <line num="77" count="0" type="stmt"/>
        <line num="78" count="0" type="stmt"/>
        <line num="79" count="0" type="stmt"/>
        <line num="82" count="2" type="stmt"/>
        <line num="83" count="0" type="stmt"/>
        <line num="84" count="0" type="stmt"/>
        <line num="85" count="0" type="stmt"/>
        <line num="88" count="1" type="stmt"/>
        <line num="89" count="0" type="stmt"/>
        <line num="90" count="0" type="stmt"/>
        <line num="91" count="0" type="stmt"/>
        <line num="92" count="0" type="stmt"/>
        <line num="93" count="0" type="stmt"/>
        <line num="96" count="2" type="stmt"/>
        <line num="97" count="0" type="stmt"/>
        <line num="98" count="0" type="stmt"/>
        <line num="99" count="0" type="stmt"/>
        <line num="100" count="0" type="stmt"/>
        <line num="104" count="1" type="stmt"/>
        <line num="105" count="1" type="stmt"/>
        <line num="107" count="1" type="stmt"/>
        <line num="118" count="2" type="stmt"/>
        <line num="205" count="2" type="stmt"/>
        <line num="222" count="2" type="stmt"/>
      </file>
      <file name="index.js" path="/Users/pavliha/Code/partymaker-admin/src/components/AdditionalServicesField/index.js">
        <metrics statements="0" coveredstatements="0" conditionals="0" coveredconditionals="0" methods="0" coveredmethods="0"/>
      </file>
    </package>
    <package name="components.AuthCard">
      <metrics statements="5" coveredstatements="5" conditionals="0" coveredconditionals="0" methods="1" coveredmethods="1"/>
      <file name="AuthCard.jsx" path="/Users/pavliha/Code/partymaker-admin/src/components/AuthCard/AuthCard.jsx">
        <metrics statements="5" coveredstatements="5" conditionals="0" coveredconditionals="0" methods="1" coveredmethods="1"/>
        <line num="6" count="3" type="stmt"/>
        <line num="19" count="3" type="stmt"/>
        <line num="20" count="2" type="stmt"/>
        <line num="25" count="3" type="stmt"/>
        <line num="31" count="3" type="stmt"/>
      </file>
    </package>
    <package name="components.AuthGate">
      <metrics statements="5" coveredstatements="5" conditionals="2" coveredconditionals="2" methods="2" coveredmethods="2"/>
      <file name="AuthGate.jsx" path="/Users/pavliha/Code/partymaker-admin/src/components/AuthGate/AuthGate.jsx">
        <metrics statements="5" coveredstatements="5" conditionals="2" coveredconditionals="2" methods="2" coveredmethods="2"/>
        <line num="7" count="3" type="stmt"/>
        <line num="9" count="2" type="cond" truecount="2" falsecount="0"/>
        <line num="11" count="1" type="stmt"/>
        <line num="14" count="3" type="stmt"/>
        <line num="22" count="3" type="stmt"/>
      </file>
    </package>
    <package name="components.CloseButton">
      <metrics statements="4" coveredstatements="4" conditionals="0" coveredconditionals="0" methods="1" coveredmethods="1"/>
      <file name="CloseButton.jsx" path="/Users/pavliha/Code/partymaker-admin/src/components/CloseButton/CloseButton.jsx">
        <metrics statements="4" coveredstatements="4" conditionals="0" coveredconditionals="0" methods="1" coveredmethods="1"/>
        <line num="6" count="1" type="stmt"/>
        <line num="14" count="1" type="stmt"/>
        <line num="15" count="2" type="stmt"/>
        <line num="21" count="1" type="stmt"/>
      </file>
    </package>
    <package name="components.DeleteDialog">
      <metrics statements="18" coveredstatements="17" conditionals="10" coveredconditionals="8" methods="3" coveredmethods="3"/>
      <file name="DeleteDialog.jsx" path="/Users/pavliha/Code/partymaker-admin/src/components/DeleteDialog/DeleteDialog.jsx">
        <metrics statements="18" coveredstatements="17" conditionals="10" coveredconditionals="8" methods="3" coveredmethods="3"/>
        <line num="7" count="3" type="stmt"/>
        <line num="12" count="3" type="stmt"/>
        <line num="13" count="2" type="stmt"/>
        <line num="14" count="2" type="stmt"/>
        <line num="15" count="2" type="stmt"/>
        <line num="18" count="3" type="stmt"/>
        <line num="19" count="1" type="stmt"/>
        <line num="20" count="1" type="stmt"/>
        <line num="21" count="1" type="stmt"/>
        <line num="22" count="1" type="stmt"/>
        <line num="23" count="1" type="stmt"/>
        <line num="25" count="0" type="stmt"/>
        <line num="27" count="1" type="stmt"/>
        <line num="32" count="7" type="stmt"/>
        <line num="33" count="7" type="stmt"/>
        <line num="34" count="7" type="cond" truecount="1" falsecount="1"/>
        <line num="36" count="7" type="stmt"/>
        <line num="66" count="3" type="stmt"/>
      </file>
      <file name="index.js" path="/Users/pavliha/Code/partymaker-admin/src/components/DeleteDialog/index.js">
        <metrics statements="0" coveredstatements="0" conditionals="0" coveredconditionals="0" methods="0" coveredmethods="0"/>
      </file>
    </package>
    <package name="components.DropdownField">
      <metrics statements="5" coveredstatements="4" conditionals="4" coveredconditionals="3" methods="3" coveredmethods="2"/>
      <file name="DropdownField.jsx" path="/Users/pavliha/Code/partymaker-admin/src/components/DropdownField/DropdownField.jsx">
        <metrics statements="5" coveredstatements="4" conditionals="4" coveredconditionals="3" methods="3" coveredmethods="2"/>
        <line num="5" count="3" type="stmt"/>
        <line num="16" count="1" type="stmt"/>
        <line num="21" count="0" type="stmt"/>
        <line num="25" count="3" type="stmt"/>
        <line num="33" count="3" type="stmt"/>
      </file>
      <file name="index.js" path="/Users/pavliha/Code/partymaker-admin/src/components/DropdownField/index.js">
        <metrics statements="0" coveredstatements="0" conditionals="0" coveredconditionals="0" methods="0" coveredmethods="0"/>
      </file>
    </package>
    <package name="components.EditorFIeld">
      <metrics statements="6" coveredstatements="5" conditionals="2" coveredconditionals="2" methods="3" coveredmethods="2"/>
      <file name="EditorField.jsx" path="/Users/pavliha/Code/partymaker-admin/src/components/EditorFIeld/EditorField.jsx">
        <metrics statements="6" coveredstatements="5" conditionals="2" coveredconditionals="2" methods="3" coveredmethods="2"/>
        <line num="7" count="3" type="stmt"/>
        <line num="28" count="3" type="stmt"/>
        <line num="29" count="1" type="stmt"/>
        <line num="33" count="0" type="stmt"/>
        <line num="38" count="3" type="stmt"/>
        <line num="48" count="3" type="stmt"/>
      </file>
      <file name="index.js" path="/Users/pavliha/Code/partymaker-admin/src/components/EditorFIeld/index.js">
        <metrics statements="0" coveredstatements="0" conditionals="0" coveredconditionals="0" methods="0" coveredmethods="0"/>
      </file>
    </package>
    <package name="components.PricesField">
      <metrics statements="34" coveredstatements="34" conditionals="0" coveredconditionals="0" methods="14" coveredmethods="14"/>
      <file name="PricesField.jsx" path="/Users/pavliha/Code/partymaker-admin/src/components/PricesField/PricesField.jsx">
        <metrics statements="27" coveredstatements="27" conditionals="0" coveredconditionals="0" methods="10" coveredmethods="10"/>
        <line num="11" count="2" type="stmt"/>
        <line num="34" count="7" type="stmt"/>
        <line num="39" count="7" type="stmt"/>
        <line num="40" count="1" type="stmt"/>
        <line num="42" count="7" type="stmt"/>
        <line num="43" count="2" type="stmt"/>
        <line num="45" count="7" type="stmt"/>
        <line num="46" count="1" type="stmt"/>
        <line num="47" count="1" type="stmt"/>
        <line num="48" count="1" type="stmt"/>
        <line num="49" count="1" type="stmt"/>
        <line num="50" count="1" type="stmt"/>
        <line num="53" count="7" type="stmt"/>
        <line num="54" count="1" type="stmt"/>
        <line num="55" count="1" type="stmt"/>
        <line num="56" count="1" type="stmt"/>
        <line num="59" count="7" type="stmt"/>
        <line num="60" count="2" type="stmt"/>
        <line num="61" count="2" type="stmt"/>
        <line num="62" count="2" type="stmt"/>
        <line num="63" count="2" type="stmt"/>
        <line num="67" count="11" type="stmt"/>
        <line num="68" count="11" type="stmt"/>
        <line num="70" count="11" type="stmt"/>
        <line num="82" count="6" type="stmt"/>
        <line num="129" count="2" type="stmt"/>
        <line num="144" count="7" type="stmt"/>
      </file>
      <file name="PricesFieldRow.jsx" path="/Users/pavliha/Code/partymaker-admin/src/components/PricesField/PricesFieldRow.jsx">
        <metrics statements="7" coveredstatements="7" conditionals="0" coveredconditionals="0" methods="4" coveredmethods="4"/>
        <line num="7" count="2" type="stmt"/>
        <line num="13" count="2" type="stmt"/>
        <line num="14" count="6" type="stmt"/>
        <line num="22" count="1" type="stmt"/>
        <line num="32" count="1" type="stmt"/>
        <line num="40" count="1" type="stmt"/>
        <line num="47" count="2" type="stmt"/>
      </file>
      <file name="index.js" path="/Users/pavliha/Code/partymaker-admin/src/components/PricesField/index.js">
        <metrics statements="0" coveredstatements="0" conditionals="0" coveredconditionals="0" methods="0" coveredmethods="0"/>
      </file>
    </package>
    <package name="components.UploadField">
      <metrics statements="48" coveredstatements="42" conditionals="10" coveredconditionals="4" methods="15" coveredmethods="14"/>
      <file name="UploadField.jsx" path="/Users/pavliha/Code/partymaker-admin/src/components/UploadField/UploadField.jsx">
        <metrics statements="48" coveredstatements="42" conditionals="10" coveredconditionals="4" methods="15" coveredmethods="14"/>
        <line num="9" count="3" type="stmt"/>
        <line num="28" count="9" type="stmt"/>
        <line num="30" count="9" type="stmt"/>
        <line num="35" count="9" type="stmt"/>
        <line num="36" count="1" type="stmt"/>
        <line num="38" count="9" type="stmt"/>
        <line num="39" count="1" type="stmt"/>
        <line num="40" count="1" type="stmt"/>
        <line num="43" count="9" type="stmt"/>
        <line num="44" count="1" type="stmt"/>
        <line num="45" count="1" type="cond" truecount="1" falsecount="1"/>
        <line num="48" count="9" type="stmt"/>
        <line num="49" count="1" type="stmt"/>
        <line num="51" count="9" type="stmt"/>
        <line num="52" count="1" type="stmt"/>
        <line num="53" count="1" type="cond" truecount="1" falsecount="1"/>
        <line num="54" count="0" type="stmt"/>
        <line num="55" count="0" type="cond" truecount="0" falsecount="2"/>
        <line num="58" count="9" type="stmt"/>
        <line num="59" count="1" type="stmt"/>
        <line num="61" count="9" type="stmt"/>
        <line num="62" count="0" type="cond" truecount="0" falsecount="2"/>
        <line num="64" count="9" type="stmt"/>
        <line num="65" count="2" type="stmt"/>
        <line num="66" count="2" type="stmt"/>
        <line num="69" count="9" type="stmt"/>
        <line num="70" count="2" type="stmt"/>
        <line num="71" count="2" type="stmt"/>
        <line num="75" count="2" type="stmt"/>
        <line num="78" count="9" type="stmt"/>
        <line num="79" count="4" type="stmt"/>
        <line num="80" count="4" type="stmt"/>
        <line num="81" count="4" type="stmt"/>
        <line num="82" count="4" type="stmt"/>
        <line num="83" count="4" type="stmt"/>
        <line num="85" count="0" type="stmt"/>
        <line num="89" count="9" type="stmt"/>
        <line num="90" count="1" type="stmt"/>
        <line num="91" count="1" type="stmt"/>
        <line num="92" count="1" type="stmt"/>
        <line num="93" count="1" type="stmt"/>
        <line num="94" count="1" type="stmt"/>
        <line num="96" count="0" type="stmt"/>
        <line num="97" count="0" type="stmt"/>
        <line num="102" count="15" type="stmt"/>
        <line num="103" count="15" type="stmt"/>
        <line num="105" count="15" type="stmt"/>
        <line num="145" count="3" type="stmt"/>
      </file>
      <file name="index.js" path="/Users/pavliha/Code/partymaker-admin/src/components/UploadField/index.js">
        <metrics statements="0" coveredstatements="0" conditionals="0" coveredconditionals="0" methods="0" coveredmethods="0"/>
      </file>
    </package>
    <package name="config">
      <metrics statements="0" coveredstatements="0" conditionals="0" coveredconditionals="0" methods="0" coveredmethods="0"/>
      <file name="index.js" path="/Users/pavliha/Code/partymaker-admin/src/config/index.js">
        <metrics statements="0" coveredstatements="0" conditionals="0" coveredconditionals="0" methods="0" coveredmethods="0"/>
      </file>
      <file name="theme.js" path="/Users/pavliha/Code/partymaker-admin/src/config/theme.js">
        <metrics statements="0" coveredstatements="0" conditionals="0" coveredconditionals="0" methods="0" coveredmethods="0"/>
      </file>
    </package>
    <package name="redux">
      <metrics statements="12" coveredstatements="8" conditionals="2" coveredconditionals="1" methods="4" coveredmethods="1"/>
      <file name="action.js" path="/Users/pavliha/Code/partymaker-admin/src/redux/action.js">
        <metrics statements="1" coveredstatements="1" conditionals="0" coveredconditionals="0" methods="1" coveredmethods="0"/>
        <line num="6" count="4" type="stmt"/>
      </file>
      <file name="constants.js" path="/Users/pavliha/Code/partymaker-admin/src/redux/constants.js">
        <metrics statements="1" coveredstatements="1" conditionals="0" coveredconditionals="0" methods="0" coveredmethods="0"/>
        <line num="1" count="4" type="stmt"/>
      </file>
      <file name="index.js" path="/Users/pavliha/Code/partymaker-admin/src/redux/index.js">
        <metrics statements="8" coveredstatements="5" conditionals="2" coveredconditionals="1" methods="1" coveredmethods="0"/>
        <line num="12" count="4" type="stmt"/>
        <line num="14" count="4" type="stmt"/>
        <line num="16" count="4" type="stmt"/>
        <line num="24" count="4" type="stmt"/>
        <line num="26" count="4" type="cond" truecount="1" falsecount="1"/>
        <line num="27" count="0" type="stmt"/>
        <line num="28" count="0" type="stmt"/>
        <line num="29" count="0" type="stmt"/>
      </file>
      <file name="reducer.js" path="/Users/pavliha/Code/partymaker-admin/src/redux/reducer.js">
        <metrics statements="0" coveredstatements="0" conditionals="0" coveredconditionals="0" methods="0" coveredmethods="0"/>
      </file>
      <file name="saga.js" path="/Users/pavliha/Code/partymaker-admin/src/redux/saga.js">
        <metrics statements="2" coveredstatements="1" conditionals="0" coveredconditionals="0" methods="2" coveredmethods="1"/>
        <line num="7" count="0" type="stmt"/>
        <line num="11" count="4" type="stmt"/>
      </file>
      <file name="select.js" path="/Users/pavliha/Code/partymaker-admin/src/redux/select.js">
        <metrics statements="0" coveredstatements="0" conditionals="0" coveredconditionals="0" methods="0" coveredmethods="0"/>
      </file>
    </package>
    <package name="redux.auth">
      <metrics statements="21" coveredstatements="15" conditionals="8" coveredconditionals="4" methods="10" coveredmethods="5"/>
      <file name="action.js" path="/Users/pavliha/Code/partymaker-admin/src/redux/auth/action.js">
        <metrics statements="4" coveredstatements="4" conditionals="0" coveredconditionals="0" methods="4" coveredmethods="0"/>
        <line num="4" count="4" type="stmt"/>
        <line num="9" count="4" type="stmt"/>
        <line num="14" count="4" type="stmt"/>
        <line num="19" count="4" type="stmt"/>
      </file>
      <file name="reducer.js" path="/Users/pavliha/Code/partymaker-admin/src/redux/auth/reducer.js">
        <metrics statements="7" coveredstatements="4" conditionals="6" coveredconditionals="2" methods="1" coveredmethods="1"/>
        <line num="5" count="4" type="stmt"/>
        <line num="12" count="4" type="cond" truecount="1" falsecount="0"/>
        <line num="13" count="12" type="cond" truecount="1" falsecount="4"/>
        <line num="17" count="0" type="stmt"/>
        <line num="24" count="0" type="stmt"/>
        <line num="31" count="0" type="stmt"/>
        <line num="37" count="12" type="stmt"/>
      </file>
      <file name="saga.js" path="/Users/pavliha/Code/partymaker-admin/src/redux/auth/saga.js">
        <metrics statements="4" coveredstatements="1" conditionals="0" coveredconditionals="0" methods="2" coveredmethods="1"/>
        <line num="8" count="0" type="stmt"/>
        <line num="9" count="0" type="stmt"/>
        <line num="10" count="0" type="stmt"/>
        <line num="14" count="4" type="stmt"/>
      </file>
      <file name="select.js" path="/Users/pavliha/Code/partymaker-admin/src/redux/auth/select.js">
        <metrics statements="6" coveredstatements="6" conditionals="2" coveredconditionals="2" methods="3" coveredmethods="3"/>
        <line num="3" count="4" type="stmt"/>
        <line num="4" count="4" type="stmt"/>
        <line num="5" count="4" type="stmt"/>
        <line num="8" count="4" type="stmt"/>
        <line num="9" count="4" type="cond" truecount="2" falsecount="0"/>
        <line num="10" count="2" type="stmt"/>
      </file>
    </package>
    <package name="redux.entertainments">
      <metrics statements="19" coveredstatements="10" conditionals="5" coveredconditionals="2" methods="13" coveredmethods="1"/>
      <file name="action.js" path="/Users/pavliha/Code/partymaker-admin/src/redux/entertainments/action.js">
        <metrics statements="6" coveredstatements="6" conditionals="0" coveredconditionals="0" methods="6" coveredmethods="0"/>
        <line num="4" count="4" type="stmt"/>
        <line num="9" count="4" type="stmt"/>
        <line num="14" count="4" type="stmt"/>
        <line num="19" count="4" type="stmt"/>
        <line num="24" count="4" type="stmt"/>
        <line num="30" count="4" type="stmt"/>
      </file>
      <file name="reducer.js" path="/Users/pavliha/Code/partymaker-admin/src/redux/entertainments/reducer.js">
        <metrics statements="6" coveredstatements="3" conditionals="5" coveredconditionals="2" methods="1" coveredmethods="1"/>
        <line num="6" count="4" type="cond" truecount="1" falsecount="0"/>
        <line num="7" count="20" type="cond" truecount="1" falsecount="3"/>
        <line num="10" count="0" type="stmt"/>
        <line num="16" count="0" type="stmt"/>
        <line num="19" count="0" type="stmt"/>
        <line num="22" count="20" type="stmt"/>
      </file>
      <file name="select.js" path="/Users/pavliha/Code/partymaker-admin/src/redux/entertainments/select.js">
        <metrics statements="7" coveredstatements="1" conditionals="0" coveredconditionals="0" methods="6" coveredmethods="0"/>
        <line num="4" count="4" type="stmt"/>
        <line num="5" count="0" type="stmt"/>
        <line num="6" count="0" type="stmt"/>
        <line num="9" count="0" type="stmt"/>
        <line num="10" count="0" type="stmt"/>
        <line num="12" count="0" type="stmt"/>
        <line num="14" count="0" type="stmt"/>
      </file>
    </package>
    <package name="redux.places">
      <metrics statements="34" coveredstatements="11" conditionals="7" coveredconditionals="2" methods="27" coveredmethods="1"/>
      <file name="action.js" path="/Users/pavliha/Code/partymaker-admin/src/redux/places/action.js">
        <metrics statements="6" coveredstatements="6" conditionals="0" coveredconditionals="0" methods="6" coveredmethods="0"/>
        <line num="7" count="4" type="stmt"/>
        <line num="12" count="4" type="stmt"/>
        <line num="17" count="4" type="stmt"/>
        <line num="22" count="4" type="stmt"/>
        <line num="27" count="4" type="stmt"/>
        <line num="33" count="4" type="stmt"/>
      </file>
      <file name="reducer.js" path="/Users/pavliha/Code/partymaker-admin/src/redux/places/reducer.js">
        <metrics statements="6" coveredstatements="3" conditionals="5" coveredconditionals="2" methods="1" coveredmethods="1"/>
        <line num="11" count="4" type="cond" truecount="1" falsecount="0"/>
        <line num="12" count="20" type="cond" truecount="1" falsecount="3"/>
        <line num="15" count="0" type="stmt"/>
        <line num="21" count="0" type="stmt"/>
        <line num="24" count="0" type="stmt"/>
        <line num="31" count="20" type="stmt"/>
      </file>
      <file name="select.js" path="/Users/pavliha/Code/partymaker-admin/src/redux/places/select.js">
        <metrics statements="22" coveredstatements="2" conditionals="2" coveredconditionals="0" methods="20" coveredmethods="0"/>
        <line num="4" count="4" type="stmt"/>
        <line num="5" count="0" type="stmt"/>
        <line num="6" count="0" type="stmt"/>
        <line num="7" count="0" type="stmt"/>
        <line num="10" count="0" type="stmt"/>
        <line num="13" count="0" type="stmt"/>
        <line num="18" count="4" type="stmt"/>
        <line num="19" count="0" type="stmt"/>
        <line num="20" count="0" type="stmt"/>
        <line num="21" count="0" type="stmt"/>
        <line num="22" count="0" type="stmt"/>
        <line num="23" count="0" type="stmt"/>
        <line num="24" count="0" type="stmt"/>
        <line num="25" count="0" type="stmt"/>
        <line num="36" count="0" type="stmt"/>
        <line num="38" count="0" type="cond" truecount="0" falsecount="2"/>
        <line num="40" count="0" type="stmt"/>
        <line num="43" count="0" type="stmt"/>
        <line num="44" count="0" type="stmt"/>
        <line num="45" count="0" type="stmt"/>
        <line num="46" count="0" type="stmt"/>
        <line num="47" count="0" type="stmt"/>
      </file>
    </package>
    <package name="redux.places.additional_services">
      <metrics statements="6" coveredstatements="4" conditionals="4" coveredconditionals="2" methods="2" coveredmethods="1"/>
      <file name="action.js" path="/Users/pavliha/Code/partymaker-admin/src/redux/places/additional_services/action.js">
        <metrics statements="1" coveredstatements="1" conditionals="0" coveredconditionals="0" methods="1" coveredmethods="0"/>
        <line num="3" count="4" type="stmt"/>
      </file>
      <file name="reducer.js" path="/Users/pavliha/Code/partymaker-admin/src/redux/places/additional_services/reducer.js">
        <metrics statements="5" coveredstatements="3" conditionals="4" coveredconditionals="2" methods="1" coveredmethods="1"/>
        <line num="6" count="4" type="cond" truecount="1" falsecount="0"/>
        <line num="7" count="28" type="cond" truecount="1" falsecount="2"/>
        <line num="10" count="0" type="stmt"/>
        <line num="16" count="0" type="stmt"/>
        <line num="19" count="28" type="stmt"/>
      </file>
    </package>
    <package name="redux.places.contacts">
      <metrics statements="4" coveredstatements="3" conditionals="3" coveredconditionals="2" methods="1" coveredmethods="1"/>
      <file name="reducer.js" path="/Users/pavliha/Code/partymaker-admin/src/redux/places/contacts/reducer.js">
        <metrics statements="4" coveredstatements="3" conditionals="3" coveredconditionals="2" methods="1" coveredmethods="1"/>
        <line num="5" count="4" type="cond" truecount="1" falsecount="0"/>
        <line num="6" count="28" type="cond" truecount="1" falsecount="1"/>
        <line num="9" count="0" type="stmt"/>
        <line num="15" count="28" type="stmt"/>
      </file>
    </package>
    <package name="redux.places.photos">
      <metrics statements="11" coveredstatements="5" conditionals="4" coveredconditionals="2" methods="4" coveredmethods="1"/>
      <file name="action.js" path="/Users/pavliha/Code/partymaker-admin/src/redux/places/photos/action.js">
        <metrics statements="1" coveredstatements="1" conditionals="0" coveredconditionals="0" methods="1" coveredmethods="0"/>
        <line num="3" count="4" type="stmt"/>
      </file>
      <file name="reducer.js" path="/Users/pavliha/Code/partymaker-admin/src/redux/places/photos/reducer.js">
        <metrics statements="7" coveredstatements="3" conditionals="4" coveredconditionals="2" methods="1" coveredmethods="1"/>
        <line num="5" count="4" type="cond" truecount="1" falsecount="0"/>
        <line num="6" count="28" type="cond" truecount="1" falsecount="2"/>
        <line num="9" count="0" type="stmt"/>
        <line num="15" count="0" type="stmt"/>
        <line num="16" count="0" type="stmt"/>
        <line num="17" count="0" type="stmt"/>
        <line num="21" count="28" type="stmt"/>
      </file>
      <file name="select.js" path="/Users/pavliha/Code/partymaker-admin/src/redux/places/photos/select.js">
        <metrics statements="3" coveredstatements="1" conditionals="0" coveredconditionals="0" methods="2" coveredmethods="0"/>
        <line num="4" count="4" type="stmt"/>
        <line num="5" count="0" type="stmt"/>
        <line num="8" count="0" type="stmt"/>
      </file>
    </package>
    <package name="redux.places.prices">
      <metrics statements="6" coveredstatements="4" conditionals="4" coveredconditionals="2" methods="2" coveredmethods="2"/>
      <file name="action.js" path="/Users/pavliha/Code/partymaker-admin/src/redux/places/prices/action.js">
        <metrics statements="1" coveredstatements="1" conditionals="0" coveredconditionals="0" methods="1" coveredmethods="1"/>
        <line num="3" count="4" type="stmt"/>
      </file>
      <file name="reducer.js" path="/Users/pavliha/Code/partymaker-admin/src/redux/places/prices/reducer.js">
        <metrics statements="5" coveredstatements="3" conditionals="4" coveredconditionals="2" methods="1" coveredmethods="1"/>
        <line num="6" count="4" type="cond" truecount="1" falsecount="0"/>
        <line num="7" count="28" type="cond" truecount="1" falsecount="2"/>
        <line num="10" count="0" type="stmt"/>
        <line num="16" count="0" type="stmt"/>
        <line num="19" count="28" type="stmt"/>
      </file>
    </package>
    <package name="redux.places.requirements">
      <metrics statements="4" coveredstatements="3" conditionals="3" coveredconditionals="2" methods="1" coveredmethods="1"/>
      <file name="reducer.js" path="/Users/pavliha/Code/partymaker-admin/src/redux/places/requirements/reducer.js">
        <metrics statements="4" coveredstatements="3" conditionals="3" coveredconditionals="2" methods="1" coveredmethods="1"/>
        <line num="5" count="4" type="cond" truecount="1" falsecount="0"/>
        <line num="6" count="28" type="cond" truecount="1" falsecount="1"/>
        <line num="9" count="0" type="stmt"/>
        <line num="15" count="28" type="stmt"/>
      </file>
    </package>
    <package name="redux.users">
      <metrics statements="12" coveredstatements="6" conditionals="5" coveredconditionals="3" methods="6" coveredmethods="1"/>
      <file name="reducer.js" path="/Users/pavliha/Code/partymaker-admin/src/redux/users/reducer.js">
        <metrics statements="6" coveredstatements="5" conditionals="5" coveredconditionals="3" methods="1" coveredmethods="1"/>
        <line num="6" count="4" type="stmt"/>
        <line num="7" count="4" type="cond" truecount="1" falsecount="1"/>
        <line num="9" count="4" type="cond" truecount="1" falsecount="0"/>
        <line num="10" count="20" type="cond" truecount="1" falsecount="1"/>
        <line num="12" count="0" type="stmt"/>
        <line num="18" count="20" type="stmt"/>
      </file>
      <file name="select.js" path="/Users/pavliha/Code/partymaker-admin/src/redux/users/select.js">
        <metrics statements="6" coveredstatements="1" conditionals="0" coveredconditionals="0" methods="5" coveredmethods="0"/>
        <line num="3" count="4" type="stmt"/>
        <line num="4" count="0" type="stmt"/>
        <line num="5" count="0" type="stmt"/>
        <line num="7" count="0" type="stmt"/>
        <line num="8" count="0" type="stmt"/>
        <line num="10" count="0" type="stmt"/>
      </file>
    </package>
    <package name="services">
      <metrics statements="19" coveredstatements="6" conditionals="14" coveredconditionals="1" methods="7" coveredmethods="1"/>
      <file name="Http.js" path="/Users/pavliha/Code/partymaker-admin/src/services/Http.js">
        <metrics statements="11" coveredstatements="3" conditionals="10" coveredconditionals="0" methods="3" coveredmethods="0"/>
        <line num="4" count="4" type="stmt"/>
        <line num="9" count="4" type="stmt"/>
        <line num="10" count="0" type="stmt"/>
        <line num="11" count="0" type="stmt"/>
        <line num="15" count="4" type="stmt"/>
        <line num="16" count="0" type="stmt"/>
        <line num="18" count="0" type="cond" truecount="0" falsecount="2"/>
        <line num="19" count="0" type="cond" truecount="0" falsecount="2"/>
        <line num="20" count="0" type="cond" truecount="0" falsecount="2"/>
        <line num="21" count="0" type="cond" truecount="0" falsecount="2"/>
        <line num="22" count="0" type="cond" truecount="0" falsecount="2"/>
      </file>
      <file name="Storage.js" path="/Users/pavliha/Code/partymaker-admin/src/services/Storage.js">
        <metrics statements="8" coveredstatements="3" conditionals="4" coveredconditionals="1" methods="4" coveredmethods="1"/>
        <line num="4" count="12" type="cond" truecount="1" falsecount="1"/>
        <line num="6" count="12" type="stmt"/>
        <line num="10" count="0" type="cond" truecount="0" falsecount="2"/>
        <line num="12" count="0" type="stmt"/>
        <line num="14" count="0" type="stmt"/>
        <line num="15" count="0" type="stmt"/>
        <line num="20" count="0" type="stmt"/>
        <line num="25" count="4" type="stmt"/>
      </file>
    </package>
    <package name="shapes">
      <metrics statements="5" coveredstatements="5" conditionals="0" coveredconditionals="0" methods="0" coveredmethods="0"/>
      <file name="contacts.js" path="/Users/pavliha/Code/partymaker-admin/src/shapes/contacts.js">
        <metrics statements="1" coveredstatements="1" conditionals="0" coveredconditionals="0" methods="0" coveredmethods="0"/>
        <line num="3" count="4" type="stmt"/>
      </file>
      <file name="entertainment.js" path="/Users/pavliha/Code/partymaker-admin/src/shapes/entertainment.js">
        <metrics statements="1" coveredstatements="1" conditionals="0" coveredconditionals="0" methods="0" coveredmethods="0"/>
        <line num="3" count="4" type="stmt"/>
      </file>
      <file name="index.js" path="/Users/pavliha/Code/partymaker-admin/src/shapes/index.js">
        <metrics statements="0" coveredstatements="0" conditionals="0" coveredconditionals="0" methods="0" coveredmethods="0"/>
      </file>
      <file name="photo.js" path="/Users/pavliha/Code/partymaker-admin/src/shapes/photo.js">
        <metrics statements="1" coveredstatements="1" conditionals="0" coveredconditionals="0" methods="0" coveredmethods="0"/>
        <line num="3" count="4" type="stmt"/>
      </file>
      <file name="place.js" path="/Users/pavliha/Code/partymaker-admin/src/shapes/place.js">
        <metrics statements="1" coveredstatements="1" conditionals="0" coveredconditionals="0" methods="0" coveredmethods="0"/>
        <line num="4" count="4" type="stmt"/>
      </file>
      <file name="service.js" path="/Users/pavliha/Code/partymaker-admin/src/shapes/service.js">
        <metrics statements="1" coveredstatements="1" conditionals="0" coveredconditionals="0" methods="0" coveredmethods="0"/>
        <line num="3" count="4" type="stmt"/>
      </file>
    </package>
    <package name="utils">
      <metrics statements="28" coveredstatements="14" conditionals="12" coveredconditionals="1" methods="13" coveredmethods="10"/>
      <file name="connect.js" path="/Users/pavliha/Code/partymaker-admin/src/utils/connect.js">
        <metrics statements="12" coveredstatements="12" conditionals="0" coveredconditionals="0" methods="9" coveredmethods="9"/>
        <line num="4" count="22" type="stmt"/>
        <line num="7" count="22" type="stmt"/>
        <line num="8" count="12" type="stmt"/>
        <line num="9" count="14" type="stmt"/>
        <line num="11" count="12" type="stmt"/>
        <line num="14" count="22" type="stmt"/>
        <line num="15" count="14" type="stmt"/>
        <line num="17" count="12" type="stmt"/>
        <line num="18" count="10" type="stmt"/>
        <line num="22" count="22" type="stmt"/>
        <line num="23" count="12" type="stmt"/>
        <line num="32" count="22" type="stmt"/>
      </file>
      <file name="fromJWT.js" path="/Users/pavliha/Code/partymaker-admin/src/utils/fromJWT.js">
        <metrics statements="1" coveredstatements="1" conditionals="2" coveredconditionals="1" methods="1" coveredmethods="1"/>
        <line num="3" count="8" type="cond" truecount="1" falsecount="1"/>
      </file>
      <file name="index.js" path="/Users/pavliha/Code/partymaker-admin/src/utils/index.js">
        <metrics statements="0" coveredstatements="0" conditionals="0" coveredconditionals="0" methods="0" coveredmethods="0"/>
      </file>
      <file name="normalize.js" path="/Users/pavliha/Code/partymaker-admin/src/utils/normalize.js">
        <metrics statements="0" coveredstatements="0" conditionals="0" coveredconditionals="0" methods="0" coveredmethods="0"/>
      </file>
      <file name="transformValidationApi.js" path="/Users/pavliha/Code/partymaker-admin/src/utils/transformValidationApi.js">
        <metrics statements="15" coveredstatements="1" conditionals="10" coveredconditionals="0" methods="3" coveredmethods="0"/>
        <line num="1" count="5" type="stmt"/>
        <line num="2" count="0" type="stmt"/>
        <line num="4" count="0" type="cond" truecount="0" falsecount="2"/>
        <line num="5" count="0" type="stmt"/>
        <line num="6" count="0" type="stmt"/>
        <line num="8" count="0" type="cond" truecount="0" falsecount="2"/>
        <line num="9" count="0" type="stmt"/>
        <line num="10" count="0" type="stmt"/>
        <line num="13" count="0" type="cond" truecount="0" falsecount="2"/>
        <line num="15" count="0" type="stmt"/>
        <line num="16" count="0" type="stmt"/>
        <line num="18" count="0" type="cond" truecount="0" falsecount="4"/>
        <line num="19" count="0" type="stmt"/>
        <line num="21" count="0" type="stmt"/>
        <line num="23" count="0" type="stmt"/>
      </file>
    </package>
    <package name="utils.appendFileNameSuffix">
      <metrics statements="7" coveredstatements="7" conditionals="2" coveredconditionals="2" methods="1" coveredmethods="1"/>
      <file name="appendFileNameSuffix.js" path="/Users/pavliha/Code/partymaker-admin/src/utils/appendFileNameSuffix/appendFileNameSuffix.js">
        <metrics statements="7" coveredstatements="7" conditionals="2" coveredconditionals="2" methods="1" coveredmethods="1"/>
        <line num="3" count="6" type="stmt"/>
        <line num="4" count="3" type="stmt"/>
        <line num="5" count="3" type="stmt"/>
        <line num="6" count="3" type="stmt"/>
        <line num="7" count="3" type="stmt"/>
        <line num="8" count="3" type="cond" truecount="2" falsecount="0"/>
        <line num="9" count="1" type="stmt"/>
      </file>
      <file name="index.js" path="/Users/pavliha/Code/partymaker-admin/src/utils/appendFileNameSuffix/index.js">
        <metrics statements="0" coveredstatements="0" conditionals="0" coveredconditionals="0" methods="0" coveredmethods="0"/>
      </file>
    </package>
    <package name="utils.arrayToObject">
      <metrics statements="4" coveredstatements="4" conditionals="4" coveredconditionals="3" methods="2" coveredmethods="2"/>
      <file name="arrayToObject.js" path="/Users/pavliha/Code/partymaker-admin/src/utils/arrayToObject/arrayToObject.js">
        <metrics statements="4" coveredstatements="4" conditionals="4" coveredconditionals="3" methods="2" coveredmethods="2"/>
        <line num="2" count="2" type="cond" truecount="1" falsecount="1"/>
        <line num="3" count="2" type="cond" truecount="2" falsecount="0"/>
        <line num="4" count="1" type="stmt"/>
        <line num="6" count="1" type="stmt"/>
      </file>
    </package>
  </project>
</coverage>
