{"/Users/pavliha/Code/partymaker-admin/src/api/entertainment.js": {"path":"/Users/pavliha/Code/partymaker-admin/src/api/entertainment.js","statementMap":{"0":{"start":{"line":4,"column":22},"end":{"line":34,"column":1}},"1":{"start":{"line":7,"column":27},"end":{"line":7,"column":60}},"2":{"start":{"line":8,"column":4},"end":{"line":8,"column":54}},"3":{"start":{"line":12,"column":26},"end":{"line":12,"column":79}},"4":{"start":{"line":13,"column":4},"end":{"line":13,"column":53}},"5":{"start":{"line":17,"column":26},"end":{"line":17,"column":66}},"6":{"start":{"line":18,"column":4},"end":{"line":18,"column":53}},"7":{"start":{"line":22,"column":26},"end":{"line":22,"column":85}},"8":{"start":{"line":23,"column":4},"end":{"line":23,"column":53}},"9":{"start":{"line":27,"column":4},"end":{"line":27,"column":60}},"10":{"start":{"line":31,"column":19},"end":{"line":31,"column":74}},"11":{"start":{"line":31,"column":44},"end":{"line":31,"column":72}},"12":{"start":{"line":32,"column":4},"end":{"line":32,"column":52}}},"fnMap":{"0":{"name":"(anonymous_0)","decl":{"start":{"line":6,"column":2},"end":{"line":6,"column":3}},"loc":{"start":{"line":6,"column":19},"end":{"line":9,"column":3}},"line":6},"1":{"name":"(anonymous_1)","decl":{"start":{"line":11,"column":2},"end":{"line":11,"column":3}},"loc":{"start":{"line":11,"column":31},"end":{"line":14,"column":3}},"line":11},"2":{"name":"(anonymous_2)","decl":{"start":{"line":16,"column":2},"end":{"line":16,"column":3}},"loc":{"start":{"line":16,"column":21},"end":{"line":19,"column":3}},"line":16},"3":{"name":"(anonymous_3)","decl":{"start":{"line":21,"column":2},"end":{"line":21,"column":3}},"loc":{"start":{"line":21,"column":39},"end":{"line":24,"column":3}},"line":21},"4":{"name":"(anonymous_4)","decl":{"start":{"line":26,"column":2},"end":{"line":26,"column":3}},"loc":{"start":{"line":26,"column":34},"end":{"line":28,"column":3}},"line":26},"5":{"name":"(anonymous_5)","decl":{"start":{"line":30,"column":2},"end":{"line":30,"column":3}},"loc":{"start":{"line":30,"column":23},"end":{"line":33,"column":3}},"line":30},"6":{"name":"(anonymous_6)","decl":{"start":{"line":31,"column":38},"end":{"line":31,"column":39}},"loc":{"start":{"line":31,"column":44},"end":{"line":31,"column":72}},"line":31}},"branchMap":{},"s":{"0":4,"1":0,"2":0,"3":0,"4":0,"5":0,"6":0,"7":0,"8":0,"9":0,"10":0,"11":0,"12":0},"f":{"0":0,"1":0,"2":0,"3":0,"4":0,"5":0,"6":0},"b":{},"_coverageSchema":"43e27e138ebf9cfc5966b082cf9a028302ed4184","hash":"55236d51fd92f7360c063a017d0c758f6b74ea2f"}
,"/Users/pavliha/Code/partymaker-admin/src/api/index.js": {"path":"/Users/pavliha/Code/partymaker-admin/src/api/index.js","statementMap":{},"fnMap":{},"branchMap":{},"s":{},"f":{},"b":{},"_coverageSchema":"43e27e138ebf9cfc5966b082cf9a028302ed4184","hash":"8d3910905cc25b2cee2bf34ed3d953ad77f6cae4"}
,"/Users/pavliha/Code/partymaker-admin/src/api/auth/index.js": {"path":"/Users/pavliha/Code/partymaker-admin/src/api/auth/index.js","statementMap":{"0":{"start":{"line":5,"column":13},"end":{"line":34,"column":1}},"1":{"start":{"line":12,"column":4},"end":{"line":12,"column":51}},"2":{"start":{"line":16,"column":4},"end":{"line":16,"column":48}},"3":{"start":{"line":20,"column":4},"end":{"line":20,"column":43}},"4":{"start":{"line":24,"column":4},"end":{"line":24,"column":44}},"5":{"start":{"line":28,"column":4},"end":{"line":28,"column":45}},"6":{"start":{"line":32,"column":4},"end":{"line":32,"column":36}}},"fnMap":{"0":{"name":"(anonymous_0)","decl":{"start":{"line":11,"column":2},"end":{"line":11,"column":3}},"loc":{"start":{"line":11,"column":24},"end":{"line":13,"column":3}},"line":11},"1":{"name":"(anonymous_1)","decl":{"start":{"line":15,"column":2},"end":{"line":15,"column":3}},"loc":{"start":{"line":15,"column":21},"end":{"line":17,"column":3}},"line":15},"2":{"name":"(anonymous_2)","decl":{"start":{"line":19,"column":2},"end":{"line":19,"column":3}},"loc":{"start":{"line":19,"column":16},"end":{"line":21,"column":3}},"line":19},"3":{"name":"(anonymous_3)","decl":{"start":{"line":23,"column":2},"end":{"line":23,"column":3}},"loc":{"start":{"line":23,"column":19},"end":{"line":25,"column":3}},"line":23},"4":{"name":"(anonymous_4)","decl":{"start":{"line":27,"column":2},"end":{"line":27,"column":3}},"loc":{"start":{"line":27,"column":17},"end":{"line":29,"column":3}},"line":27},"5":{"name":"(anonymous_5)","decl":{"start":{"line":31,"column":2},"end":{"line":31,"column":3}},"loc":{"start":{"line":31,"column":11},"end":{"line":33,"column":3}},"line":31}},"branchMap":{},"s":{"0":4,"1":0,"2":0,"3":0,"4":0,"5":0,"6":0},"f":{"0":0,"1":0,"2":0,"3":0,"4":0,"5":0},"b":{},"_coverageSchema":"43e27e138ebf9cfc5966b082cf9a028302ed4184","hash":"1ff2385f26433a5f71b608e6b9224737d57ca32c"}
,"/Users/pavliha/Code/partymaker-admin/src/api/auth/password.js": {"path":"/Users/pavliha/Code/partymaker-admin/src/api/auth/password.js","statementMap":{"0":{"start":{"line":3,"column":17},"end":{"line":24,"column":1}},"1":{"start":{"line":5,"column":4},"end":{"line":5,"column":58}},"2":{"start":{"line":9,"column":31},"end":{"line":9,"column":42}},"3":{"start":{"line":11,"column":4},"end":{"line":14,"column":6}},"4":{"start":{"line":18,"column":4},"end":{"line":22,"column":6}}},"fnMap":{"0":{"name":"(anonymous_0)","decl":{"start":{"line":4,"column":2},"end":{"line":4,"column":3}},"loc":{"start":{"line":4,"column":22},"end":{"line":6,"column":3}},"line":4},"1":{"name":"(anonymous_1)","decl":{"start":{"line":8,"column":2},"end":{"line":8,"column":3}},"loc":{"start":{"line":8,"column":21},"end":{"line":15,"column":3}},"line":8},"2":{"name":"(anonymous_2)","decl":{"start":{"line":17,"column":2},"end":{"line":17,"column":3}},"loc":{"start":{"line":17,"column":54},"end":{"line":23,"column":3}},"line":17}},"branchMap":{},"s":{"0":4,"1":0,"2":0,"3":0,"4":0},"f":{"0":0,"1":0,"2":0},"b":{},"_coverageSchema":"43e27e138ebf9cfc5966b082cf9a028302ed4184","hash":"25f5330c11e0d85eba6cd97050934d23e984dd11"}
,"/Users/pavliha/Code/partymaker-admin/src/api/auth/user/account.js": {"path":"/Users/pavliha/Code/partymaker-admin/src/api/auth/user/account.js","statementMap":{"0":{"start":{"line":3,"column":16},"end":{"line":12,"column":1}},"1":{"start":{"line":6,"column":4},"end":{"line":6,"column":41}},"2":{"start":{"line":10,"column":4},"end":{"line":10,"column":47}}},"fnMap":{"0":{"name":"(anonymous_0)","decl":{"start":{"line":5,"column":2},"end":{"line":5,"column":3}},"loc":{"start":{"line":5,"column":9},"end":{"line":7,"column":3}},"line":5},"1":{"name":"(anonymous_1)","decl":{"start":{"line":9,"column":2},"end":{"line":9,"column":3}},"loc":{"start":{"line":9,"column":15},"end":{"line":11,"column":3}},"line":9}},"branchMap":{},"s":{"0":4,"1":0,"2":0},"f":{"0":0,"1":0},"b":{},"_coverageSchema":"43e27e138ebf9cfc5966b082cf9a028302ed4184","hash":"ab0d7baccbaab6d9ada0fbe58ee409ee5179921b"}
,"/Users/pavliha/Code/partymaker-admin/src/api/auth/user/index.js": {"path":"/Users/pavliha/Code/partymaker-admin/src/api/auth/user/index.js","statementMap":{"0":{"start":{"line":4,"column":13},"end":{"line":15,"column":1}},"1":{"start":{"line":9,"column":4},"end":{"line":9,"column":33}},"2":{"start":{"line":13,"column":4},"end":{"line":13,"column":39}}},"fnMap":{"0":{"name":"(anonymous_0)","decl":{"start":{"line":8,"column":2},"end":{"line":8,"column":3}},"loc":{"start":{"line":8,"column":9},"end":{"line":10,"column":3}},"line":8},"1":{"name":"(anonymous_1)","decl":{"start":{"line":12,"column":2},"end":{"line":12,"column":3}},"loc":{"start":{"line":12,"column":15},"end":{"line":14,"column":3}},"line":12}},"branchMap":{},"s":{"0":4,"1":0,"2":0},"f":{"0":0,"1":0},"b":{},"_coverageSchema":"43e27e138ebf9cfc5966b082cf9a028302ed4184","hash":"cbcfcbabb25142253a8cdf57e94300beff576c75"}
,"/Users/pavliha/Code/partymaker-admin/src/api/place/contacts.js": {"path":"/Users/pavliha/Code/partymaker-admin/src/api/place/contacts.js","statementMap":{"0":{"start":{"line":4,"column":17},"end":{"line":29,"column":1}},"1":{"start":{"line":7,"column":21},"end":{"line":7,"column":67}},"2":{"start":{"line":8,"column":4},"end":{"line":8,"column":42}},"3":{"start":{"line":12,"column":20},"end":{"line":12,"column":80}},"4":{"start":{"line":13,"column":4},"end":{"line":13,"column":41}},"5":{"start":{"line":17,"column":20},"end":{"line":17,"column":81}},"6":{"start":{"line":18,"column":4},"end":{"line":18,"column":41}},"7":{"start":{"line":22,"column":20},"end":{"line":22,"column":86}},"8":{"start":{"line":23,"column":4},"end":{"line":23,"column":41}},"9":{"start":{"line":27,"column":4},"end":{"line":27,"column":67}}},"fnMap":{"0":{"name":"(anonymous_0)","decl":{"start":{"line":6,"column":2},"end":{"line":6,"column":3}},"loc":{"start":{"line":6,"column":27},"end":{"line":9,"column":3}},"line":6},"1":{"name":"(anonymous_1)","decl":{"start":{"line":11,"column":2},"end":{"line":11,"column":3}},"loc":{"start":{"line":11,"column":35},"end":{"line":14,"column":3}},"line":11},"2":{"name":"(anonymous_2)","decl":{"start":{"line":16,"column":2},"end":{"line":16,"column":3}},"loc":{"start":{"line":16,"column":39},"end":{"line":19,"column":3}},"line":16},"3":{"name":"(anonymous_3)","decl":{"start":{"line":21,"column":2},"end":{"line":21,"column":3}},"loc":{"start":{"line":21,"column":43},"end":{"line":24,"column":3}},"line":21},"4":{"name":"(anonymous_4)","decl":{"start":{"line":26,"column":2},"end":{"line":26,"column":3}},"loc":{"start":{"line":26,"column":32},"end":{"line":28,"column":3}},"line":26}},"branchMap":{},"s":{"0":4,"1":0,"2":0,"3":0,"4":0,"5":0,"6":0,"7":0,"8":0,"9":0},"f":{"0":0,"1":0,"2":0,"3":0,"4":0},"b":{},"_coverageSchema":"43e27e138ebf9cfc5966b082cf9a028302ed4184","hash":"7332c171ea37c378ea0d7ed0b2fe539cc4e08279"}
,"/Users/pavliha/Code/partymaker-admin/src/api/place/index.js": {"path":"/Users/pavliha/Code/partymaker-admin/src/api/place/index.js","statementMap":{"0":{"start":{"line":7,"column":19},"end":{"line":10,"column":2}},"1":{"start":{"line":7,"column":28},"end":{"line":10,"column":1}},"2":{"start":{"line":12,"column":14},"end":{"line":45,"column":1}},"3":{"start":{"line":18,"column":19},"end":{"line":18,"column":44}},"4":{"start":{"line":19,"column":4},"end":{"line":19,"column":38}},"5":{"start":{"line":23,"column":18},"end":{"line":23,"column":55}},"6":{"start":{"line":24,"column":4},"end":{"line":24,"column":37}},"7":{"start":{"line":28,"column":18},"end":{"line":28,"column":62}},"8":{"start":{"line":29,"column":4},"end":{"line":29,"column":37}},"9":{"start":{"line":33,"column":18},"end":{"line":33,"column":73}},"10":{"start":{"line":34,"column":4},"end":{"line":34,"column":37}},"11":{"start":{"line":38,"column":4},"end":{"line":38,"column":45}},"12":{"start":{"line":42,"column":19},"end":{"line":42,"column":66}},"13":{"start":{"line":42,"column":36},"end":{"line":42,"column":64}},"14":{"start":{"line":43,"column":4},"end":{"line":43,"column":45}}},"fnMap":{"0":{"name":"(anonymous_0)","decl":{"start":{"line":7,"column":19},"end":{"line":7,"column":20}},"loc":{"start":{"line":7,"column":28},"end":{"line":10,"column":1}},"line":7},"1":{"name":"(anonymous_1)","decl":{"start":{"line":17,"column":2},"end":{"line":17,"column":3}},"loc":{"start":{"line":17,"column":19},"end":{"line":20,"column":3}},"line":17},"2":{"name":"(anonymous_2)","decl":{"start":{"line":22,"column":2},"end":{"line":22,"column":3}},"loc":{"start":{"line":22,"column":23},"end":{"line":25,"column":3}},"line":22},"3":{"name":"(anonymous_3)","decl":{"start":{"line":27,"column":2},"end":{"line":27,"column":3}},"loc":{"start":{"line":27,"column":21},"end":{"line":30,"column":3}},"line":27},"4":{"name":"(anonymous_4)","decl":{"start":{"line":32,"column":2},"end":{"line":32,"column":3}},"loc":{"start":{"line":32,"column":31},"end":{"line":35,"column":3}},"line":32},"5":{"name":"(anonymous_5)","decl":{"start":{"line":37,"column":2},"end":{"line":37,"column":3}},"loc":{"start":{"line":37,"column":20},"end":{"line":39,"column":3}},"line":37},"6":{"name":"(anonymous_6)","decl":{"start":{"line":41,"column":2},"end":{"line":41,"column":3}},"loc":{"start":{"line":41,"column":15},"end":{"line":44,"column":3}},"line":41},"7":{"name":"(anonymous_7)","decl":{"start":{"line":42,"column":30},"end":{"line":42,"column":31}},"loc":{"start":{"line":42,"column":36},"end":{"line":42,"column":64}},"line":42}},"branchMap":{},"s":{"0":4,"1":0,"2":4,"3":0,"4":0,"5":0,"6":0,"7":0,"8":0,"9":0,"10":0,"11":0,"12":0,"13":0,"14":0},"f":{"0":0,"1":0,"2":0,"3":0,"4":0,"5":0,"6":0,"7":0},"b":{},"_coverageSchema":"43e27e138ebf9cfc5966b082cf9a028302ed4184","hash":"6e2e47823e490d43e7fea6a681cf6cd46d95af41"}
,"/Users/pavliha/Code/partymaker-admin/src/api/place/photos.js": {"path":"/Users/pavliha/Code/partymaker-admin/src/api/place/photos.js","statementMap":{"0":{"start":{"line":3,"column":15},"end":{"line":24,"column":1}},"1":{"start":{"line":6,"column":4},"end":{"line":6,"column":49}},"2":{"start":{"line":10,"column":4},"end":{"line":10,"column":49}},"3":{"start":{"line":14,"column":4},"end":{"line":14,"column":64}},"4":{"start":{"line":18,"column":4},"end":{"line":18,"column":55}},"5":{"start":{"line":22,"column":4},"end":{"line":22,"column":51}}},"fnMap":{"0":{"name":"(anonymous_0)","decl":{"start":{"line":5,"column":2},"end":{"line":5,"column":3}},"loc":{"start":{"line":5,"column":21},"end":{"line":7,"column":3}},"line":5},"1":{"name":"(anonymous_1)","decl":{"start":{"line":9,"column":2},"end":{"line":9,"column":3}},"loc":{"start":{"line":9,"column":17},"end":{"line":11,"column":3}},"line":9},"2":{"name":"(anonymous_2)","decl":{"start":{"line":13,"column":2},"end":{"line":13,"column":3}},"loc":{"start":{"line":13,"column":33},"end":{"line":15,"column":3}},"line":13},"3":{"name":"(anonymous_3)","decl":{"start":{"line":17,"column":2},"end":{"line":17,"column":3}},"loc":{"start":{"line":17,"column":35},"end":{"line":19,"column":3}},"line":17},"4":{"name":"(anonymous_4)","decl":{"start":{"line":21,"column":2},"end":{"line":21,"column":3}},"loc":{"start":{"line":21,"column":20},"end":{"line":23,"column":3}},"line":21}},"branchMap":{},"s":{"0":4,"1":0,"2":0,"3":0,"4":0,"5":0},"f":{"0":0,"1":0,"2":0,"3":0,"4":0},"b":{},"_coverageSchema":"43e27e138ebf9cfc5966b082cf9a028302ed4184","hash":"21c2403472b086a22c41a0f50803a78939847e9b"}
,"/Users/pavliha/Code/partymaker-admin/src/api/uploads/index.js": {"path":"/Users/pavliha/Code/partymaker-admin/src/api/uploads/index.js","statementMap":{"0":{"start":{"line":6,"column":16},"end":{"line":13,"column":1}},"1":{"start":{"line":11,"column":4},"end":{"line":11,"column":50}}},"fnMap":{"0":{"name":"(anonymous_0)","decl":{"start":{"line":10,"column":2},"end":{"line":10,"column":3}},"loc":{"start":{"line":10,"column":15},"end":{"line":12,"column":3}},"line":10}},"branchMap":{},"s":{"0":4,"1":0},"f":{"0":0},"b":{},"_coverageSchema":"43e27e138ebf9cfc5966b082cf9a028302ed4184","hash":"8d50ee30516f726c8250d4387e02e1e679e71d66"}
,"/Users/pavliha/Code/partymaker-admin/src/api/uploads/picture/file.js": {"path":"/Users/pavliha/Code/partymaker-admin/src/api/uploads/picture/file.js","statementMap":{"0":{"start":{"line":3,"column":21},"end":{"line":8,"column":2}},"1":{"start":{"line":3,"column":40},"end":{"line":8,"column":1}},"2":{"start":{"line":5,"column":23},"end":{"line":5,"column":61}},"3":{"start":{"line":6,"column":4},"end":{"line":6,"column":24}},"4":{"start":{"line":10,"column":13},"end":{"line":19,"column":1}},"5":{"start":{"line":13,"column":17},"end":{"line":13,"column":31}},"6":{"start":{"line":14,"column":4},"end":{"line":14,"column":29}},"7":{"start":{"line":15,"column":19},"end":{"line":15,"column":45}},"8":{"start":{"line":16,"column":4},"end":{"line":16,"column":71}}},"fnMap":{"0":{"name":"(anonymous_0)","decl":{"start":{"line":3,"column":21},"end":{"line":3,"column":22}},"loc":{"start":{"line":3,"column":40},"end":{"line":8,"column":1}},"line":3},"1":{"name":"(anonymous_1)","decl":{"start":{"line":4,"column":20},"end":{"line":4,"column":21}},"loc":{"start":{"line":4,"column":25},"end":{"line":7,"column":3}},"line":4},"2":{"name":"(anonymous_2)","decl":{"start":{"line":12,"column":2},"end":{"line":12,"column":3}},"loc":{"start":{"line":12,"column":35},"end":{"line":17,"column":3}},"line":12}},"branchMap":{},"s":{"0":4,"1":0,"2":0,"3":0,"4":4,"5":0,"6":0,"7":0,"8":0},"f":{"0":0,"1":0,"2":0},"b":{},"_coverageSchema":"43e27e138ebf9cfc5966b082cf9a028302ed4184","hash":"3755b8d917eda7d292d7f83ece51633ed27c362c"}
,"/Users/pavliha/Code/partymaker-admin/src/api/uploads/picture/index.js": {"path":"/Users/pavliha/Code/partymaker-admin/src/api/uploads/picture/index.js","statementMap":{"0":{"start":{"line":4,"column":16},"end":{"line":7,"column":1}}},"fnMap":{},"branchMap":{},"s":{"0":4},"f":{},"b":{},"_coverageSchema":"43e27e138ebf9cfc5966b082cf9a028302ed4184","hash":"f471de5d7f6b463442cea67824218ec612223a02"}
,"/Users/pavliha/Code/partymaker-admin/src/api/uploads/picture/url.js": {"path":"/Users/pavliha/Code/partymaker-admin/src/api/uploads/picture/url.js","statementMap":{"0":{"start":{"line":4,"column":12},"end":{"line":11,"column":1}},"1":{"start":{"line":7,"column":18},"end":{"line":7,"column":40}},"2":{"start":{"line":8,"column":4},"end":{"line":8,"column":61}}},"fnMap":{"0":{"name":"(anonymous_0)","decl":{"start":{"line":6,"column":2},"end":{"line":6,"column":3}},"loc":{"start":{"line":6,"column":20},"end":{"line":9,"column":3}},"line":6}},"branchMap":{},"s":{"0":4,"1":0,"2":0},"f":{"0":0},"b":{},"_coverageSchema":"43e27e138ebf9cfc5966b082cf9a028302ed4184","hash":"30a85fd4b40170ce0c3ef35185dde49ee0514196"}
,"/Users/pavliha/Code/partymaker-admin/src/components/EntertainmentForm.jsx": {"path":"/Users/pavliha/Code/partymaker-admin/src/components/EntertainmentForm.jsx","statementMap":{"0":{"start":{"line":9,"column":15},"end":{"line":11,"column":1}},"1":{"start":{"line":13,"column":26},"end":{"line":45,"column":1}},"2":{"start":{"line":14,"column":2},"end":{"line":44,"column":9}},"3":{"start":{"line":47,"column":0},"end":{"line":54,"column":1}},"4":{"start":{"line":56,"column":0},"end":{"line":58,"column":2}},"5":{"start":{"line":60,"column":0},"end":{"line":62,"column":2}},"6":{"start":{"line":60,"column":53},"end":{"line":62,"column":1}}},"fnMap":{"0":{"name":"(anonymous_0)","decl":{"start":{"line":13,"column":26},"end":{"line":13,"column":27}},"loc":{"start":{"line":14,"column":2},"end":{"line":44,"column":9}},"line":14},"1":{"name":"(anonymous_1)","decl":{"start":{"line":60,"column":37},"end":{"line":60,"column":38}},"loc":{"start":{"line":60,"column":53},"end":{"line":62,"column":1}},"line":60}},"branchMap":{"0":{"loc":{"start":{"line":41,"column":9},"end":{"line":41,"column":39}},"type":"cond-expr","locations":[{"start":{"line":41,"column":17},"end":{"line":41,"column":27}},{"start":{"line":41,"column":30},"end":{"line":41,"column":39}}],"line":41},"1":{"loc":{"start":{"line":61,"column":9},"end":{"line":61,"column":27}},"type":"binary-expr","locations":[{"start":{"line":61,"column":9},"end":{"line":61,"column":21}},{"start":{"line":61,"column":25},"end":{"line":61,"column":27}}],"line":61}},"s":{"0":2,"1":2,"2":0,"3":2,"4":2,"5":2,"6":0},"f":{"0":0,"1":0},"b":{"0":[0,0],"1":[0,0]},"_coverageSchema":"43e27e138ebf9cfc5966b082cf9a028302ed4184","hash":"a95004f53a1c67a0a060600f835717fcc38b62f6"}
,"/Users/pavliha/Code/partymaker-admin/src/components/EntertainmentListItemHandle.jsx": {"path":"/Users/pavliha/Code/partymaker-admin/src/components/EntertainmentListItemHandle.jsx","statementMap":{"0":{"start":{"line":7,"column":15},"end":{"line":20,"column":2}},"1":{"start":{"line":7,"column":25},"end":{"line":20,"column":1}},"2":{"start":{"line":22,"column":36},"end":{"line":25,"column":15}},"3":{"start":{"line":23,"column":2},"end":{"line":25,"column":15}},"4":{"start":{"line":27,"column":0},"end":{"line":30,"column":1}}},"fnMap":{"0":{"name":"(anonymous_0)","decl":{"start":{"line":7,"column":15},"end":{"line":7,"column":16}},"loc":{"start":{"line":7,"column":25},"end":{"line":20,"column":1}},"line":7},"1":{"name":"(anonymous_1)","decl":{"start":{"line":22,"column":36},"end":{"line":22,"column":37}},"loc":{"start":{"line":23,"column":2},"end":{"line":25,"column":15}},"line":23}},"branchMap":{},"s":{"0":2,"1":0,"2":2,"3":0,"4":2},"f":{"0":0,"1":0},"b":{},"_coverageSchema":"43e27e138ebf9cfc5966b082cf9a028302ed4184","hash":"4eda37522d90e5d2be96f69a0e0d36731e22d88e"}
,"/Users/pavliha/Code/partymaker-admin/src/components/EntertainmentsField.jsx": {"path":"/Users/pavliha/Code/partymaker-admin/src/components/EntertainmentsField.jsx","statementMap":{"0":{"start":{"line":8,"column":15},"end":{"line":10,"column":1}},"1":{"start":{"line":12,"column":28},"end":{"line":36,"column":25}},"2":{"start":{"line":23,"column":2},"end":{"line":36,"column":25}},"3":{"start":{"line":32,"column":38},"end":{"line":32,"column":69}},"4":{"start":{"line":38,"column":0},"end":{"line":50,"column":1}},"5":{"start":{"line":52,"column":14},"end":{"line":54,"column":2}},"6":{"start":{"line":52,"column":24},"end":{"line":54,"column":1}}},"fnMap":{"0":{"name":"(anonymous_0)","decl":{"start":{"line":12,"column":28},"end":{"line":12,"column":29}},"loc":{"start":{"line":23,"column":2},"end":{"line":36,"column":25}},"line":23},"1":{"name":"(anonymous_1)","decl":{"start":{"line":32,"column":32},"end":{"line":32,"column":33}},"loc":{"start":{"line":32,"column":38},"end":{"line":32,"column":69}},"line":32},"2":{"name":"(anonymous_2)","decl":{"start":{"line":52,"column":14},"end":{"line":52,"column":15}},"loc":{"start":{"line":52,"column":24},"end":{"line":54,"column":1}},"line":52}},"branchMap":{},"s":{"0":2,"1":2,"2":0,"3":0,"4":2,"5":2,"6":0},"f":{"0":0,"1":0,"2":0},"b":{},"_coverageSchema":"43e27e138ebf9cfc5966b082cf9a028302ed4184","hash":"15257f2e9e1f9838c6672188ca6308448ae3eba7"}
,"/Users/pavliha/Code/partymaker-admin/src/components/EntertainmentsList.jsx": {"path":"/Users/pavliha/Code/partymaker-admin/src/components/EntertainmentsList.jsx","statementMap":{"0":{"start":{"line":10,"column":15},"end":{"line":24,"column":2}},"1":{"start":{"line":10,"column":25},"end":{"line":24,"column":1}},"2":{"start":{"line":26,"column":27},"end":{"line":62,"column":1}},"3":{"start":{"line":27,"column":44},"end":{"line":27,"column":58}},"4":{"start":{"line":29,"column":21},"end":{"line":33,"column":3}},"5":{"start":{"line":29,"column":33},"end":{"line":33,"column":3}},"6":{"start":{"line":30,"column":24},"end":{"line":30,"column":61}},"7":{"start":{"line":31,"column":19},"end":{"line":31,"column":75}},"8":{"start":{"line":31,"column":54},"end":{"line":31,"column":73}},"9":{"start":{"line":32,"column":4},"end":{"line":32,"column":28}},"10":{"start":{"line":35,"column":2},"end":{"line":61,"column":3}},"11":{"start":{"line":38,"column":8},"end":{"line":51,"column":33}},"12":{"start":{"line":64,"column":0},"end":{"line":70,"column":1}},"13":{"start":{"line":72,"column":14},"end":{"line":74,"column":2}},"14":{"start":{"line":72,"column":21},"end":{"line":74,"column":1}}},"fnMap":{"0":{"name":"(anonymous_0)","decl":{"start":{"line":10,"column":15},"end":{"line":10,"column":16}},"loc":{"start":{"line":10,"column":25},"end":{"line":24,"column":1}},"line":10},"1":{"name":"(anonymous_1)","decl":{"start":{"line":26,"column":27},"end":{"line":26,"column":28}},"loc":{"start":{"line":26,"column":86},"end":{"line":62,"column":1}},"line":26},"2":{"name":"(anonymous_2)","decl":{"start":{"line":29,"column":21},"end":{"line":29,"column":22}},"loc":{"start":{"line":29,"column":33},"end":{"line":33,"column":3}},"line":29},"3":{"name":"(anonymous_3)","decl":{"start":{"line":29,"column":33},"end":{"line":29,"column":34}},"loc":{"start":{"line":29,"column":61},"end":{"line":33,"column":3}},"line":29},"4":{"name":"(anonymous_4)","decl":{"start":{"line":31,"column":35},"end":{"line":31,"column":36}},"loc":{"start":{"line":31,"column":54},"end":{"line":31,"column":73}},"line":31},"5":{"name":"(anonymous_5)","decl":{"start":{"line":37,"column":26},"end":{"line":37,"column":27}},"loc":{"start":{"line":38,"column":8},"end":{"line":51,"column":33}},"line":38},"6":{"name":"(anonymous_6)","decl":{"start":{"line":72,"column":14},"end":{"line":72,"column":15}},"loc":{"start":{"line":72,"column":21},"end":{"line":74,"column":1}},"line":72}},"branchMap":{},"s":{"0":2,"1":0,"2":2,"3":0,"4":0,"5":0,"6":0,"7":0,"8":0,"9":0,"10":0,"11":0,"12":2,"13":2,"14":0},"f":{"0":0,"1":0,"2":0,"3":0,"4":0,"5":0,"6":0},"b":{},"_coverageSchema":"43e27e138ebf9cfc5966b082cf9a028302ed4184","hash":"714de698b807fd41d8b577cf9e5378b161460da5"}
,"/Users/pavliha/Code/partymaker-admin/src/components/EntertainmentsListItem.jsx": {"path":"/Users/pavliha/Code/partymaker-admin/src/components/EntertainmentsListItem.jsx","statementMap":{"0":{"start":{"line":13,"column":15},"end":{"line":38,"column":2}},"1":{"start":{"line":13,"column":25},"end":{"line":38,"column":1}},"2":{"start":{"line":40,"column":31},"end":{"line":65,"column":8}},"3":{"start":{"line":41,"column":2},"end":{"line":65,"column":8}},"4":{"start":{"line":46,"column":23},"end":{"line":46,"column":46}},"5":{"start":{"line":53,"column":23},"end":{"line":53,"column":44}},"6":{"start":{"line":67,"column":0},"end":{"line":73,"column":1}}},"fnMap":{"0":{"name":"(anonymous_0)","decl":{"start":{"line":13,"column":15},"end":{"line":13,"column":16}},"loc":{"start":{"line":13,"column":25},"end":{"line":38,"column":1}},"line":13},"1":{"name":"(anonymous_1)","decl":{"start":{"line":40,"column":31},"end":{"line":40,"column":32}},"loc":{"start":{"line":41,"column":2},"end":{"line":65,"column":8}},"line":41},"2":{"name":"(anonymous_2)","decl":{"start":{"line":46,"column":17},"end":{"line":46,"column":18}},"loc":{"start":{"line":46,"column":23},"end":{"line":46,"column":46}},"line":46},"3":{"name":"(anonymous_3)","decl":{"start":{"line":53,"column":17},"end":{"line":53,"column":18}},"loc":{"start":{"line":53,"column":23},"end":{"line":53,"column":44}},"line":53}},"branchMap":{},"s":{"0":2,"1":0,"2":2,"3":0,"4":0,"5":0,"6":2},"f":{"0":0,"1":0,"2":0,"3":0},"b":{},"_coverageSchema":"43e27e138ebf9cfc5966b082cf9a028302ed4184","hash":"33f977599939365e59c75fcba61a755f4f882524"}
,"/Users/pavliha/Code/partymaker-admin/src/components/EntertainmentsLoader.jsx": {"path":"/Users/pavliha/Code/partymaker-admin/src/components/EntertainmentsLoader.jsx","statementMap":{"0":{"start":{"line":6,"column":29},"end":{"line":12,"column":1}},"1":{"start":{"line":7,"column":2},"end":{"line":11,"column":3}},"2":{"start":{"line":14,"column":0},"end":{"line":17,"column":1}},"3":{"start":{"line":19,"column":14},"end":{"line":21,"column":2}},"4":{"start":{"line":19,"column":21},"end":{"line":21,"column":1}}},"fnMap":{"0":{"name":"(anonymous_0)","decl":{"start":{"line":6,"column":29},"end":{"line":6,"column":30}},"loc":{"start":{"line":6,"column":54},"end":{"line":12,"column":1}},"line":6},"1":{"name":"(anonymous_1)","decl":{"start":{"line":19,"column":14},"end":{"line":19,"column":15}},"loc":{"start":{"line":19,"column":21},"end":{"line":21,"column":1}},"line":19}},"branchMap":{},"s":{"0":2,"1":0,"2":2,"3":2,"4":0},"f":{"0":0,"1":0},"b":{},"_coverageSchema":"43e27e138ebf9cfc5966b082cf9a028302ed4184","hash":"90a1b3c6824154c1fa7cf72ea8d9ad2a5cd89a02"}
,"/Users/pavliha/Code/partymaker-admin/src/components/Field.jsx": {"path":"/Users/pavliha/Code/partymaker-admin/src/components/Field.jsx","statementMap":{"0":{"start":{"line":7,"column":17},"end":{"line":14,"column":3}},"1":{"start":{"line":7,"column":27},"end":{"line":14,"column":3}},"2":{"start":{"line":8,"column":25},"end":{"line":8,"column":35}},"3":{"start":{"line":9,"column":18},"end":{"line":9,"column":48}},"4":{"start":{"line":10,"column":17},"end":{"line":10,"column":45}},"5":{"start":{"line":12,"column":4},"end":{"line":12,"column":35}},"6":{"start":{"line":13,"column":4},"end":{"line":13,"column":31}},"7":{"start":{"line":17,"column":64},"end":{"line":17,"column":74}},"8":{"start":{"line":18,"column":4},"end":{"line":36,"column":5}},"9":{"start":{"line":20,"column":32},"end":{"line":20,"column":37}},"10":{"start":{"line":22,"column":8},"end":{"line":33,"column":9}},"11":{"start":{"line":29,"column":32},"end":{"line":29,"column":63}},"12":{"start":{"line":40,"column":0},"end":{"line":46,"column":1}},"13":{"start":{"line":48,"column":0},"end":{"line":51,"column":1}}},"fnMap":{"0":{"name":"(anonymous_0)","decl":{"start":{"line":7,"column":17},"end":{"line":7,"column":18}},"loc":{"start":{"line":7,"column":27},"end":{"line":14,"column":3}},"line":7},"1":{"name":"(anonymous_1)","decl":{"start":{"line":7,"column":27},"end":{"line":7,"column":28}},"loc":{"start":{"line":7,"column":46},"end":{"line":14,"column":3}},"line":7},"2":{"name":"(anonymous_2)","decl":{"start":{"line":16,"column":2},"end":{"line":16,"column":3}},"loc":{"start":{"line":16,"column":11},"end":{"line":37,"column":3}},"line":16},"3":{"name":"(anonymous_3)","decl":{"start":{"line":19,"column":39},"end":{"line":19,"column":40}},"loc":{"start":{"line":19,"column":60},"end":{"line":34,"column":7}},"line":19},"4":{"name":"(anonymous_4)","decl":{"start":{"line":29,"column":21},"end":{"line":29,"column":22}},"loc":{"start":{"line":29,"column":32},"end":{"line":29,"column":63}},"line":29},"5":{"name":"(anonymous_5)","decl":{"start":{"line":49,"column":12},"end":{"line":49,"column":13}},"loc":{"start":{"line":49,"column":18},"end":{"line":49,"column":20}},"line":49}},"branchMap":{"0":{"loc":{"start":{"line":9,"column":18},"end":{"line":9,"column":48}},"type":"binary-expr","locations":[{"start":{"line":9,"column":18},"end":{"line":9,"column":38}},{"start":{"line":9,"column":42},"end":{"line":9,"column":48}}],"line":9},"1":{"loc":{"start":{"line":10,"column":17},"end":{"line":10,"column":45}},"type":"binary-expr","locations":[{"start":{"line":10,"column":17},"end":{"line":10,"column":36}},{"start":{"line":10,"column":40},"end":{"line":10,"column":45}}],"line":10},"2":{"loc":{"start":{"line":30,"column":19},"end":{"line":30,"column":64}},"type":"binary-expr","locations":[{"start":{"line":30,"column":20},"end":{"line":30,"column":40}},{"start":{"line":30,"column":45},"end":{"line":30,"column":64}}],"line":30},"3":{"loc":{"start":{"line":31,"column":24},"end":{"line":31,"column":78}},"type":"cond-expr","locations":[{"start":{"line":31,"column":49},"end":{"line":31,"column":66}},{"start":{"line":31,"column":69},"end":{"line":31,"column":78}}],"line":31}},"s":{"0":0,"1":0,"2":0,"3":0,"4":0,"5":0,"6":0,"7":0,"8":0,"9":0,"10":0,"11":0,"12":2,"13":2},"f":{"0":0,"1":0,"2":0,"3":0,"4":0,"5":0},"b":{"0":[0,0],"1":[0,0],"2":[0,0],"3":[0,0]},"_coverageSchema":"43e27e138ebf9cfc5966b082cf9a028302ed4184","hash":"fb98aff88ffa3ddfd57150695e9fc3a4077e1a74"}
,"/Users/pavliha/Code/partymaker-admin/src/components/Form.jsx": {"path":"/Users/pavliha/Code/partymaker-admin/src/components/Form.jsx","statementMap":{"0":{"start":{"line":9,"column":11},"end":{"line":27,"column":3}},"1":{"start":{"line":10,"column":41},"end":{"line":10,"column":50}},"2":{"start":{"line":11,"column":25},"end":{"line":11,"column":35}},"3":{"start":{"line":13,"column":19},"end":{"line":13,"column":33}},"4":{"start":{"line":15,"column":4},"end":{"line":17,"column":5}},"5":{"start":{"line":16,"column":6},"end":{"line":16,"column":78}},"6":{"start":{"line":19,"column":4},"end":{"line":26,"column":5}},"7":{"start":{"line":20,"column":6},"end":{"line":20,"column":25}},"8":{"start":{"line":21,"column":6},"end":{"line":21,"column":25}},"9":{"start":{"line":23,"column":6},"end":{"line":23,"column":46}},"10":{"start":{"line":25,"column":6},"end":{"line":25,"column":26}},"11":{"start":{"line":29,"column":17},"end":{"line":34,"column":3}},"12":{"start":{"line":30,"column":47},"end":{"line":30,"column":57}},"13":{"start":{"line":31,"column":4},"end":{"line":31,"column":68}},"14":{"start":{"line":31,"column":33},"end":{"line":31,"column":68}},"15":{"start":{"line":33,"column":4},"end":{"line":33,"column":64}},"16":{"start":{"line":37,"column":57},"end":{"line":37,"column":67}},"17":{"start":{"line":38,"column":51},"end":{"line":38,"column":60}},"18":{"start":{"line":40,"column":4},"end":{"line":49,"column":5}},"19":{"start":{"line":46,"column":28},"end":{"line":46,"column":68}},"20":{"start":{"line":53,"column":0},"end":{"line":57,"column":1}}},"fnMap":{"0":{"name":"(anonymous_0)","decl":{"start":{"line":9,"column":11},"end":{"line":9,"column":12}},"loc":{"start":{"line":9,"column":38},"end":{"line":27,"column":3}},"line":9},"1":{"name":"(anonymous_1)","decl":{"start":{"line":29,"column":17},"end":{"line":29,"column":18}},"loc":{"start":{"line":29,"column":38},"end":{"line":34,"column":3}},"line":29},"2":{"name":"(anonymous_2)","decl":{"start":{"line":36,"column":2},"end":{"line":36,"column":3}},"loc":{"start":{"line":36,"column":11},"end":{"line":50,"column":3}},"line":36},"3":{"name":"(anonymous_3)","decl":{"start":{"line":46,"column":16},"end":{"line":46,"column":17}},"loc":{"start":{"line":46,"column":28},"end":{"line":46,"column":68}},"line":46}},"branchMap":{"0":{"loc":{"start":{"line":15,"column":4},"end":{"line":17,"column":5}},"type":"if","locations":[{"start":{"line":15,"column":4},"end":{"line":17,"column":5}},{"start":{"line":15,"column":4},"end":{"line":17,"column":5}}],"line":15},"1":{"loc":{"start":{"line":31,"column":4},"end":{"line":31,"column":68}},"type":"if","locations":[{"start":{"line":31,"column":4},"end":{"line":31,"column":68}},{"start":{"line":31,"column":4},"end":{"line":31,"column":68}}],"line":31}},"s":{"0":0,"1":0,"2":0,"3":0,"4":0,"5":0,"6":0,"7":0,"8":0,"9":0,"10":0,"11":0,"12":0,"13":0,"14":0,"15":0,"16":0,"17":0,"18":0,"19":0,"20":2},"f":{"0":0,"1":0,"2":0,"3":0},"b":{"0":[0,0],"1":[0,0]},"_coverageSchema":"43e27e138ebf9cfc5966b082cf9a028302ed4184","hash":"dafaee09c24014c167b15858c698289b1342417e"}
,"/Users/pavliha/Code/partymaker-admin/src/components/FormDialog.jsx": {"path":"/Users/pavliha/Code/partymaker-admin/src/components/FormDialog.jsx","statementMap":{"0":{"start":{"line":7,"column":15},"end":{"line":42,"column":1}},"1":{"start":{"line":44,"column":19},"end":{"line":70,"column":1}},"2":{"start":{"line":46,"column":2},"end":{"line":46,"column":26}},"3":{"start":{"line":46,"column":15},"end":{"line":46,"column":26}},"4":{"start":{"line":48,"column":2},"end":{"line":69,"column":3}},"5":{"start":{"line":72,"column":0},"end":{"line":78,"column":1}}},"fnMap":{"0":{"name":"(anonymous_0)","decl":{"start":{"line":44,"column":19},"end":{"line":44,"column":20}},"loc":{"start":{"line":44,"column":70},"end":{"line":70,"column":1}},"line":44}},"branchMap":{"0":{"loc":{"start":{"line":46,"column":2},"end":{"line":46,"column":26}},"type":"if","locations":[{"start":{"line":46,"column":2},"end":{"line":46,"column":26}},{"start":{"line":46,"column":2},"end":{"line":46,"column":26}}],"line":46}},"s":{"0":2,"1":2,"2":0,"3":0,"4":0,"5":2},"f":{"0":0},"b":{"0":[0,0]},"_coverageSchema":"43e27e138ebf9cfc5966b082cf9a028302ed4184","hash":"b8e325e166659bf1c13b99ba1be6a2941faac336"}
,"/Users/pavliha/Code/partymaker-admin/src/components/Header.jsx": {"path":"/Users/pavliha/Code/partymaker-admin/src/components/Header.jsx","statementMap":{"0":{"start":{"line":6,"column":15},"end":{"line":20,"column":1}},"1":{"start":{"line":22,"column":15},"end":{"line":39,"column":11}},"2":{"start":{"line":23,"column":2},"end":{"line":39,"column":11}},"3":{"start":{"line":41,"column":0},"end":{"line":46,"column":1}}},"fnMap":{"0":{"name":"(anonymous_0)","decl":{"start":{"line":22,"column":15},"end":{"line":22,"column":16}},"loc":{"start":{"line":23,"column":2},"end":{"line":39,"column":11}},"line":23}},"branchMap":{"0":{"loc":{"start":{"line":24,"column":5},"end":{"line":32,"column":5}},"type":"binary-expr","locations":[{"start":{"line":24,"column":5},"end":{"line":24,"column":11}},{"start":{"line":25,"column":6},"end":{"line":31,"column":19}}],"line":24},"1":{"loc":{"start":{"line":34,"column":15},"end":{"line":34,"column":35}},"type":"cond-expr","locations":[{"start":{"line":34,"column":24},"end":{"line":34,"column":28}},{"start":{"line":34,"column":31},"end":{"line":34,"column":35}}],"line":34}},"s":{"0":2,"1":2,"2":0,"3":2},"f":{"0":0},"b":{"0":[0,0],"1":[0,0]},"_coverageSchema":"43e27e138ebf9cfc5966b082cf9a028302ed4184","hash":"b776a7c232005152400b702cf42576f8c79e22ba"}
,"/Users/pavliha/Code/partymaker-admin/src/components/Label.jsx": {"path":"/Users/pavliha/Code/partymaker-admin/src/components/Label.jsx","statementMap":{"0":{"start":{"line":7,"column":15},"end":{"line":24,"column":1}},"1":{"start":{"line":26,"column":19},"end":{"line":32,"column":8}},"2":{"start":{"line":27,"column":2},"end":{"line":32,"column":8}},"3":{"start":{"line":34,"column":0},"end":{"line":39,"column":1}}},"fnMap":{"0":{"name":"(anonymous_0)","decl":{"start":{"line":26,"column":19},"end":{"line":26,"column":20}},"loc":{"start":{"line":27,"column":2},"end":{"line":32,"column":8}},"line":27}},"branchMap":{},"s":{"0":2,"1":2,"2":0,"3":2},"f":{"0":0},"b":{},"_coverageSchema":"43e27e138ebf9cfc5966b082cf9a028302ed4184","hash":"5bce01931a9f2fa3b4839c7a3435d8f9a99cbb31"}
,"/Users/pavliha/Code/partymaker-admin/src/components/Loader.jsx": {"path":"/Users/pavliha/Code/partymaker-admin/src/components/Loader.jsx","statementMap":{"0":{"start":{"line":8,"column":15},"end":{"line":31,"column":2}},"1":{"start":{"line":8,"column":25},"end":{"line":31,"column":1}},"2":{"start":{"line":35,"column":14},"end":{"line":35,"column":19}},"3":{"start":{"line":37,"column":10},"end":{"line":40,"column":3}},"4":{"start":{"line":43,"column":23},"end":{"line":43,"column":33}},"5":{"start":{"line":44,"column":4},"end":{"line":44,"column":27}},"6":{"start":{"line":48,"column":4},"end":{"line":48,"column":26}},"7":{"start":{"line":52,"column":4},"end":{"line":52,"column":31}},"8":{"start":{"line":52,"column":25},"end":{"line":52,"column":31}},"9":{"start":{"line":53,"column":4},"end":{"line":53,"column":24}},"10":{"start":{"line":57,"column":17},"end":{"line":57,"column":27}},"11":{"start":{"line":58,"column":4},"end":{"line":58,"column":49}},"12":{"start":{"line":58,"column":43},"end":{"line":58,"column":49}},"13":{"start":{"line":59,"column":4},"end":{"line":59,"column":12}},"14":{"start":{"line":60,"column":4},"end":{"line":60,"column":32}},"15":{"start":{"line":63,"column":9},"end":{"line":77,"column":3}},"16":{"start":{"line":64,"column":46},"end":{"line":64,"column":56}},"17":{"start":{"line":66,"column":4},"end":{"line":66,"column":22}},"18":{"start":{"line":66,"column":16},"end":{"line":66,"column":22}},"19":{"start":{"line":68,"column":4},"end":{"line":76,"column":5}},"20":{"start":{"line":69,"column":6},"end":{"line":69,"column":57}},"21":{"start":{"line":70,"column":21},"end":{"line":70,"column":39}},"22":{"start":{"line":71,"column":6},"end":{"line":71,"column":45}},"23":{"start":{"line":72,"column":6},"end":{"line":72,"column":20}},"24":{"start":{"line":74,"column":6},"end":{"line":74,"column":52}},"25":{"start":{"line":75,"column":6},"end":{"line":75,"column":20}},"26":{"start":{"line":80,"column":34},"end":{"line":80,"column":44}},"27":{"start":{"line":81,"column":33},"end":{"line":81,"column":43}},"28":{"start":{"line":83,"column":4},"end":{"line":93,"column":5}},"29":{"start":{"line":84,"column":6},"end":{"line":92,"column":7}},"30":{"start":{"line":95,"column":4},"end":{"line":101,"column":5}},"31":{"start":{"line":96,"column":6},"end":{"line":100,"column":7}},"32":{"start":{"line":103,"column":4},"end":{"line":103,"column":19}},"33":{"start":{"line":107,"column":0},"end":{"line":115,"column":1}},"34":{"start":{"line":117,"column":0},"end":{"line":120,"column":1}}},"fnMap":{"0":{"name":"(anonymous_0)","decl":{"start":{"line":8,"column":15},"end":{"line":8,"column":16}},"loc":{"start":{"line":8,"column":25},"end":{"line":31,"column":1}},"line":8},"1":{"name":"(anonymous_1)","decl":{"start":{"line":42,"column":2},"end":{"line":42,"column":3}},"loc":{"start":{"line":42,"column":28},"end":{"line":45,"column":3}},"line":42},"2":{"name":"(anonymous_2)","decl":{"start":{"line":47,"column":2},"end":{"line":47,"column":3}},"loc":{"start":{"line":47,"column":25},"end":{"line":49,"column":3}},"line":47},"3":{"name":"(anonymous_3)","decl":{"start":{"line":51,"column":2},"end":{"line":51,"column":3}},"loc":{"start":{"line":51,"column":22},"end":{"line":54,"column":3}},"line":51},"4":{"name":"(anonymous_4)","decl":{"start":{"line":56,"column":2},"end":{"line":56,"column":3}},"loc":{"start":{"line":56,"column":36},"end":{"line":61,"column":3}},"line":56},"5":{"name":"(anonymous_5)","decl":{"start":{"line":63,"column":9},"end":{"line":63,"column":10}},"loc":{"start":{"line":63,"column":27},"end":{"line":77,"column":3}},"line":63},"6":{"name":"(anonymous_6)","decl":{"start":{"line":79,"column":2},"end":{"line":79,"column":3}},"loc":{"start":{"line":79,"column":11},"end":{"line":104,"column":3}},"line":79},"7":{"name":"(anonymous_7)","decl":{"start":{"line":118,"column":10},"end":{"line":118,"column":11}},"loc":{"start":{"line":118,"column":16},"end":{"line":118,"column":18}},"line":118},"8":{"name":"(anonymous_8)","decl":{"start":{"line":119,"column":11},"end":{"line":119,"column":12}},"loc":{"start":{"line":119,"column":17},"end":{"line":119,"column":19}},"line":119}},"branchMap":{"0":{"loc":{"start":{"line":52,"column":4},"end":{"line":52,"column":31}},"type":"if","locations":[{"start":{"line":52,"column":4},"end":{"line":52,"column":31}},{"start":{"line":52,"column":4},"end":{"line":52,"column":31}}],"line":52},"1":{"loc":{"start":{"line":58,"column":4},"end":{"line":58,"column":49}},"type":"if","locations":[{"start":{"line":58,"column":4},"end":{"line":58,"column":49}},{"start":{"line":58,"column":4},"end":{"line":58,"column":49}}],"line":58},"2":{"loc":{"start":{"line":66,"column":4},"end":{"line":66,"column":22}},"type":"if","locations":[{"start":{"line":66,"column":4},"end":{"line":66,"column":22}},{"start":{"line":66,"column":4},"end":{"line":66,"column":22}}],"line":66},"3":{"loc":{"start":{"line":83,"column":4},"end":{"line":93,"column":5}},"type":"if","locations":[{"start":{"line":83,"column":4},"end":{"line":93,"column":5}},{"start":{"line":83,"column":4},"end":{"line":93,"column":5}}],"line":83},"4":{"loc":{"start":{"line":95,"column":4},"end":{"line":101,"column":5}},"type":"if","locations":[{"start":{"line":95,"column":4},"end":{"line":101,"column":5}},{"start":{"line":95,"column":4},"end":{"line":101,"column":5}}],"line":95}},"s":{"0":2,"1":0,"2":0,"3":0,"4":0,"5":0,"6":0,"7":0,"8":0,"9":0,"10":0,"11":0,"12":0,"13":0,"14":0,"15":0,"16":0,"17":0,"18":0,"19":0,"20":0,"21":0,"22":0,"23":0,"24":0,"25":0,"26":0,"27":0,"28":0,"29":0,"30":0,"31":0,"32":0,"33":2,"34":2},"f":{"0":0,"1":0,"2":0,"3":0,"4":0,"5":0,"6":0,"7":0,"8":0},"b":{"0":[0,0],"1":[0,0],"2":[0,0],"3":[0,0],"4":[0,0]},"_coverageSchema":"43e27e138ebf9cfc5966b082cf9a028302ed4184","hash":"6014ee4fc4d3d85c29612ea1ffde8b3b709913e4"}
,"/Users/pavliha/Code/partymaker-admin/src/components/Loading.jsx": {"path":"/Users/pavliha/Code/partymaker-admin/src/components/Loading.jsx","statementMap":{"0":{"start":{"line":6,"column":15},"end":{"line":15,"column":1}},"1":{"start":{"line":18,"column":10},"end":{"line":20,"column":3}},"2":{"start":{"line":23,"column":25},"end":{"line":23,"column":35}},"3":{"start":{"line":24,"column":4},"end":{"line":24,"column":79}},"4":{"start":{"line":24,"column":34},"end":{"line":24,"column":68}},"5":{"start":{"line":28,"column":4},"end":{"line":28,"column":28}},"6":{"start":{"line":32,"column":66},"end":{"line":32,"column":76}},"7":{"start":{"line":33,"column":26},"end":{"line":33,"column":36}},"8":{"start":{"line":35,"column":4},"end":{"line":37,"column":5}},"9":{"start":{"line":36,"column":6},"end":{"line":36,"column":17}},"10":{"start":{"line":39,"column":4},"end":{"line":39,"column":31}},"11":{"start":{"line":39,"column":16},"end":{"line":39,"column":31}},"12":{"start":{"line":41,"column":4},"end":{"line":45,"column":5}},"13":{"start":{"line":49,"column":0},"end":{"line":57,"column":1}},"14":{"start":{"line":58,"column":0},"end":{"line":65,"column":1}}},"fnMap":{"0":{"name":"(anonymous_0)","decl":{"start":{"line":22,"column":2},"end":{"line":22,"column":3}},"loc":{"start":{"line":22,"column":22},"end":{"line":25,"column":3}},"line":22},"1":{"name":"(anonymous_1)","decl":{"start":{"line":24,"column":28},"end":{"line":24,"column":29}},"loc":{"start":{"line":24,"column":34},"end":{"line":24,"column":68}},"line":24},"2":{"name":"(anonymous_2)","decl":{"start":{"line":27,"column":2},"end":{"line":27,"column":3}},"loc":{"start":{"line":27,"column":25},"end":{"line":29,"column":3}},"line":27},"3":{"name":"(anonymous_3)","decl":{"start":{"line":31,"column":2},"end":{"line":31,"column":3}},"loc":{"start":{"line":31,"column":11},"end":{"line":46,"column":3}},"line":31}},"branchMap":{"0":{"loc":{"start":{"line":35,"column":4},"end":{"line":37,"column":5}},"type":"if","locations":[{"start":{"line":35,"column":4},"end":{"line":37,"column":5}},{"start":{"line":35,"column":4},"end":{"line":37,"column":5}}],"line":35},"1":{"loc":{"start":{"line":39,"column":4},"end":{"line":39,"column":31}},"type":"if","locations":[{"start":{"line":39,"column":4},"end":{"line":39,"column":31}},{"start":{"line":39,"column":4},"end":{"line":39,"column":31}}],"line":39}},"s":{"0":2,"1":0,"2":0,"3":0,"4":0,"5":0,"6":0,"7":0,"8":0,"9":0,"10":0,"11":0,"12":0,"13":2,"14":2},"f":{"0":0,"1":0,"2":0,"3":0},"b":{"0":[0,0],"1":[0,0]},"_coverageSchema":"43e27e138ebf9cfc5966b082cf9a028302ed4184","hash":"3112e16e1636312cc30805b86629a36f3bee5766"}
,"/Users/pavliha/Code/partymaker-admin/src/components/LoginForm.jsx": {"path":"/Users/pavliha/Code/partymaker-admin/src/components/LoginForm.jsx","statementMap":{"0":{"start":{"line":8,"column":15},"end":{"line":30,"column":1}},"1":{"start":{"line":32,"column":18},"end":{"line":74,"column":8}},"2":{"start":{"line":33,"column":2},"end":{"line":74,"column":8}},"3":{"start":{"line":76,"column":0},"end":{"line":81,"column":1}},"4":{"start":{"line":83,"column":0},"end":{"line":86,"column":2}},"5":{"start":{"line":83,"column":36},"end":{"line":86,"column":1}},"6":{"start":{"line":88,"column":0},"end":{"line":96,"column":4}}},"fnMap":{"0":{"name":"(anonymous_0)","decl":{"start":{"line":32,"column":18},"end":{"line":32,"column":19}},"loc":{"start":{"line":33,"column":2},"end":{"line":74,"column":8}},"line":33},"1":{"name":"(anonymous_1)","decl":{"start":{"line":83,"column":29},"end":{"line":83,"column":30}},"loc":{"start":{"line":83,"column":36},"end":{"line":86,"column":1}},"line":83}},"branchMap":{"0":{"loc":{"start":{"line":70,"column":11},"end":{"line":70,"column":56}},"type":"cond-expr","locations":[{"start":{"line":70,"column":33},"end":{"line":70,"column":46}},{"start":{"line":70,"column":49},"end":{"line":70,"column":56}}],"line":70}},"s":{"0":2,"1":2,"2":0,"3":2,"4":2,"5":0,"6":2},"f":{"0":0,"1":0},"b":{"0":[0,0]},"_coverageSchema":"43e27e138ebf9cfc5966b082cf9a028302ed4184","hash":"4e919f4d2cde8f427d6062c0275a0bf7404bcac2"}
,"/Users/pavliha/Code/partymaker-admin/src/components/Logo.jsx": {"path":"/Users/pavliha/Code/partymaker-admin/src/components/Logo.jsx","statementMap":{"0":{"start":{"line":5,"column":15},"end":{"line":15,"column":1}},"1":{"start":{"line":17,"column":13},"end":{"line":23,"column":8}},"2":{"start":{"line":18,"column":2},"end":{"line":23,"column":8}},"3":{"start":{"line":25,"column":0},"end":{"line":27,"column":1}}},"fnMap":{"0":{"name":"(anonymous_0)","decl":{"start":{"line":17,"column":13},"end":{"line":17,"column":14}},"loc":{"start":{"line":18,"column":2},"end":{"line":23,"column":8}},"line":18}},"branchMap":{},"s":{"0":2,"1":2,"2":0,"3":2},"f":{"0":0},"b":{},"_coverageSchema":"43e27e138ebf9cfc5966b082cf9a028302ed4184","hash":"9ff7d9a881abe45ccb15ae6d3509974f0bc8785d"}
,"/Users/pavliha/Code/partymaker-admin/src/components/Navigation.jsx": {"path":"/Users/pavliha/Code/partymaker-admin/src/components/Navigation.jsx","statementMap":{"0":{"start":{"line":7,"column":15},"end":{"line":39,"column":2}},"1":{"start":{"line":7,"column":25},"end":{"line":39,"column":1}},"2":{"start":{"line":41,"column":19},"end":{"line":49,"column":8}},"3":{"start":{"line":42,"column":2},"end":{"line":49,"column":8}},"4":{"start":{"line":51,"column":0},"end":{"line":53,"column":1}}},"fnMap":{"0":{"name":"(anonymous_0)","decl":{"start":{"line":7,"column":15},"end":{"line":7,"column":16}},"loc":{"start":{"line":7,"column":25},"end":{"line":39,"column":1}},"line":7},"1":{"name":"(anonymous_1)","decl":{"start":{"line":41,"column":19},"end":{"line":41,"column":20}},"loc":{"start":{"line":42,"column":2},"end":{"line":49,"column":8}},"line":42}},"branchMap":{},"s":{"0":2,"1":0,"2":2,"3":0,"4":2},"f":{"0":0,"1":0},"b":{},"_coverageSchema":"43e27e138ebf9cfc5966b082cf9a028302ed4184","hash":"0aff29a0610451d7af60656dcc1f1863adb3ab9b"}
,"/Users/pavliha/Code/partymaker-admin/src/components/NavigationItem.jsx": {"path":"/Users/pavliha/Code/partymaker-admin/src/components/NavigationItem.jsx","statementMap":{"0":{"start":{"line":7,"column":15},"end":{"line":34,"column":2}},"1":{"start":{"line":7,"column":27},"end":{"line":34,"column":1}},"2":{"start":{"line":36,"column":23},"end":{"line":45,"column":9}},"3":{"start":{"line":37,"column":2},"end":{"line":45,"column":9}},"4":{"start":{"line":47,"column":0},"end":{"line":53,"column":1}}},"fnMap":{"0":{"name":"(anonymous_0)","decl":{"start":{"line":7,"column":15},"end":{"line":7,"column":16}},"loc":{"start":{"line":7,"column":27},"end":{"line":34,"column":1}},"line":7},"1":{"name":"(anonymous_1)","decl":{"start":{"line":36,"column":23},"end":{"line":36,"column":24}},"loc":{"start":{"line":37,"column":2},"end":{"line":45,"column":9}},"line":37}},"branchMap":{},"s":{"0":2,"1":0,"2":2,"3":0,"4":2},"f":{"0":0,"1":0},"b":{},"_coverageSchema":"43e27e138ebf9cfc5966b082cf9a028302ed4184","hash":"a79b044735452218c5a16e2243260cd2a4699307"}
,"/Users/pavliha/Code/partymaker-admin/src/components/NumberField.jsx": {"path":"/Users/pavliha/Code/partymaker-admin/src/components/NumberField.jsx","statementMap":{"0":{"start":{"line":6,"column":20},"end":{"line":17,"column":4}},"1":{"start":{"line":7,"column":2},"end":{"line":17,"column":4}},"2":{"start":{"line":16,"column":28},"end":{"line":16,"column":60}},"3":{"start":{"line":19,"column":0},"end":{"line":28,"column":1}}},"fnMap":{"0":{"name":"(anonymous_0)","decl":{"start":{"line":6,"column":20},"end":{"line":6,"column":21}},"loc":{"start":{"line":7,"column":2},"end":{"line":17,"column":4}},"line":7},"1":{"name":"(anonymous_1)","decl":{"start":{"line":16,"column":19},"end":{"line":16,"column":20}},"loc":{"start":{"line":16,"column":28},"end":{"line":16,"column":60}},"line":16}},"branchMap":{},"s":{"0":2,"1":20,"2":2,"3":2},"f":{"0":20,"1":2},"b":{},"_coverageSchema":"43e27e138ebf9cfc5966b082cf9a028302ed4184","hash":"9da958d59398a5e30499e9a5a7231874e40abfe4"}
,"/Users/pavliha/Code/partymaker-admin/src/components/PhotoListItem.jsx": {"path":"/Users/pavliha/Code/partymaker-admin/src/components/PhotoListItem.jsx","statementMap":{"0":{"start":{"line":8,"column":15},"end":{"line":52,"column":1}},"1":{"start":{"line":54,"column":22},"end":{"line":64,"column":8}},"2":{"start":{"line":55,"column":2},"end":{"line":64,"column":8}},"3":{"start":{"line":59,"column":21},"end":{"line":59,"column":36}},"4":{"start":{"line":66,"column":0},"end":{"line":70,"column":1}}},"fnMap":{"0":{"name":"(anonymous_0)","decl":{"start":{"line":54,"column":22},"end":{"line":54,"column":23}},"loc":{"start":{"line":55,"column":2},"end":{"line":64,"column":8}},"line":55},"1":{"name":"(anonymous_1)","decl":{"start":{"line":59,"column":15},"end":{"line":59,"column":16}},"loc":{"start":{"line":59,"column":21},"end":{"line":59,"column":36}},"line":59}},"branchMap":{},"s":{"0":2,"1":2,"2":0,"3":0,"4":2},"f":{"0":0,"1":0},"b":{},"_coverageSchema":"43e27e138ebf9cfc5966b082cf9a028302ed4184","hash":"56f735d455f3281ca45c5c3df5b58284925d8a46"}
,"/Users/pavliha/Code/partymaker-admin/src/components/PhotosField.jsx": {"path":"/Users/pavliha/Code/partymaker-admin/src/components/PhotosField.jsx","statementMap":{"0":{"start":{"line":11,"column":15},"end":{"line":17,"column":1}},"1":{"start":{"line":21,"column":10},"end":{"line":24,"column":3}},"2":{"start":{"line":26,"column":13},"end":{"line":27,"column":28}},"3":{"start":{"line":27,"column":4},"end":{"line":27,"column":28}},"4":{"start":{"line":29,"column":20},"end":{"line":33,"column":3}},"5":{"start":{"line":30,"column":40},"end":{"line":30,"column":50}},"6":{"start":{"line":31,"column":18},"end":{"line":31,"column":46}},"7":{"start":{"line":32,"column":4},"end":{"line":32,"column":38}},"8":{"start":{"line":35,"column":16},"end":{"line":39,"column":3}},"9":{"start":{"line":36,"column":53},"end":{"line":36,"column":63}},"10":{"start":{"line":37,"column":4},"end":{"line":37,"column":31}},"11":{"start":{"line":38,"column":4},"end":{"line":38,"column":65}},"12":{"start":{"line":38,"column":46},"end":{"line":38,"column":63}},"13":{"start":{"line":41,"column":15},"end":{"line":46,"column":3}},"14":{"start":{"line":42,"column":38},"end":{"line":42,"column":48}},"15":{"start":{"line":43,"column":19},"end":{"line":43,"column":55}},"16":{"start":{"line":44,"column":26},"end":{"line":44,"column":77}},"17":{"start":{"line":44,"column":56},"end":{"line":44,"column":75}},"18":{"start":{"line":45,"column":4},"end":{"line":45,"column":33}},"19":{"start":{"line":49,"column":78},"end":{"line":49,"column":88}},"20":{"start":{"line":51,"column":4},"end":{"line":78,"column":5}},"21":{"start":{"line":82,"column":0},"end":{"line":91,"column":1}},"22":{"start":{"line":93,"column":14},"end":{"line":95,"column":2}},"23":{"start":{"line":93,"column":21},"end":{"line":95,"column":1}}},"fnMap":{"0":{"name":"(anonymous_0)","decl":{"start":{"line":26,"column":13},"end":{"line":26,"column":14}},"loc":{"start":{"line":27,"column":4},"end":{"line":27,"column":28}},"line":27},"1":{"name":"(anonymous_1)","decl":{"start":{"line":29,"column":20},"end":{"line":29,"column":21}},"loc":{"start":{"line":29,"column":37},"end":{"line":33,"column":3}},"line":29},"2":{"name":"(anonymous_2)","decl":{"start":{"line":35,"column":16},"end":{"line":35,"column":17}},"loc":{"start":{"line":35,"column":31},"end":{"line":39,"column":3}},"line":35},"3":{"name":"(anonymous_3)","decl":{"start":{"line":38,"column":33},"end":{"line":38,"column":34}},"loc":{"start":{"line":38,"column":46},"end":{"line":38,"column":63}},"line":38},"4":{"name":"(anonymous_4)","decl":{"start":{"line":41,"column":15},"end":{"line":41,"column":16}},"loc":{"start":{"line":41,"column":43},"end":{"line":46,"column":3}},"line":41},"5":{"name":"(anonymous_5)","decl":{"start":{"line":44,"column":37},"end":{"line":44,"column":38}},"loc":{"start":{"line":44,"column":56},"end":{"line":44,"column":75}},"line":44},"6":{"name":"(anonymous_6)","decl":{"start":{"line":48,"column":2},"end":{"line":48,"column":3}},"loc":{"start":{"line":48,"column":11},"end":{"line":79,"column":3}},"line":48},"7":{"name":"(anonymous_7)","decl":{"start":{"line":93,"column":14},"end":{"line":93,"column":15}},"loc":{"start":{"line":93,"column":21},"end":{"line":95,"column":1}},"line":93}},"branchMap":{},"s":{"0":2,"1":0,"2":0,"3":0,"4":0,"5":0,"6":0,"7":0,"8":0,"9":0,"10":0,"11":0,"12":0,"13":0,"14":0,"15":0,"16":0,"17":0,"18":0,"19":0,"20":0,"21":2,"22":2,"23":0},"f":{"0":0,"1":0,"2":0,"3":0,"4":0,"5":0,"6":0,"7":0},"b":{},"_coverageSchema":"43e27e138ebf9cfc5966b082cf9a028302ed4184","hash":"d795ab5527fc8cba8eac3490e9efb04e5934aea0"}
,"/Users/pavliha/Code/partymaker-admin/src/components/PhotosForm.jsx": {"path":"/Users/pavliha/Code/partymaker-admin/src/components/PhotosForm.jsx","statementMap":{"0":{"start":{"line":6,"column":15},"end":{"line":20,"column":1}},"1":{"start":{"line":24,"column":11},"end":{"line":29,"column":3}},"2":{"start":{"line":25,"column":42},"end":{"line":25,"column":59}},"3":{"start":{"line":26,"column":4},"end":{"line":26,"column":30}},"4":{"start":{"line":27,"column":4},"end":{"line":27,"column":26}},"5":{"start":{"line":28,"column":4},"end":{"line":28,"column":50}},"6":{"start":{"line":28,"column":21},"end":{"line":28,"column":44}},"7":{"start":{"line":32,"column":67},"end":{"line":32,"column":77}},"8":{"start":{"line":33,"column":4},"end":{"line":49,"column":5}},"9":{"start":{"line":45,"column":28},"end":{"line":45,"column":54}},"10":{"start":{"line":53,"column":0},"end":{"line":58,"column":1}},"11":{"start":{"line":60,"column":0},"end":{"line":62,"column":2}},"12":{"start":{"line":60,"column":37},"end":{"line":62,"column":1}}},"fnMap":{"0":{"name":"(anonymous_0)","decl":{"start":{"line":24,"column":11},"end":{"line":24,"column":12}},"loc":{"start":{"line":24,"column":28},"end":{"line":29,"column":3}},"line":24},"1":{"name":"(anonymous_1)","decl":{"start":{"line":28,"column":15},"end":{"line":28,"column":16}},"loc":{"start":{"line":28,"column":21},"end":{"line":28,"column":44}},"line":28},"2":{"name":"(anonymous_2)","decl":{"start":{"line":31,"column":2},"end":{"line":31,"column":3}},"loc":{"start":{"line":31,"column":11},"end":{"line":50,"column":3}},"line":31},"3":{"name":"(anonymous_3)","decl":{"start":{"line":45,"column":19},"end":{"line":45,"column":20}},"loc":{"start":{"line":45,"column":28},"end":{"line":45,"column":54}},"line":45},"4":{"name":"(anonymous_4)","decl":{"start":{"line":60,"column":30},"end":{"line":60,"column":31}},"loc":{"start":{"line":60,"column":37},"end":{"line":62,"column":1}},"line":60}},"branchMap":{},"s":{"0":2,"1":0,"2":0,"3":0,"4":0,"5":0,"6":0,"7":0,"8":0,"9":0,"10":2,"11":2,"12":0},"f":{"0":0,"1":0,"2":0,"3":0,"4":0},"b":{},"_coverageSchema":"43e27e138ebf9cfc5966b082cf9a028302ed4184","hash":"172445e0a164dec5de73c693c314bfc1b166e0bf"}
,"/Users/pavliha/Code/partymaker-admin/src/components/PhotosList.jsx": {"path":"/Users/pavliha/Code/partymaker-admin/src/components/PhotosList.jsx","statementMap":{"0":{"start":{"line":9,"column":15},"end":{"line":14,"column":1}},"1":{"start":{"line":16,"column":19},"end":{"line":26,"column":8}},"2":{"start":{"line":17,"column":2},"end":{"line":26,"column":8}},"3":{"start":{"line":19,"column":6},"end":{"line":24,"column":8}},"4":{"start":{"line":28,"column":0},"end":{"line":33,"column":1}}},"fnMap":{"0":{"name":"(anonymous_0)","decl":{"start":{"line":16,"column":19},"end":{"line":16,"column":20}},"loc":{"start":{"line":17,"column":2},"end":{"line":26,"column":8}},"line":17},"1":{"name":"(anonymous_1)","decl":{"start":{"line":18,"column":17},"end":{"line":18,"column":18}},"loc":{"start":{"line":19,"column":6},"end":{"line":24,"column":8}},"line":19}},"branchMap":{},"s":{"0":2,"1":2,"2":0,"3":0,"4":2},"f":{"0":0,"1":0},"b":{},"_coverageSchema":"43e27e138ebf9cfc5966b082cf9a028302ed4184","hash":"3c1bf616d068c6721de4b87a1d6ee71c2164cf4a"}
,"/Users/pavliha/Code/partymaker-admin/src/components/PlaceForm.jsx": {"path":"/Users/pavliha/Code/partymaker-admin/src/components/PlaceForm.jsx","statementMap":{"0":{"start":{"line":22,"column":15},"end":{"line":54,"column":1}},"1":{"start":{"line":56,"column":18},"end":{"line":255,"column":9}},"2":{"start":{"line":57,"column":2},"end":{"line":255,"column":9}},"3":{"start":{"line":257,"column":0},"end":{"line":264,"column":1}},"4":{"start":{"line":266,"column":0},"end":{"line":293,"column":2}},"5":{"start":{"line":295,"column":0},"end":{"line":324,"column":2}},"6":{"start":{"line":295,"column":45},"end":{"line":324,"column":1}}},"fnMap":{"0":{"name":"(anonymous_0)","decl":{"start":{"line":56,"column":18},"end":{"line":56,"column":19}},"loc":{"start":{"line":57,"column":2},"end":{"line":255,"column":9}},"line":57},"1":{"name":"(anonymous_1)","decl":{"start":{"line":295,"column":29},"end":{"line":295,"column":30}},"loc":{"start":{"line":295,"column":45},"end":{"line":324,"column":1}},"line":295}},"branchMap":{"0":{"loc":{"start":{"line":252,"column":9},"end":{"line":252,"column":40}},"type":"cond-expr","locations":[{"start":{"line":252,"column":17},"end":{"line":252,"column":28}},{"start":{"line":252,"column":31},"end":{"line":252,"column":40}}],"line":252},"1":{"loc":{"start":{"line":296,"column":9},"end":{"line":296,"column":27}},"type":"binary-expr","locations":[{"start":{"line":296,"column":9},"end":{"line":296,"column":21}},{"start":{"line":296,"column":25},"end":{"line":296,"column":27}}],"line":296},"2":{"loc":{"start":{"line":297,"column":15},"end":{"line":297,"column":39}},"type":"binary-expr","locations":[{"start":{"line":297,"column":15},"end":{"line":297,"column":33}},{"start":{"line":297,"column":37},"end":{"line":297,"column":39}}],"line":297},"3":{"loc":{"start":{"line":298,"column":9},"end":{"line":298,"column":27}},"type":"binary-expr","locations":[{"start":{"line":298,"column":9},"end":{"line":298,"column":21}},{"start":{"line":298,"column":25},"end":{"line":298,"column":27}}],"line":298},"4":{"loc":{"start":{"line":299,"column":17},"end":{"line":299,"column":43}},"type":"binary-expr","locations":[{"start":{"line":299,"column":17},"end":{"line":299,"column":37}},{"start":{"line":299,"column":41},"end":{"line":299,"column":43}}],"line":299},"5":{"loc":{"start":{"line":300,"column":20},"end":{"line":300,"column":51}},"type":"binary-expr","locations":[{"start":{"line":300,"column":20},"end":{"line":300,"column":43}},{"start":{"line":300,"column":47},"end":{"line":300,"column":51}}],"line":300},"6":{"loc":{"start":{"line":301,"column":10},"end":{"line":301,"column":29}},"type":"binary-expr","locations":[{"start":{"line":301,"column":10},"end":{"line":301,"column":23}},{"start":{"line":301,"column":27},"end":{"line":301,"column":29}}],"line":301},"7":{"loc":{"start":{"line":302,"column":10},"end":{"line":302,"column":29}},"type":"binary-expr","locations":[{"start":{"line":302,"column":10},"end":{"line":302,"column":23}},{"start":{"line":302,"column":27},"end":{"line":302,"column":29}}],"line":302},"8":{"loc":{"start":{"line":303,"column":16},"end":{"line":303,"column":41}},"type":"binary-expr","locations":[{"start":{"line":303,"column":16},"end":{"line":303,"column":35}},{"start":{"line":303,"column":39},"end":{"line":303,"column":41}}],"line":303},"9":{"loc":{"start":{"line":304,"column":23},"end":{"line":304,"column":55}},"type":"binary-expr","locations":[{"start":{"line":304,"column":23},"end":{"line":304,"column":49}},{"start":{"line":304,"column":53},"end":{"line":304,"column":55}}],"line":304},"10":{"loc":{"start":{"line":305,"column":15},"end":{"line":307,"column":31}},"type":"cond-expr","locations":[{"start":{"line":306,"column":6},"end":{"line":306,"column":70}},{"start":{"line":307,"column":6},"end":{"line":307,"column":31}}],"line":305},"11":{"loc":{"start":{"line":309,"column":22},"end":{"line":309,"column":67}},"type":"binary-expr","locations":[{"start":{"line":309,"column":22},"end":{"line":309,"column":59}},{"start":{"line":309,"column":63},"end":{"line":309,"column":67}}],"line":309},"12":{"loc":{"start":{"line":310,"column":13},"end":{"line":310,"column":49}},"type":"binary-expr","locations":[{"start":{"line":310,"column":13},"end":{"line":310,"column":41}},{"start":{"line":310,"column":45},"end":{"line":310,"column":49}}],"line":310},"13":{"loc":{"start":{"line":311,"column":13},"end":{"line":311,"column":49}},"type":"binary-expr","locations":[{"start":{"line":311,"column":13},"end":{"line":311,"column":41}},{"start":{"line":311,"column":45},"end":{"line":311,"column":49}}],"line":311},"14":{"loc":{"start":{"line":312,"column":17},"end":{"line":312,"column":57}},"type":"binary-expr","locations":[{"start":{"line":312,"column":17},"end":{"line":312,"column":49}},{"start":{"line":312,"column":53},"end":{"line":312,"column":57}}],"line":312},"15":{"loc":{"start":{"line":313,"column":17},"end":{"line":313,"column":57}},"type":"binary-expr","locations":[{"start":{"line":313,"column":17},"end":{"line":313,"column":49}},{"start":{"line":313,"column":53},"end":{"line":313,"column":57}}],"line":313},"16":{"loc":{"start":{"line":316,"column":11},"end":{"line":316,"column":39}},"type":"binary-expr","locations":[{"start":{"line":316,"column":11},"end":{"line":316,"column":33}},{"start":{"line":316,"column":37},"end":{"line":316,"column":39}}],"line":316},"17":{"loc":{"start":{"line":317,"column":17},"end":{"line":317,"column":51}},"type":"binary-expr","locations":[{"start":{"line":317,"column":17},"end":{"line":317,"column":45}},{"start":{"line":317,"column":49},"end":{"line":317,"column":51}}],"line":317},"18":{"loc":{"start":{"line":318,"column":13},"end":{"line":318,"column":43}},"type":"binary-expr","locations":[{"start":{"line":318,"column":13},"end":{"line":318,"column":37}},{"start":{"line":318,"column":41},"end":{"line":318,"column":43}}],"line":318},"19":{"loc":{"start":{"line":319,"column":13},"end":{"line":319,"column":43}},"type":"binary-expr","locations":[{"start":{"line":319,"column":13},"end":{"line":319,"column":37}},{"start":{"line":319,"column":41},"end":{"line":319,"column":43}}],"line":319},"20":{"loc":{"start":{"line":320,"column":16},"end":{"line":320,"column":49}},"type":"binary-expr","locations":[{"start":{"line":320,"column":16},"end":{"line":320,"column":43}},{"start":{"line":320,"column":47},"end":{"line":320,"column":49}}],"line":320},"21":{"loc":{"start":{"line":321,"column":11},"end":{"line":321,"column":39}},"type":"binary-expr","locations":[{"start":{"line":321,"column":11},"end":{"line":321,"column":33}},{"start":{"line":321,"column":37},"end":{"line":321,"column":39}}],"line":321},"22":{"loc":{"start":{"line":322,"column":19},"end":{"line":322,"column":55}},"type":"binary-expr","locations":[{"start":{"line":322,"column":19},"end":{"line":322,"column":49}},{"start":{"line":322,"column":53},"end":{"line":322,"column":55}}],"line":322}},"s":{"0":2,"1":2,"2":0,"3":2,"4":2,"5":2,"6":0},"f":{"0":0,"1":0},"b":{"0":[0,0],"1":[0,0],"2":[0,0],"3":[0,0],"4":[0,0],"5":[0,0],"6":[0,0],"7":[0,0],"8":[0,0],"9":[0,0],"10":[0,0],"11":[0,0],"12":[0,0],"13":[0,0],"14":[0,0],"15":[0,0],"16":[0,0],"17":[0,0],"18":[0,0],"19":[0,0],"20":[0,0],"21":[0,0],"22":[0,0]},"_coverageSchema":"43e27e138ebf9cfc5966b082cf9a028302ed4184","hash":"d5865cb44bac2890511ac780be8d005c2264010b"}
,"/Users/pavliha/Code/partymaker-admin/src/components/PlaceListItem.jsx": {"path":"/Users/pavliha/Code/partymaker-admin/src/components/PlaceListItem.jsx","statementMap":{"0":{"start":{"line":13,"column":15},"end":{"line":108,"column":2}},"1":{"start":{"line":13,"column":25},"end":{"line":108,"column":1}},"2":{"start":{"line":110,"column":22},"end":{"line":140,"column":1}},"3":{"start":{"line":111,"column":20},"end":{"line":111,"column":82}},"4":{"start":{"line":112,"column":23},"end":{"line":112,"column":95}},"5":{"start":{"line":113,"column":25},"end":{"line":113,"column":101}},"6":{"start":{"line":115,"column":2},"end":{"line":139,"column":3}},"7":{"start":{"line":120,"column":23},"end":{"line":120,"column":38}},"8":{"start":{"line":142,"column":0},"end":{"line":147,"column":1}},"9":{"start":{"line":149,"column":0},"end":{"line":151,"column":1}}},"fnMap":{"0":{"name":"(anonymous_0)","decl":{"start":{"line":13,"column":15},"end":{"line":13,"column":16}},"loc":{"start":{"line":13,"column":25},"end":{"line":108,"column":1}},"line":13},"1":{"name":"(anonymous_1)","decl":{"start":{"line":110,"column":22},"end":{"line":110,"column":23}},"loc":{"start":{"line":110,"column":64},"end":{"line":140,"column":1}},"line":110},"2":{"name":"(anonymous_2)","decl":{"start":{"line":120,"column":17},"end":{"line":120,"column":18}},"loc":{"start":{"line":120,"column":23},"end":{"line":120,"column":38}},"line":120},"3":{"name":"(anonymous_3)","decl":{"start":{"line":150,"column":12},"end":{"line":150,"column":13}},"loc":{"start":{"line":150,"column":18},"end":{"line":150,"column":20}},"line":150}},"branchMap":{"0":{"loc":{"start":{"line":132,"column":11},"end":{"line":134,"column":23}},"type":"binary-expr","locations":[{"start":{"line":132,"column":11},"end":{"line":132,"column":17}},{"start":{"line":132,"column":21},"end":{"line":134,"column":23}}],"line":132}},"s":{"0":2,"1":0,"2":2,"3":0,"4":0,"5":0,"6":0,"7":0,"8":2,"9":2},"f":{"0":0,"1":0,"2":0,"3":0},"b":{"0":[0,0]},"_coverageSchema":"43e27e138ebf9cfc5966b082cf9a028302ed4184","hash":"f8ac05eb8d43839b1311a0c53ba8bcc9b0e0f332"}
,"/Users/pavliha/Code/partymaker-admin/src/components/PlaceListItemHandle.jsx": {"path":"/Users/pavliha/Code/partymaker-admin/src/components/PlaceListItemHandle.jsx","statementMap":{"0":{"start":{"line":6,"column":28},"end":{"line":7,"column":40}},"1":{"start":{"line":7,"column":2},"end":{"line":7,"column":40}},"2":{"start":{"line":9,"column":0},"end":{"line":11,"column":1}}},"fnMap":{"0":{"name":"(anonymous_0)","decl":{"start":{"line":6,"column":28},"end":{"line":6,"column":29}},"loc":{"start":{"line":7,"column":2},"end":{"line":7,"column":40}},"line":7}},"branchMap":{},"s":{"0":2,"1":0,"2":2},"f":{"0":0},"b":{},"_coverageSchema":"43e27e138ebf9cfc5966b082cf9a028302ed4184","hash":"f1e084ad0da57bdd5d0cec732444eae6c4111a9d"}
,"/Users/pavliha/Code/partymaker-admin/src/components/PlaceLoader.jsx": {"path":"/Users/pavliha/Code/partymaker-admin/src/components/PlaceLoader.jsx","statementMap":{"0":{"start":{"line":6,"column":20},"end":{"line":9,"column":11}},"1":{"start":{"line":7,"column":2},"end":{"line":9,"column":11}},"2":{"start":{"line":11,"column":0},"end":{"line":15,"column":1}},"3":{"start":{"line":17,"column":14},"end":{"line":19,"column":2}},"4":{"start":{"line":17,"column":21},"end":{"line":19,"column":1}}},"fnMap":{"0":{"name":"(anonymous_0)","decl":{"start":{"line":6,"column":20},"end":{"line":6,"column":21}},"loc":{"start":{"line":7,"column":2},"end":{"line":9,"column":11}},"line":7},"1":{"name":"(anonymous_1)","decl":{"start":{"line":17,"column":14},"end":{"line":17,"column":15}},"loc":{"start":{"line":17,"column":21},"end":{"line":19,"column":1}},"line":17}},"branchMap":{},"s":{"0":2,"1":0,"2":2,"3":2,"4":0},"f":{"0":0,"1":0},"b":{},"_coverageSchema":"43e27e138ebf9cfc5966b082cf9a028302ed4184","hash":"87257788f94dcfca3c12240175714f8a9c07691d"}
,"/Users/pavliha/Code/partymaker-admin/src/components/PlacesList.jsx": {"path":"/Users/pavliha/Code/partymaker-admin/src/components/PlacesList.jsx","statementMap":{"0":{"start":{"line":10,"column":15},"end":{"line":12,"column":2}},"1":{"start":{"line":10,"column":22},"end":{"line":12,"column":1}},"2":{"start":{"line":14,"column":19},"end":{"line":34,"column":1}},"3":{"start":{"line":15,"column":28},"end":{"line":15,"column":42}},"4":{"start":{"line":17,"column":2},"end":{"line":33,"column":3}},"5":{"start":{"line":20,"column":8},"end":{"line":25,"column":10}},"6":{"start":{"line":36,"column":0},"end":{"line":41,"column":1}},"7":{"start":{"line":43,"column":14},"end":{"line":45,"column":2}},"8":{"start":{"line":43,"column":21},"end":{"line":45,"column":1}},"9":{"start":{"line":44,"column":25},"end":{"line":44,"column":57}}},"fnMap":{"0":{"name":"(anonymous_0)","decl":{"start":{"line":10,"column":15},"end":{"line":10,"column":16}},"loc":{"start":{"line":10,"column":22},"end":{"line":12,"column":1}},"line":10},"1":{"name":"(anonymous_1)","decl":{"start":{"line":14,"column":19},"end":{"line":14,"column":20}},"loc":{"start":{"line":14,"column":62},"end":{"line":34,"column":1}},"line":14},"2":{"name":"(anonymous_2)","decl":{"start":{"line":19,"column":18},"end":{"line":19,"column":19}},"loc":{"start":{"line":20,"column":8},"end":{"line":25,"column":10}},"line":20},"3":{"name":"(anonymous_3)","decl":{"start":{"line":43,"column":14},"end":{"line":43,"column":15}},"loc":{"start":{"line":43,"column":21},"end":{"line":45,"column":1}},"line":43},"4":{"name":"(anonymous_4)","decl":{"start":{"line":44,"column":16},"end":{"line":44,"column":17}},"loc":{"start":{"line":44,"column":25},"end":{"line":44,"column":57}},"line":44}},"branchMap":{},"s":{"0":2,"1":0,"2":2,"3":0,"4":0,"5":0,"6":2,"7":2,"8":0,"9":0},"f":{"0":0,"1":0,"2":0,"3":0,"4":0},"b":{},"_coverageSchema":"43e27e138ebf9cfc5966b082cf9a028302ed4184","hash":"1395762a03f4d0c9190b7f60d8f1c149392cb980"}
,"/Users/pavliha/Code/partymaker-admin/src/components/ServerMessage.jsx": {"path":"/Users/pavliha/Code/partymaker-admin/src/components/ServerMessage.jsx","statementMap":{"0":{"start":{"line":6,"column":15},"end":{"line":8,"column":1}},"1":{"start":{"line":10,"column":22},"end":{"line":18,"column":1}},"2":{"start":{"line":11,"column":18},"end":{"line":11,"column":65}},"3":{"start":{"line":13,"column":2},"end":{"line":17,"column":3}},"4":{"start":{"line":20,"column":0},"end":{"line":41,"column":1}}},"fnMap":{"0":{"name":"(anonymous_0)","decl":{"start":{"line":10,"column":22},"end":{"line":10,"column":23}},"loc":{"start":{"line":10,"column":109},"end":{"line":18,"column":1}},"line":10}},"branchMap":{"0":{"loc":{"start":{"line":11,"column":18},"end":{"line":11,"column":65}},"type":"binary-expr","locations":[{"start":{"line":11,"column":18},"end":{"line":11,"column":37}},{"start":{"line":11,"column":42},"end":{"line":11,"column":48}},{"start":{"line":11,"column":52},"end":{"line":11,"column":64}}],"line":11}},"s":{"0":2,"1":2,"2":0,"3":0,"4":2},"f":{"0":0},"b":{"0":[0,0,0]},"_coverageSchema":"43e27e138ebf9cfc5966b082cf9a028302ed4184","hash":"465c7a9a069cf1d595da688009dbd9f2b208a697"}
,"/Users/pavliha/Code/partymaker-admin/src/components/Thumbnail.jsx": {"path":"/Users/pavliha/Code/partymaker-admin/src/components/Thumbnail.jsx","statementMap":{"0":{"start":{"line":6,"column":15},"end":{"line":13,"column":1}},"1":{"start":{"line":15,"column":18},"end":{"line":20,"column":4}},"2":{"start":{"line":16,"column":2},"end":{"line":20,"column":4}},"3":{"start":{"line":22,"column":0},"end":{"line":27,"column":1}},"4":{"start":{"line":29,"column":0},"end":{"line":31,"column":1}}},"fnMap":{"0":{"name":"(anonymous_0)","decl":{"start":{"line":15,"column":18},"end":{"line":15,"column":19}},"loc":{"start":{"line":16,"column":2},"end":{"line":20,"column":4}},"line":16},"1":{"name":"(anonymous_1)","decl":{"start":{"line":30,"column":11},"end":{"line":30,"column":12}},"loc":{"start":{"line":30,"column":17},"end":{"line":30,"column":19}},"line":30}},"branchMap":{"0":{"loc":{"start":{"line":18,"column":30},"end":{"line":18,"column":50}},"type":"binary-expr","locations":[{"start":{"line":18,"column":30},"end":{"line":18,"column":33}},{"start":{"line":18,"column":37},"end":{"line":18,"column":50}}],"line":18}},"s":{"0":2,"1":2,"2":0,"3":2,"4":2},"f":{"0":0,"1":0},"b":{"0":[0,0]},"_coverageSchema":"43e27e138ebf9cfc5966b082cf9a028302ed4184","hash":"3249883b0ab25f6db3221ccda05796915accf708"}
,"/Users/pavliha/Code/partymaker-admin/src/components/UploadFieldAdornment.jsx": {"path":"/Users/pavliha/Code/partymaker-admin/src/components/UploadFieldAdornment.jsx","statementMap":{"0":{"start":{"line":9,"column":15},"end":{"line":16,"column":1}},"1":{"start":{"line":18,"column":29},"end":{"line":37,"column":1}},"2":{"start":{"line":20,"column":2},"end":{"line":22,"column":3}},"3":{"start":{"line":21,"column":4},"end":{"line":21,"column":99}},"4":{"start":{"line":24,"column":2},"end":{"line":26,"column":3}},"5":{"start":{"line":25,"column":4},"end":{"line":25,"column":98}},"6":{"start":{"line":28,"column":2},"end":{"line":30,"column":3}},"7":{"start":{"line":29,"column":4},"end":{"line":29,"column":100}},"8":{"start":{"line":32,"column":2},"end":{"line":34,"column":3}},"9":{"start":{"line":33,"column":4},"end":{"line":33,"column":100}},"10":{"start":{"line":36,"column":2},"end":{"line":36,"column":93}},"11":{"start":{"line":39,"column":0},"end":{"line":48,"column":1}}},"fnMap":{"0":{"name":"(anonymous_0)","decl":{"start":{"line":18,"column":29},"end":{"line":18,"column":30}},"loc":{"start":{"line":18,"column":102},"end":{"line":37,"column":1}},"line":18}},"branchMap":{"0":{"loc":{"start":{"line":20,"column":2},"end":{"line":22,"column":3}},"type":"if","locations":[{"start":{"line":20,"column":2},"end":{"line":22,"column":3}},{"start":{"line":20,"column":2},"end":{"line":22,"column":3}}],"line":20},"1":{"loc":{"start":{"line":24,"column":2},"end":{"line":26,"column":3}},"type":"if","locations":[{"start":{"line":24,"column":2},"end":{"line":26,"column":3}},{"start":{"line":24,"column":2},"end":{"line":26,"column":3}}],"line":24},"2":{"loc":{"start":{"line":28,"column":2},"end":{"line":30,"column":3}},"type":"if","locations":[{"start":{"line":28,"column":2},"end":{"line":30,"column":3}},{"start":{"line":28,"column":2},"end":{"line":30,"column":3}}],"line":28},"3":{"loc":{"start":{"line":32,"column":2},"end":{"line":34,"column":3}},"type":"if","locations":[{"start":{"line":32,"column":2},"end":{"line":34,"column":3}},{"start":{"line":32,"column":2},"end":{"line":34,"column":3}}],"line":32}},"s":{"0":3,"1":3,"2":15,"3":0,"4":15,"5":0,"6":15,"7":3,"8":12,"9":1,"10":11,"11":3},"f":{"0":15},"b":{"0":[0,15],"1":[0,15],"2":[3,12],"3":[1,11]},"_coverageSchema":"43e27e138ebf9cfc5966b082cf9a028302ed4184","hash":"571906e2325cdc3db7399c059fd2a935ec4f4e5d"}
,"/Users/pavliha/Code/partymaker-admin/src/components/index.js": {"path":"/Users/pavliha/Code/partymaker-admin/src/components/index.js","statementMap":{},"fnMap":{},"branchMap":{},"s":{},"f":{},"b":{},"_coverageSchema":"43e27e138ebf9cfc5966b082cf9a028302ed4184","hash":"11bb9639a70340cb88d092016becc470536710b5"}
,"/Users/pavliha/Code/partymaker-admin/src/components/Account/Account.jsx": {"path":"/Users/pavliha/Code/partymaker-admin/src/components/Account/Account.jsx","statementMap":{"0":{"start":{"line":9,"column":15},"end":{"line":28,"column":1}},"1":{"start":{"line":30,"column":16},"end":{"line":64,"column":1}},"2":{"start":{"line":31,"column":29},"end":{"line":31,"column":43}},"3":{"start":{"line":33,"column":2},"end":{"line":33,"column":24}},"4":{"start":{"line":33,"column":13},"end":{"line":33,"column":24}},"5":{"start":{"line":35,"column":2},"end":{"line":63,"column":3}},"6":{"start":{"line":41,"column":22},"end":{"line":41,"column":49}},"7":{"start":{"line":47,"column":22},"end":{"line":47,"column":49}},"8":{"start":{"line":55,"column":23},"end":{"line":55,"column":39}},"9":{"start":{"line":58,"column":10},"end":{"line":58,"column":18}},"10":{"start":{"line":59,"column":10},"end":{"line":59,"column":26}},"11":{"start":{"line":66,"column":0},"end":{"line":73,"column":1}},"12":{"start":{"line":75,"column":14},"end":{"line":78,"column":2}},"13":{"start":{"line":75,"column":24},"end":{"line":78,"column":1}}},"fnMap":{"0":{"name":"(anonymous_0)","decl":{"start":{"line":30,"column":16},"end":{"line":30,"column":17}},"loc":{"start":{"line":30,"column":69},"end":{"line":64,"column":1}},"line":30},"1":{"name":"(anonymous_1)","decl":{"start":{"line":41,"column":17},"end":{"line":41,"column":18}},"loc":{"start":{"line":41,"column":22},"end":{"line":41,"column":49}},"line":41},"2":{"name":"(anonymous_2)","decl":{"start":{"line":47,"column":17},"end":{"line":47,"column":18}},"loc":{"start":{"line":47,"column":22},"end":{"line":47,"column":49}},"line":47},"3":{"name":"(anonymous_3)","decl":{"start":{"line":55,"column":17},"end":{"line":55,"column":18}},"loc":{"start":{"line":55,"column":23},"end":{"line":55,"column":39}},"line":55},"4":{"name":"(anonymous_4)","decl":{"start":{"line":57,"column":27},"end":{"line":57,"column":28}},"loc":{"start":{"line":57,"column":33},"end":{"line":60,"column":9}},"line":57},"5":{"name":"(anonymous_5)","decl":{"start":{"line":75,"column":14},"end":{"line":75,"column":15}},"loc":{"start":{"line":75,"column":24},"end":{"line":78,"column":1}},"line":75}},"branchMap":{"0":{"loc":{"start":{"line":33,"column":2},"end":{"line":33,"column":24}},"type":"if","locations":[{"start":{"line":33,"column":2},"end":{"line":33,"column":24}},{"start":{"line":33,"column":2},"end":{"line":33,"column":24}}],"line":33},"1":{"loc":{"start":{"line":39,"column":19},"end":{"line":39,"column":49}},"type":"cond-expr","locations":[{"start":{"line":39,"column":26},"end":{"line":39,"column":37}},{"start":{"line":39,"column":40},"end":{"line":39,"column":49}}],"line":39}},"s":{"0":3,"1":3,"2":2,"3":2,"4":1,"5":1,"6":0,"7":0,"8":0,"9":0,"10":0,"11":3,"12":3,"13":2},"f":{"0":2,"1":0,"2":0,"3":0,"4":0,"5":2},"b":{"0":[1,1],"1":[0,1]},"_coverageSchema":"43e27e138ebf9cfc5966b082cf9a028302ed4184","hash":"5a72d933acde984c1c1419b47b9888
[...]
,"/Users/pavliha/Code/partymaker-admin/src/services/Http.js": {"path":"/Users/pavliha/Code/partymaker-admin/src/services/Http.js","statementMap":{"0":{"start":{"line":4,"column":13},"end":{"line":7,"column":2}},"1":{"start":{"line":9,"column":0},"end":{"line":12,"column":2}},"2":{"start":{"line":10,"column":2},"end":{"line":10,"column":73}},"3":{"start":{"line":11,"column":2},"end":{"line":11,"column":15}},"4":{"start":{"line":15,"column":0},"end":{"line":23,"column":4}},"5":{"start":{"line":16,"column":14},"end":{"line":16,"column":27}},"6":{"start":{"line":18,"column":4},"end":{"line":18,"column":79}},"7":{"start":{"line":18,"column":42},"end":{"line":18,"column":79}},"8":{"start":{"line":19,"column":4},"end":{"line":19,"column":54}},"9":{"start":{"line":19,"column":42},"end":{"line":19,"column":54}},"10":{"start":{"line":20,"column":4},"end":{"line":20,"column":58}},"11":{"start":{"line":20,"column":32},"end":{"line":20,"column":58}},"12":{"start":{"line":21,"column":4},"end":{"line":21,"column":47}},"13":{"start":{"line":21,"column":26},"end":{"line":21,"column":47}},"14":{"start":{"line":22,"column":4},"end":{"line":22,"column":28}},"15":{"start":{"line":22,"column":16},"end":{"line":22,"column":28}}},"fnMap":{"0":{"name":"(anonymous_0)","decl":{"start":{"line":9,"column":30},"end":{"line":9,"column":31}},"loc":{"start":{"line":9,"column":40},"end":{"line":12,"column":1}},"line":9},"1":{"name":"(anonymous_1)","decl":{"start":{"line":16,"column":2},"end":{"line":16,"column":3}},"loc":{"start":{"line":16,"column":14},"end":{"line":16,"column":27}},"line":16},"2":{"name":"(anonymous_2)","decl":{"start":{"line":17,"column":2},"end":{"line":17,"column":3}},"loc":{"start":{"line":17,"column":12},"end":{"line":23,"column":3}},"line":17}},"branchMap":{"0":{"loc":{"start":{"line":18,"column":4},"end":{"line":18,"column":79}},"type":"if","locations":[{"start":{"line":18,"column":4},"end":{"line":18,"column":79}},{"start":{"line":18,"column":4},"end":{"line":18,"column":79}}],"line":18},"1":{"loc":{"start":{"line":19,"column":4},"end":{"line":19,"column":54}},"type":"if","locations":[{"start":{"line":19,"column":4},"end":{"line":19,"column":54}},{"start":{"line":19,"column":4},"end":{"line":19,"column":54}}],"line":19},"2":{"loc":{"start":{"line":20,"column":4},"end":{"line":20,"column":58}},"type":"if","locations":[{"start":{"line":20,"column":4},"end":{"line":20,"column":58}},{"start":{"line":20,"column":4},"end":{"line":20,"column":58}}],"line":20},"3":{"loc":{"start":{"line":21,"column":4},"end":{"line":21,"column":47}},"type":"if","locations":[{"start":{"line":21,"column":4},"end":{"line":21,"column":47}},{"start":{"line":21,"column":4},"end":{"line":21,"column":47}}],"line":21},"4":{"loc":{"start":{"line":22,"column":4},"end":{"line":22,"column":28}},"type":"if","locations":[{"start":{"line":22,"column":4},"end":{"line":22,"column":28}},{"start":{"line":22,"column":4},"end":{"line":22,"column":28}}],"line":22}},"s":{"0":4,"1":4,"2":0,"3":0,"4":4,"5":0,"6":0,"7":0,"8":0,"9":0,"10":0,"11":0,"12":0,"13":0,"14":0,"15":0},"f":{"0":0,"1":0,"2":0},"b":{"0":[0,0],"1":[0,0],"2":[0,0],"3":[0,0],"4":[0,0]},"_coverageSchema":"43e27e138ebf9cfc5966b082cf9a028302ed4184","hash":"a37354785014ec07e75cd4a4da6d7e709622c3a3"}
,"/Users/pavliha/Code/partymaker-admin/src/services/Storage.js": {"path":"/Users/pavliha/Code/partymaker-admin/src/services/Storage.js","statementMap":{"0":{"start":{"line":4,"column":4},"end":{"line":4,"column":50}},"1":{"start":{"line":4,"column":39},"end":{"line":4,"column":50}},"2":{"start":{"line":6,"column":4},"end":{"line":6,"column":49}},"3":{"start":{"line":10,"column":4},"end":{"line":10,"column":45}},"4":{"start":{"line":10,"column":39},"end":{"line":10,"column":45}},"5":{"start":{"line":12,"column":20},"end":{"line":12,"column":41}},"6":{"start":{"line":14,"column":4},"end":{"line":16,"column":6}},"7":{"start":{"line":15,"column":6},"end":{"line":15,"column":54}},"8":{"start":{"line":20,"column":4},"end":{"line":20,"column":24}},"9":{"start":{"line":25,"column":16},"end":{"line":25,"column":29}}},"fnMap":{"0":{"name":"(anonymous_0)","decl":{"start":{"line":3,"column":2},"end":{"line":3,"column":3}},"loc":{"start":{"line":3,"column":12},"end":{"line":7,"column":3}},"line":3},"1":{"name":"(anonymous_1)","decl":{"start":{"line":9,"column":2},"end":{"line":9,"column":3}},"loc":{"start":{"line":9,"column":13},"end":{"line":17,"column":3}},"line":9},"2":{"name":"(anonymous_2)","decl":{"start":{"line":14,"column":20},"end":{"line":14,"column":21}},"loc":{"start":{"line":14,"column":38},"end":{"line":16,"column":5}},"line":14},"3":{"name":"(anonymous_3)","decl":{"start":{"line":19,"column":2},"end":{"line":19,"column":3}},"loc":{"start":{"line":19,"column":10},"end":{"line":21,"column":3}},"line":19}},"branchMap":{"0":{"loc":{"start":{"line":4,"column":4},"end":{"line":4,"column":50}},"type":"if","locations":[{"start":{"line":4,"column":4},"end":{"line":4,"column":50}},{"start":{"line":4,"column":4},"end":{"line":4,"column":50}}],"line":4},"1":{"loc":{"start":{"line":10,"column":4},"end":{"line":10,"column":45}},"type":"if","locations":[{"start":{"line":10,"column":4},"end":{"line":10,"column":45}},{"start":{"line":10,"column":4},"end":{"line":10,"column":45}}],"line":10}},"s":{"0":12,"1":0,"2":12,"3":0,"4":0,"5":0,"6":0,"7":0,"8":0,"9":4},"f":{"0":12,"1":0,"2":0,"3":0},"b":{"0":[0,12],"1":[0,0]},"_coverageSchema":"43e27e138ebf9cfc5966b082cf9a028302ed4184","hash":"83be05722503ec6b603d8cfe8d0d5afc7107d90b"}
,"/Users/pavliha/Code/partymaker-admin/src/shapes/contacts.js": {"path":"/Users/pavliha/Code/partymaker-admin/src/shapes/contacts.js","statementMap":{"0":{"start":{"line":3,"column":22},"end":{"line":13,"column":2}}},"fnMap":{},"branchMap":{},"s":{"0":4},"f":{},"b":{},"_coverageSchema":"43e27e138ebf9cfc5966b082cf9a028302ed4184","hash":"a32cdb0009ddf361d6685fa36d35503efb8c1a5a"}
,"/Users/pavliha/Code/partymaker-admin/src/shapes/entertainment.js": {"path":"/Users/pavliha/Code/partymaker-admin/src/shapes/entertainment.js","statementMap":{"0":{"start":{"line":3,"column":27},"end":{"line":8,"column":2}}},"fnMap":{},"branchMap":{},"s":{"0":4},"f":{},"b":{},"_coverageSchema":"43e27e138ebf9cfc5966b082cf9a028302ed4184","hash":"b1296d0e3de858d4dafa1227043e90155211d8d8"}
,"/Users/pavliha/Code/partymaker-admin/src/shapes/index.js": {"path":"/Users/pavliha/Code/partymaker-admin/src/shapes/index.js","statementMap":{},"fnMap":{},"branchMap":{},"s":{},"f":{},"b":{},"_coverageSchema":"43e27e138ebf9cfc5966b082cf9a028302ed4184","hash":"e6869153ec24db8577cde0c6b3541484ee5694a2"}
,"/Users/pavliha/Code/partymaker-admin/src/shapes/photo.js": {"path":"/Users/pavliha/Code/partymaker-admin/src/shapes/photo.js","statementMap":{"0":{"start":{"line":3,"column":19},"end":{"line":9,"column":2}}},"fnMap":{},"branchMap":{},"s":{"0":4},"f":{},"b":{},"_coverageSchema":"43e27e138ebf9cfc5966b082cf9a028302ed4184","hash":"95552e980068d3aa6d95150b62734cae0b8a8e24"}
,"/Users/pavliha/Code/partymaker-admin/src/shapes/place.js": {"path":"/Users/pavliha/Code/partymaker-admin/src/shapes/place.js","statementMap":{"0":{"start":{"line":4,"column":19},"end":{"line":14,"column":2}}},"fnMap":{},"branchMap":{},"s":{"0":4},"f":{},"b":{},"_coverageSchema":"43e27e138ebf9cfc5966b082cf9a028302ed4184","hash":"cdbc5e0c6b040f40f5ef7070b624f88670d222e9"}
,"/Users/pavliha/Code/partymaker-admin/src/shapes/service.js": {"path":"/Users/pavliha/Code/partymaker-admin/src/shapes/service.js","statementMap":{"0":{"start":{"line":3,"column":21},"end":{"line":10,"column":2}}},"fnMap":{},"branchMap":{},"s":{"0":4},"f":{},"b":{},"_coverageSchema":"43e27e138ebf9cfc5966b082cf9a028302ed4184","hash":"1b0fdf912df8d9af3efba2517775e611f80ded4e"}
,"/Users/pavliha/Code/partymaker-admin/src/utils/connect.js": {"path":"/Users/pavliha/Code/partymaker-admin/src/utils/connect.js","statementMap":{"0":{"start":{"line":4,"column":26},"end":{"line":33,"column":1}},"1":{"start":{"line":7,"column":26},"end":{"line":12,"column":3}},"2":{"start":{"line":8,"column":4},"end":{"line":8,"column":49}},"3":{"start":{"line":9,"column":21},"end":{"line":9,"column":76}},"4":{"start":{"line":9,"column":45},"end":{"line":9,"column":75}},"5":{"start":{"line":11,"column":4},"end":{"line":11,"column":81}},"6":{"start":{"line":11,"column":51},"end":{"line":11,"column":75}},"7":{"start":{"line":14,"column":29},"end":{"line":20,"column":3}},"8":{"start":{"line":15,"column":20},"end":{"line":15,"column":75}},"9":{"start":{"line":15,"column":44},"end":{"line":15,"column":74}},"10":{"start":{"line":17,"column":4},"end":{"line":19,"column":10}},"11":{"start":{"line":18,"column":6},"end":{"line":18,"column":67}},"12":{"start":{"line":22,"column":21},"end":{"line":30,"column":3}},"13":{"start":{"line":23,"column":4},"end":{"line":29,"column":5}},"14":{"start":{"line":32,"column":2},"end":{"line":32,"column":76}}},"fnMap":{"0":{"name":"(anonymous_0)","decl":{"start":{"line":4,"column":15},"end":{"line":4,"column":16}},"loc":{"start":{"line":4,"column":26},"end":{"line":33,"column":1}},"line":4},"1":{"name":"(anonymous_1)","decl":{"start":{"line":4,"column":26},"end":{"line":4,"column":27}},"loc":{"start":{"line":4,"column":41},"end":{"line":33,"column":1}},"line":4},"2":{"name":"(anonymous_2)","decl":{"start":{"line":7,"column":26},"end":{"line":7,"column":27}},"loc":{"start":{"line":7,"column":44},"end":{"line":12,"column":3}},"line":7},"3":{"name":"(anonymous_3)","decl":{"start":{"line":9,"column":36},"end":{"line":9,"column":37}},"loc":{"start":{"line":9,"column":45},"end":{"line":9,"column":75}},"line":9},"4":{"name":"(anonymous_4)","decl":{"start":{"line":11,"column":27},"end":{"line":11,"column":28}},"loc":{"start":{"line":11,"column":51},"end":{"line":11,"column":75}},"line":11},"5":{"name":"(anonymous_5)","decl":{"start":{"line":14,"column":29},"end":{"line":14,"column":30}},"loc":{"start":{"line":14,"column":43},"end":{"line":20,"column":3}},"line":14},"6":{"name":"(anonymous_6)","decl":{"start":{"line":15,"column":35},"end":{"line":15,"column":36}},"loc":{"start":{"line":15,"column":44},"end":{"line":15,"column":74}},"line":15},"7":{"name":"(anonymous_7)","decl":{"start":{"line":17,"column":26},"end":{"line":17,"column":27}},"loc":{"start":{"line":17,"column":49},"end":{"line":19,"column":5}},"line":17},"8":{"name":"(anonymous_8)","decl":{"start":{"line":22,"column":21},"end":{"line":22,"column":22}},"loc":{"start":{"line":22,"column":62},"end":{"line":30,"column":3}},"line":22}},"branchMap":{},"s":{"0":22,"1":22,"2":12,"3":12,"4":14,"5":12,"6":4,"7":22,"8":12,"9":14,"10":12,"11":10,"12":22,"13":12,"14":22},"f":{"0":22,"1":22,"2":12,"3":14,"4":4,"5":12,"6":14,"7":10,"8":12},"b":{},"_coverageSchema":"43e27e138ebf9cfc5966b082cf9a028302ed4184","hash":"a626fb4c757c029190f13afc6f7ec4a7647f9eb8"}
,"/Users/pavliha/Code/partymaker-admin/src/utils/fromJWT.js": {"path":"/Users/pavliha/Code/partymaker-admin/src/utils/fromJWT.js","statementMap":{"0":{"start":{"line":3,"column":16},"end":{"line":3,"column":57}},"1":{"start":{"line":3,"column":27},"end":{"line":3,"column":57}}},"fnMap":{"0":{"name":"(anonymous_0)","decl":{"start":{"line":3,"column":16},"end":{"line":3,"column":17}},"loc":{"start":{"line":3,"column":27},"end":{"line":3,"column":57}},"line":3}},"branchMap":{"0":{"loc":{"start":{"line":3,"column":27},"end":{"line":3,"column":57}},"type":"cond-expr","locations":[{"start":{"line":3,"column":35},"end":{"line":3,"column":50}},{"start":{"line":3,"column":53},"end":{"line":3,"column":57}}],"line":3}},"s":{"0":5,"1":8},"f":{"0":8},"b":{"0":[0,8]},"_coverageSchema":"43e27e138ebf9cfc5966b082cf9a028302ed4184","hash":"6ce435c5a8684c30a5cf87b21bce7e9e7dfdd0b8"}
,"/Users/pavliha/Code/partymaker-admin/src/utils/index.js": {"path":"/Users/pavliha/Code/partymaker-admin/src/utils/index.js","statementMap":{},"fnMap":{},"branchMap":{},"s":{},"f":{},"b":{},"_coverageSchema":"43e27e138ebf9cfc5966b082cf9a028302ed4184","hash":"77874e2f732f1d041fab0f4c9045864284d72bda"}
,"/Users/pavliha/Code/partymaker-admin/src/utils/normalize.js": {"path":"/Users/pavliha/Code/partymaker-admin/src/utils/normalize.js","statementMap":{},"fnMap":{},"branchMap":{},"s":{},"f":{},"b":{},"_coverageSchema":"43e27e138ebf9cfc5966b082cf9a028302ed4184","hash":"89423fc3f3df981f5caef1f05ec3b4040bb9f14d"}
,"/Users/pavliha/Code/partymaker-admin/src/utils/transformValidationApi.js": {"path":"/Users/pavliha/Code/partymaker-admin/src/utils/transformValidationApi.js","statementMap":{"0":{"start":{"line":1,"column":31},"end":{"line":24,"column":1}},"1":{"start":{"line":2,"column":2},"end":{"line":2,"column":22}},"2":{"start":{"line":4,"column":2},"end":{"line":7,"column":3}},"3":{"start":{"line":5,"column":4},"end":{"line":5,"column":24}},"4":{"start":{"line":6,"column":4},"end":{"line":6,"column":61}},"5":{"start":{"line":8,"column":2},"end":{"line":11,"column":3}},"6":{"start":{"line":9,"column":4},"end":{"line":9,"column":24}},"7":{"start":{"line":10,"column":4},"end":{"line":10,"column":54}},"8":{"start":{"line":13,"column":2},"end":{"line":13,"column":63}},"9":{"start":{"line":13,"column":21},"end":{"line":13,"column":63}},"10":{"start":{"line":15,"column":25},"end":{"line":15,"column":59}},"11":{"start":{"line":16,"column":26},"end":{"line":16,"column":57}},"12":{"start":{"line":18,"column":2},"end":{"line":20,"column":3}},"13":{"start":{"line":19,"column":4},"end":{"line":19,"column":71}},"14":{"start":{"line":21,"column":23},"end":{"line":21,"column":77}},"15":{"start":{"line":21,"column":43},"end":{"line":21,"column":75}},"16":{"start":{"line":23,"column":2},"end":{"line":23,"column":78}},"17":{"start":{"line":23,"column":51},"end":{"line":23,"column":76}}},"fnMap":{"0":{"name":"(anonymous_0)","decl":{"start":{"line":1,"column":31},"end":{"line":1,"column":32}},"loc":{"start":{"line":1,"column":40},"end":{"line":24,"column":1}},"line":1},"1":{"name":"(anonymous_1)","decl":{"start":{"line":21,"column":33},"end":{"line":21,"column":34}},"loc":{"start":{"line":21,"column":43},"end":{"line":21,"column":75}},"line":21},"2":{"name":"(anonymous_2)","decl":{"start":{"line":23,"column":29},"end":{"line":23,"column":30}},"loc":{"start":{"line":23,"column":51},"end":{"line":23,"column":76}},"line":23}},"branchMap":{"0":{"loc":{"start":{"line":4,"column":2},"end":{"line":7,"column":3}},"type":"if","locations":[{"start":{"line":4,"column":2},"end":{"line":7,"column":3}},{"start":{"line":4,"column":2},"end":{"line":7,"column":3}}],"line":4},"1":{"loc":{"start":{"line":8,"column":2},"end":{"line":11,"column":3}},"type":"if","locations":[{"start":{"line":8,"column":2},"end":{"line":11,"column":3}},{"start":{"line":8,"column":2},"end":{"line":11,"column":3}}],"line":8},"2":{"loc":{"start":{"line":13,"column":2},"end":{"line":13,"column":63}},"type":"if","locations":[{"start":{"line":13,"column":2},"end":{"line":13,"column":63}},{"start":{"line":13,"column":2},"end":{"line":13,"column":63}}],"line":13},"3":{"loc":{"start":{"line":18,"column":2},"end":{"line":20,"column":3}},"type":"if","locations":[{"start":{"line":18,"column":2},"end":{"line":20,"column":3}},{"start":{"line":18,"column":2},"end":{"line":20,"column":3}}],"line":18},"4":{"loc":{"start":{"line":18,"column":6},"end":{"line":18,"column":39}},"type":"binary-expr","locations":[{"start":{"line":18,"column":6},"end":{"line":18,"column":20}},{"start":{"line":18,"column":24},"end":{"line":18,"column":39}}],"line":18}},"s":{"0":5,"1":0,"2":0,"3":0,"4":0,"5":0,"6":0,"7":0,"8":0,"9":0,"10":0,"11":0,"12":0,"13":0,"14":0,"15":0,"16":0,"17":0},"f":{"0":0,"1":0,"2":0},"b":{"0":[0,0],"1":[0,0],"2":[0,0],"3":[0,0],"4":[0,0]},"_coverageSchema":"43e27e138ebf9cfc5966b082cf9a028302ed4184","hash":"8bda565453998671476cc5943536e0027762d6bb"}
,"/Users/pavliha/Code/partymaker-admin/src/utils/appendFileNameSuffix/appendFileNameSuffix.js": {"path":"/Users/pavliha/Code/partymaker-admin/src/utils/appendFileNameSuffix/appendFileNameSuffix.js","statementMap":{"0":{"start":{"line":3,"column":29},"end":{"line":10,"column":1}},"1":{"start":{"line":4,"column":19},"end":{"line":4,"column":37}},"2":{"start":{"line":5,"column":20},"end":{"line":5,"column":37}},"3":{"start":{"line":6,"column":15},"end":{"line":6,"column":46}},"4":{"start":{"line":7,"column":14},"end":{"line":7,"column":31}},"5":{"start":{"line":8,"column":2},"end":{"line":8,"column":66}},"6":{"start":{"line":8,"column":29},"end":{"line":8,"column":66}},"7":{"start":{"line":9,"column":2},"end":{"line":9,"column":46}}},"fnMap":{"0":{"name":"(anonymous_0)","decl":{"start":{"line":3,"column":29},"end":{"line":3,"column":30}},"loc":{"start":{"line":3,"column":51},"end":{"line":10,"column":1}},"line":3}},"branchMap":{"0":{"loc":{"start":{"line":8,"column":2},"end":{"line":8,"column":66}},"type":"if","locations":[{"start":{"line":8,"column":2},"end":{"line":8,"column":66}},{"start":{"line":8,"column":2},"end":{"line":8,"column":66}}],"line":8}},"s":{"0":6,"1":3,"2":3,"3":3,"4":3,"5":3,"6":2,"7":1},"f":{"0":3},"b":{"0":[2,1]},"_coverageSchema":"43e27e138ebf9cfc5966b082cf9a028302ed4184","hash":"c69cf04d88722dce0e8a86ba4d42598bd1934aef"}
,"/Users/pavliha/Code/partymaker-admin/src/utils/appendFileNameSuffix/index.js": {"path":"/Users/pavliha/Code/partymaker-admin/src/utils/appendFileNameSuffix/index.js","statementMap":{},"fnMap":{},"branchMap":{},"s":{},"f":{},"b":{},"_coverageSchema":"43e27e138ebf9cfc5966b082cf9a028302ed4184","hash":"660a798ddc4fa2df85a839f3b1fd194f812359df"}
,"/Users/pavliha/Code/partymaker-admin/src/utils/arrayToObject/arrayToObject.js": {"path":"/Users/pavliha/Code/partymaker-admin/src/utils/arrayToObject/arrayToObject.js","statementMap":{"0":{"start":{"line":2,"column":24},"end":{"line":7,"column":6}},"1":{"start":{"line":3,"column":2},"end":{"line":3,"column":61}},"2":{"start":{"line":3,"column":16},"end":{"line":3,"column":61}},"3":{"start":{"line":4,"column":2},"end":{"line":4,"column":21}},"4":{"start":{"line":6,"column":2},"end":{"line":6,"column":12}}},"fnMap":{"0":{"name":"(anonymous_0)","decl":{"start":{"line":2,"column":15},"end":{"line":2,"column":16}},"loc":{"start":{"line":2,"column":24},"end":{"line":7,"column":6}},"line":2},"1":{"name":"(anonymous_1)","decl":{"start":{"line":2,"column":45},"end":{"line":2,"column":46}},"loc":{"start":{"line":2,"column":60},"end":{"line":7,"column":1}},"line":2}},"branchMap":{"0":{"loc":{"start":{"line":2,"column":25},"end":{"line":2,"column":36}},"type":"binary-expr","locations":[{"start":{"line":2,"column":25},"end":{"line":2,"column":30}},{"start":{"line":2,"column":34},"end":{"line":2,"column":36}}],"line":2},"1":{"loc":{"start":{"line":3,"column":2},"end":{"line":3,"column":61}},"type":"if","locations":[{"start":{"line":3,"column":2},"end":{"line":3,"column":61}},{"start":{"line":3,"column":2},"end":{"line":3,"column":61}}],"line":3}},"s":{"0":2,"1":2,"2":1,"3":1,"4":1},"f":{"0":2,"1":2},"b":{"0":[2,0],"1":[1,1]},"_coverageSchema":"43e27e138ebf9cfc5966b082cf9a028302ed4184","hash":"ad7ff928365bd8f478dfdb9cbc07fd745dcc5ba0"}
}
