TN:
SF:/Users/pavliha/Code/partymaker-admin/src/api/entertainment.js
FN:6,(anonymous_0)
FN:11,(anonymous_1)
FN:16,(anonymous_2)
FN:21,(anonymous_3)
FN:26,(anonymous_4)
FN:30,(anonymous_5)
FN:31,(anonymous_6)
FNF:7
FNH:0
FNDA:0,(anonymous_0)
FNDA:0,(anonymous_1)
FNDA:0,(anonymous_2)
FNDA:0,(anonymous_3)
FNDA:0,(anonymous_4)
FNDA:0,(anonymous_5)
FNDA:0,(anonymous_6)
DA:4,4
DA:7,0
DA:8,0
DA:12,0
DA:13,0
DA:17,0
DA:18,0
DA:22,0
DA:23,0
DA:27,0
DA:31,0
DA:32,0
LF:12
LH:1
BRF:0
BRH:0
end_of_record
TN:
SF:/Users/pavliha/Code/partymaker-admin/src/api/index.js
FNF:0
FNH:0
LF:0
LH:0
BRF:0
BRH:0
end_of_record
TN:
SF:/Users/pavliha/Code/partymaker-admin/src/api/auth/index.js
FN:11,(anonymous_0)
FN:15,(anonymous_1)
FN:19,(anonymous_2)
FN:23,(anonymous_3)
FN:27,(anonymous_4)
FN:31,(anonymous_5)
FNF:6
FNH:0
FNDA:0,(anonymous_0)
FNDA:0,(anonymous_1)
FNDA:0,(anonymous_2)
FNDA:0,(anonymous_3)
FNDA:0,(anonymous_4)
FNDA:0,(anonymous_5)
DA:5,4
DA:12,0
DA:16,0
DA:20,0
DA:24,0
DA:28,0
DA:32,0
LF:7
LH:1
BRF:0
BRH:0
end_of_record
TN:
SF:/Users/pavliha/Code/partymaker-admin/src/api/auth/password.js
FN:4,(anonymous_0)
FN:8,(anonymous_1)
FN:17,(anonymous_2)
FNF:3
FNH:0
FNDA:0,(anonymous_0)
FNDA:0,(anonymous_1)
FNDA:0,(anonymous_2)
DA:3,4
DA:5,0
DA:9,0
DA:11,0
DA:18,0
LF:5
LH:1
BRF:0
BRH:0
end_of_record
TN:
SF:/Users/pavliha/Code/partymaker-admin/src/api/auth/user/account.js
FN:5,(anonymous_0)
FN:9,(anonymous_1)
FNF:2
FNH:0
FNDA:0,(anonymous_0)
FNDA:0,(anonymous_1)
DA:3,4
DA:6,0
DA:10,0
LF:3
LH:1
BRF:0
BRH:0
end_of_record
TN:
SF:/Users/pavliha/Code/partymaker-admin/src/api/auth/user/index.js
FN:8,(anonymous_0)
FN:12,(anonymous_1)
FNF:2
FNH:0
FNDA:0,(anonymous_0)
FNDA:0,(anonymous_1)
DA:4,4
DA:9,0
DA:13,0
LF:3
LH:1
BRF:0
BRH:0
end_of_record
TN:
SF:/Users/pavliha/Code/partymaker-admin/src/api/place/contacts.js
FN:6,(anonymous_0)
FN:11,(anonymous_1)
FN:16,(anonymous_2)
FN:21,(anonymous_3)
FN:26,(anonymous_4)
FNF:5
FNH:0
FNDA:0,(anonymous_0)
FNDA:0,(anonymous_1)
FNDA:0,(anonymous_2)
FNDA:0,(anonymous_3)
FNDA:0,(anonymous_4)
DA:4,4
DA:7,0
DA:8,0
DA:12,0
DA:13,0
DA:17,0
DA:18,0
DA:22,0
DA:23,0
DA:27,0
LF:10
LH:1
BRF:0
BRH:0
end_of_record
TN:
SF:/Users/pavliha/Code/partymaker-admin/src/api/place/index.js
FN:7,(anonymous_0)
FN:17,(anonymous_1)
FN:22,(anonymous_2)
FN:27,(anonymous_3)
FN:32,(anonymous_4)
FN:37,(anonymous_5)
FN:41,(anonymous_6)
FN:42,(anonymous_7)
FNF:8
FNH:0
FNDA:0,(anonymous_0)
FNDA:0,(anonymous_1)
FNDA:0,(anonymous_2)
FNDA:0,(anonymous_3)
FNDA:0,(anonymous_4)
FNDA:0,(anonymous_5)
FNDA:0,(anonymous_6)
FNDA:0,(anonymous_7)
DA:7,4
DA:12,4
DA:18,0
DA:19,0
DA:23,0
DA:24,0
DA:28,0
DA:29,0
DA:33,0
DA:34,0
DA:38,0
DA:42,0
DA:43,0
LF:13
LH:2
BRF:0
BRH:0
end_of_record
TN:
SF:/Users/pavliha/Code/partymaker-admin/src/api/place/photos.js
FN:5,(anonymous_0)
FN:9,(anonymous_1)
FN:13,(anonymous_2)
FN:17,(anonymous_3)
FN:21,(anonymous_4)
FNF:5
FNH:0
FNDA:0,(anonymous_0)
FNDA:0,(anonymous_1)
FNDA:0,(anonymous_2)
FNDA:0,(anonymous_3)
FNDA:0,(anonymous_4)
DA:3,4
DA:6,0
DA:10,0
DA:14,0
DA:18,0
DA:22,0
LF:6
LH:1
BRF:0
BRH:0
end_of_record
TN:
SF:/Users/pavliha/Code/partymaker-admin/src/api/uploads/index.js
FN:10,(anonymous_0)
FNF:1
FNH:0
FNDA:0,(anonymous_0)
DA:6,4
DA:11,0
LF:2
LH:1
BRF:0
BRH:0
end_of_record
TN:
SF:/Users/pavliha/Code/partymaker-admin/src/api/uploads/picture/file.js
FN:3,(anonymous_0)
FN:4,(anonymous_1)
FN:12,(anonymous_2)
FNF:3
FNH:0
FNDA:0,(anonymous_0)
FNDA:0,(anonymous_1)
FNDA:0,(anonymous_2)
DA:3,4
DA:5,0
DA:6,0
DA:10,4
DA:13,0
DA:14,0
DA:15,0
DA:16,0
LF:8
LH:2
BRF:0
BRH:0
end_of_record
TN:
SF:/Users/pavliha/Code/partymaker-admin/src/api/uploads/picture/index.js
FNF:0
FNH:0
DA:4,4
LF:1
LH:1
BRF:0
BRH:0
end_of_record
TN:
SF:/Users/pavliha/Code/partymaker-admin/src/api/uploads/picture/url.js
FN:6,(anonymous_0)
FNF:1
FNH:0
FNDA:0,(anonymous_0)
DA:4,4
DA:7,0
DA:8,0
LF:3
LH:1
BRF:0
BRH:0
end_of_record
TN:
SF:/Users/pavliha/Code/partymaker-admin/src/components/EntertainmentForm.jsx
FN:13,(anonymous_0)
FN:60,(anonymous_1)
FNF:2
FNH:0
FNDA:0,(anonymous_0)
FNDA:0,(anonymous_1)
DA:9,2
DA:13,2
DA:14,0
DA:47,2
DA:56,2
DA:60,2
LF:6
LH:5
BRDA:41,0,0,0
BRDA:41,0,1,0
BRDA:61,1,0,0
BRDA:61,1,1,0
BRF:4
BRH:0
end_of_record
TN:
SF:/Users/pavliha/Code/partymaker-admin/src/components/EntertainmentListItemHandle.jsx
FN:7,(anonymous_0)
FN:22,(anonymous_1)
FNF:2
FNH:0
FNDA:0,(anonymous_0)
FNDA:0,(anonymous_1)
DA:7,2
DA:22,2
DA:23,0
DA:27,2
LF:4
LH:3
BRF:0
BRH:0
end_of_record
TN:
SF:/Users/pavliha/Code/partymaker-admin/src/components/EntertainmentsField.jsx
FN:12,(anonymous_0)
FN:32,(anonymous_1)
FN:52,(anonymous_2)
FNF:3
FNH:0
FNDA:0,(anonymous_0)
FNDA:0,(anonymous_1)
FNDA:0,(anonymous_2)
DA:8,2
DA:12,2
DA:23,0
DA:32,0
DA:38,2
DA:52,2
LF:6
LH:4
BRF:0
BRH:0
end_of_record
TN:
SF:/Users/pavliha/Code/partymaker-admin/src/components/EntertainmentsList.jsx
FN:10,(anonymous_0)
FN:26,(anonymous_1)
FN:29,(anonymous_2)
FN:29,(anonymous_3)
FN:31,(anonymous_4)
FN:37,(anonymous_5)
FN:72,(anonymous_6)
FNF:7
FNH:0
FNDA:0,(anonymous_0)
FNDA:0,(anonymous_1)
FNDA:0,(anonymous_2)
FNDA:0,(anonymous_3)
FNDA:0,(anonymous_4)
FNDA:0,(anonymous_5)
FNDA:0,(anonymous_6)
DA:10,2
DA:26,2
DA:27,0
DA:29,0
DA:30,0
DA:31,0
DA:32,0
DA:35,0
DA:38,0
DA:64,2
DA:72,2
LF:11
LH:4
BRF:0
BRH:0
end_of_record
TN:
SF:/Users/pavliha/Code/partymaker-admin/src/components/EntertainmentsListItem.jsx
FN:13,(anonymous_0)
FN:40,(anonymous_1)
FN:46,(anonymous_2)
FN:53,(anonymous_3)
FNF:4
FNH:0
FNDA:0,(anonymous_0)
FNDA:0,(anonymous_1)
FNDA:0,(anonymous_2)
FNDA:0,(anonymous_3)
DA:13,2
DA:40,2
DA:41,0
DA:46,0
DA:53,0
DA:67,2
LF:6
LH:3
BRF:0
BRH:0
end_of_record
TN:
SF:/Users/pavliha/Code/partymaker-admin/src/components/EntertainmentsLoader.jsx
FN:6,(anonymous_0)
FN:19,(anonymous_1)
FNF:2
FNH:0
FNDA:0,(anonymous_0)
FNDA:0,(anonymous_1)
DA:6,2
DA:7,0
DA:14,2
DA:19,2
LF:4
LH:3
BRF:0
BRH:0
end_of_record
TN:
SF:/Users/pavliha/Code/partymaker-admin/src/components/Field.jsx
FN:7,(anonymous_0)
FN:7,(anonymous_1)
FN:16,(anonymous_2)
FN:19,(anonymous_3)
FN:29,(anonymous_4)
FN:49,(anonymous_5)
FNF:6
FNH:0
FNDA:0,(anonymous_0)
FNDA:0,(anonymous_1)
FNDA:0,(anonymous_2)
FNDA:0,(anonymous_3)
FNDA:0,(anonymous_4)
FNDA:0,(anonymous_5)
DA:7,0
DA:8,0
DA:9,0
DA:10,0
DA:12,0
DA:13,0
DA:17,0
DA:18,0
DA:20,0
DA:22,0
DA:29,0
DA:40,2
DA:48,2
LF:13
LH:2
BRDA:9,0,0,0
BRDA:9,0,1,0
BRDA:10,1,0,0
BRDA:10,1,1,0
BRDA:30,2,0,0
BRDA:30,2,1,0
BRDA:31,3,0,0
BRDA:31,3,1,0
BRF:8
BRH:0
end_of_record
TN:
SF:/Users/pavliha/Code/partymaker-admin/src/components/Form.jsx
FN:9,(anonymous_0)
FN:29,(anonymous_1)
FN:36,(anonymous_2)
FN:46,(anonymous_3)
FNF:4
FNH:0
FNDA:0,(anonymous_0)
FNDA:0,(anonymous_1)
FNDA:0,(anonymous_2)
FNDA:0,(anonymous_3)
DA:9,0
DA:10,0
DA:11,0
DA:13,0
DA:15,0
DA:16,0
DA:19,0
DA:20,0
DA:21,0
DA:23,0
DA:25,0
DA:29,0
DA:30,0
DA:31,0
DA:33,0
DA:37,0
DA:38,0
DA:40,0
DA:46,0
DA:53,2
LF:20
LH:1
BRDA:15,0,0,0
BRDA:15,0,1,0
BRDA:31,1,0,0
BRDA:31,1,1,0
BRF:4
BRH:0
end_of_record
TN:
SF:/Users/pavliha/Code/partymaker-admin/src/components/FormDialog.jsx
FN:44,(anonymous_0)
FNF:1
FNH:0
FNDA:0,(anonymous_0)
DA:7,2
DA:44,2
DA:46,0
DA:48,0
DA:72,2
LF:5
LH:3
BRDA:46,0,0,0
BRDA:46,0,1,0
BRF:2
BRH:0
end_of_record
TN:
SF:/Users/pavliha/Code/partymaker-admin/src/components/Header.jsx
FN:22,(anonymous_0)
FNF:1
FNH:0
FNDA:0,(anonymous_0)
DA:6,2
DA:22,2
DA:23,0
DA:41,2
LF:4
LH:3
BRDA:24,0,0,0
BRDA:24,0,1,0
BRDA:34,1,0,0
BRDA:34,1,1,0
BRF:4
BRH:0
end_of_record
TN:
SF:/Users/pavliha/Code/partymaker-admin/src/components/Label.jsx
FN:26,(anonymous_0)
FNF:1
FNH:0
FNDA:0,(anonymous_0)
DA:7,2
DA:26,2
DA:27,0
DA:34,2
LF:4
LH:3
BRF:0
BRH:0
end_of_record
TN:
SF:/Users/pavliha/Code/partymaker-admin/src/components/Loader.jsx
FN:8,(anonymous_0)
FN:42,(anonymous_1)
FN:47,(anonymous_2)
FN:51,(anonymous_3)
FN:56,(anonymous_4)
FN:63,(anonymous_5)
FN:79,(anonymous_6)
FN:118,(anonymous_7)
FN:119,(anonymous_8)
FNF:9
FNH:0
FNDA:0,(anonymous_0)
FNDA:0,(anonymous_1)
FNDA:0,(anonymous_2)
FNDA:0,(anonymous_3)
FNDA:0,(anonymous_4)
FNDA:0,(anonymous_5)
FNDA:0,(anonymous_6)
FNDA:0,(anonymous_7)
FNDA:0,(anonymous_8)
DA:8,2
DA:35,0
DA:37,0
DA:43,0
DA:44,0
DA:48,0
DA:52,0
DA:53,0
DA:57,0
DA:58,0
DA:59,0
DA:60,0
DA:63,0
DA:64,0
DA:66,0
DA:68,0
DA:69,0
DA:70,0
DA:71,0
DA:72,0
DA:74,0
DA:75,0
DA:80,0
DA:81,0
DA:83,0
DA:84,0
DA:95,0
DA:96,0
DA:103,0
DA:107,2
DA:117,2
LF:31
LH:3
BRDA:52,0,0,0
BRDA:52,0,1,0
BRDA:58,1,0,0
BRDA:58,1,1,0
BRDA:66,2,0,0
BRDA:66,2,1,0
BRDA:83,3,0,0
BRDA:83,3,1,0
BRDA:95,4,0,0
BRDA:95,4,1,0
BRF:10
BRH:0
end_of_record
TN:
SF:/Users/pavliha/Code/partymaker-admin/src/components/Loading.jsx
FN:22,(anonymous_0)
FN:24,(anonymous_1)
FN:27,(anonymous_2)
FN:31,(anonymous_3)
FNF:4
FNH:0
FNDA:0,(anonymous_0)
FNDA:0,(anonymous_1)
FNDA:0,(anonymous_2)
FNDA:0,(anonymous_3)
DA:6,2
DA:18,0
DA:23,0
DA:24,0
DA:28,0
DA:32,0
DA:33,0
DA:35,0
DA:36,0
DA:39,0
DA:41,0
DA:49,2
DA:58,2
LF:13
LH:3
BRDA:35,0,0,0
BRDA:35,0,1,0
BRDA:39,1,0,0
BRDA:39,1,1,0
BRF:4
BRH:0
end_of_record
TN:
SF:/Users/pavliha/Code/partymaker-admin/src/components/LoginForm.jsx
FN:32,(anonymous_0)
FN:83,(anonymous_1)
FNF:2
FNH:0
FNDA:0,(anonymous_0)
FNDA:0,(anonymous_1)
DA:8,2
DA:32,2
DA:33,0
DA:76,2
DA:83,2
DA:88,2
LF:6
LH:5
BRDA:70,0,0,0
BRDA:70,0,1,0
BRF:2
BRH:0
end_of_record
TN:
SF:/Users/pavliha/Code/partymaker-admin/src/components/Logo.jsx
FN:17,(anonymous_0)
FNF:1
FNH:0
FNDA:0,(anonymous_0)
DA:5,2
DA:17,2
DA:18,0
DA:25,2
LF:4
LH:3
BRF:0
BRH:0
end_of_record
TN:
SF:/Users/pavliha/Code/partymaker-admin/src/components/Navigation.jsx
FN:7,(anonymous_0)
FN:41,(anonymous_1)
FNF:2
FNH:0
FNDA:0,(anonymous_0)
FNDA:0,(anonymous_1)
DA:7,2
DA:41,2
DA:42,0
DA:51,2
LF:4
LH:3
BRF:0
BRH:0
end_of_record
TN:
SF:/Users/pavliha/Code/partymaker-admin/src/components/NavigationItem.jsx
FN:7,(anonymous_0)
FN:36,(anonymous_1)
FNF:2
FNH:0
FNDA:0,(anonymous_0)
FNDA:0,(anonymous_1)
DA:7,2
DA:36,2
DA:37,0
DA:47,2
LF:4
LH:3
BRF:0
BRH:0
end_of_record
TN:
SF:/Users/pavliha/Code/partymaker-admin/src/components/NumberField.jsx
FN:6,(anonymous_0)
FN:16,(anonymous_1)
FNF:2
FNH:2
FNDA:20,(anonymous_0)
FNDA:2,(anonymous_1)
DA:6,2
DA:7,20
DA:16,2
DA:19,2
LF:4
LH:4
BRF:0
BRH:0
end_of_record
TN:
SF:/Users/pavliha/Code/partymaker-admin/src/components/PhotoListItem.jsx
FN:54,(anonymous_0)
FN:59,(anonymous_1)
FNF:2
FNH:0
FNDA:0,(anonymous_0)
FNDA:0,(anonymous_1)
DA:8,2
DA:54,2
DA:55,0
DA:59,0
DA:66,2
LF:5
LH:3
BRF:0
BRH:0
end_of_record
TN:
SF:/Users/pavliha/Code/partymaker-admin/src/components/PhotosField.jsx
FN:26,(anonymous_0)
FN:29,(anonymous_1)
FN:35,(anonymous_2)
FN:38,(anonymous_3)
FN:41,(anonymous_4)
FN:44,(anonymous_5)
FN:48,(anonymous_6)
FN:93,(anonymous_7)
FNF:8
FNH:0
FNDA:0,(anonymous_0)
FNDA:0,(anonymous_1)
FNDA:0,(anonymous_2)
FNDA:0,(anonymous_3)
FNDA:0,(anonymous_4)
FNDA:0,(anonymous_5)
FNDA:0,(anonymous_6)
FNDA:0,(anonymous_7)
DA:11,2
DA:21,0
DA:26,0
DA:27,0
DA:29,0
DA:30,0
DA:31,0
DA:32,0
DA:35,0
DA:36,0
DA:37,0
DA:38,0
DA:41,0
DA:42,0
DA:43,0
DA:44,0
DA:45,0
DA:49,0
DA:51,0
DA:82,2
DA:93,2
LF:21
LH:3
BRF:0
BRH:0
end_of_record
TN:
SF:/Users/pavliha/Code/partymaker-admin/src/components/PhotosForm.jsx
FN:24,(anonymous_0)
FN:28,(anonymous_1)
FN:31,(anonymous_2)
FN:45,(anonymous_3)
FN:60,(anonymous_4)
FNF:5
FNH:0
FNDA:0,(anonymous_0)
FNDA:0,(anonymous_1)
FNDA:0,(anonymous_2)
FNDA:0,(anonymous_3)
FNDA:0,(anonymous_4)
DA:6,2
DA:24,0
DA:25,0
DA:26,0
DA:27,0
DA:28,0
DA:32,0
DA:33,0
DA:45,0
DA:53,2
DA:60,2
LF:11
LH:3
BRF:0
BRH:0
end_of_record
TN:
SF:/Users/pavliha/Code/partymaker-admin/src/components/PhotosList.jsx
FN:16,(anonymous_0)
FN:18,(anonymous_1)
FNF:2
FNH:0
FNDA:0,(anonymous_0)
FNDA:0,(anonymous_1)
DA:9,2
DA:16,2
DA:17,0
DA:19,0
DA:28,2
LF:5
LH:3
BRF:0
BRH:0
end_of_record
TN:
SF:/Users/pavliha/Code/partymaker-admin/src/components/PlaceForm.jsx
FN:56,(anonymous_0)
FN:295,(anonymous_1)
FNF:2
FNH:0
FNDA:0,(anonymous_0)
FNDA:0,(anonymous_1)
DA:22,2
DA:56,2
DA:57,0
DA:257,2
DA:266,2
DA:295,2
LF:6
LH:5
BRDA:252,0,0,0
BRDA:252,0,1,0
BRDA:296,1,0,0
BRDA:296,1,1,0
BRDA:297,2,0,0
BRDA:297,2,1,0
BRDA:298,3,0,0
BRDA:298,3,1,0
BRDA:299,4,0,0
BRDA:299,4,1,0
BRDA:300,5,0,0
BRDA:300,5,1,0
BRDA:301,6,0,0
BRDA:301,6,1,0
BRDA:302,7,0,0
BRDA:302,7,1,0
BRDA:303,8,0,0
BRDA:303,8,1,0
BRDA:304,9,0,0
BRDA:304,9,1,0
BRDA:305,10,0,0
BRDA:305,10,1,0
BRDA:309,11,0,0
BRDA:309,11,1,0
BRDA:310,12,0,0
BRDA:310,12,1,0
BRDA:311,13,0,0
BRDA:311,13,1,0
BRDA:312,14,0,0
BRDA:312,14,1,0
BRDA:313,15,0,0
BRDA:313,15,1,0
BRDA:316,16,0,0
BRDA:316,16,1,0
BRDA:317,17,0,0
BRDA:317,17,1,0
BRDA:318,18,0,0
BRDA:318,18,1,0
BRDA:319,19,0,0
BRDA:319,19,1,0
BRDA:320,20,0,0
BRDA:320,20,1,0
BRDA:321,21,0,0
BRDA:321,21,1,0
BRDA:322,22,0,0
BRDA:322,22,1,0
BRF:46
BRH:0
end_of_record
TN:
SF:/Users/pavliha/Code/partymaker-admin/src/components/PlaceListItem.jsx
FN:13,(anonymous_0)
FN:110,(anonymous_1)
FN:120,(anonymous_2)
FN:150,(anonymous_3)
FNF:4
FNH:0
FNDA:0,(anonymous_0)
FNDA:0,(anonymous_1)
FNDA:0,(anonymous_2)
FNDA:0,(anonymous_3)
DA:13,2
DA:110,2
DA:111,0
DA:112,0
DA:113,0
DA:115,0
DA:120,0
DA:142,2
DA:149,2
LF:9
LH:4
BRDA:132,0,0,0
BRDA:132,0,1,0
BRF:2
BRH:0
end_of_record
TN:
SF:/Users/pavliha/Code/partymaker-admin/src/components/PlaceListItemHandle.jsx
FN:6,(anonymous_0)
FNF:1
FNH:0
FNDA:0,(anonymous_0)
DA:6,2
DA:7,0
DA:9,2
LF:3
LH:2
BRF:0
BRH:0
end_of_record
TN:
SF:/Users/pavliha/Code/partymaker-admin/src/components/PlaceLoader.jsx
FN:6,(anonymous_0)
FN:17,(anonymous_1)
FNF:2
FNH:0
FNDA:0,(anonymous_0)
FNDA:0,(anonymous_1)
DA:6,2
DA:7,0
DA:11,2
DA:17,2
LF:4
LH:3
BRF:0
BRH:0
end_of_record
TN:
SF:/Users/pavliha/Code/partymaker-admin/src/components/PlacesList.jsx
FN:10,(anonymous_0)
FN:14,(anonymous_1)
FN:19,(anonymous_2)
FN:43,(anonymous_3)
FN:44,(anonymous_4)
FNF:5
FNH:0
FNDA:0,(anonymous_0)
FNDA:0,(anonymous_1)
FNDA:0,(anonymous_2)
FNDA:0,(anonymous_3)
FNDA:0,(anonymous_4)
DA:10,2
DA:14,2
DA:15,0
DA:17,0
DA:20,0
DA:36,2
DA:43,2
DA:44,0
LF:8
LH:4
BRF:0
BRH:0
end_of_record
TN:
SF:/Users/pavliha/Code/partymaker-admin/src/components/ServerMessage.jsx
FN:10,(anonymous_0)
FNF:1
FNH:0
FNDA:0,(anonymous_0)
DA:6,2
DA:10,2
DA:11,0
DA:13,0
DA:20,2
LF:5
LH:3
BRDA:11,0,0,0
BRDA:11,0,1,0
BRDA:11,0,2,0
BRF:3
BRH:0
end_of_record
TN:
SF:/Users/pavliha/Code/partymaker-admin/src/components/Thumbnail.jsx
FN:15,(anonymous_0)
FN:30,(anonymous_1)
FNF:2
FNH:0
FNDA:0,(anonymous_0)
FNDA:0,(anonymous_1)
DA:6,2
DA:15,2
DA:16,0
DA:22,2
DA:29,2
LF:5
LH:4
BRDA:18,0,0,0
BRDA:18,0,1,0
BRF:2
BRH:0
end_of_record
TN:
SF:/Users/pavliha/Code/partymaker-admin/src/components/UploadFieldAdornment.jsx
FN:18,(anonymous_0)
FNF:1
FNH:1
FNDA:15,(anonymous_0)
DA:9,3
DA:18,3
DA:20,15
DA:21,0
DA:24,15
DA:25,0
DA:28,15
DA:29,3
DA:32,12
DA:33,1
DA:36,11
DA:39,3
LF:12
LH:10
BRDA:20,0,0,0
BRDA:20,0,1,15
BRDA:24,1,0,0
BRDA:24,1,1,15
BRDA:28,2,0,3
BRDA:28,2,1,12
BRDA:32,3,0,1
BRDA:32,3,1,11
BRF:8
BRH:6
end_of_record
TN:
SF:/Users/pavliha/Code/partymaker-admin/src/components/index.js
FNF:0
FNH:0
LF:0
LH:0
BRF:0
BRH:0
end_of_record
TN:
SF:/Users/pavliha/Code/partymaker-admin/src/components/Account/Account.jsx
FN:30,(anonymous_0)
FN:41,(anonymous_1)
FN:47,(anonymous_2)
FN:55,(anonymous_3)
FN:57,(anonymous_4)
FN:75,(anonymous_5)
FNF:6
FNH:2
FNDA:2,(anonymous_0)
FNDA:0,(anonymous_1)
FNDA:0,(anonymous_2)
FNDA:0,(anonymous_3)
FNDA:0,(anonymous_4)
FNDA:2,(anonymous_5)
DA:9,3
DA:30,3
DA:31,2
DA:33,2
DA:35,1
DA:41,0
DA:47,0
DA:55,0
DA:58,0
DA:59,0
DA:66,3
DA:75,3
LF:12
LH:7
BRDA:33,0,0,1
BRDA:33,0,1,1
BRDA:39,1,0,0
BRDA:39,1,1,1
BRF:4
BRH:3
end_of_record
TN:
SF:/Users/pavliha/Code/partymaker-admin/src/components/Account/index.js
FNF:0
FNH:0
LF:0
LH:0
BRF:0
BRH:0
end_of_record
TN:
SF:/Users/pavliha/Code/partymaker-admin/src/components/AdditionalServicesField/AdditionalServicesField.jsx
FN:11,(anonymous_0)
FN:58,(anonymous_1)
FN:62,(anonymous_2)
FN:66,(anonymous_3)
FN:70,(anonymous_4)
FN:70,(anonymous_5)
FN:76,(anonymous_6)
FN:76,(anonymous_7)
FN:82,(anonymous_8)
FN:82,(anonymous_9)
FN:88,(anonymous_10)
FN:96,(anonymous_11)
FN:96,(anonymous_12)
FN:103,(anonymous_13)
FN:117,(anonymous_14)
FN:222,(anonymous_15)
FNF:16
FNH:8
FNDA:1,(anonymous_0)
FNDA:0,(anonymous_1)
FNDA:0,(anonymous_2)
FNDA:0,(anonymous_3)
FNDA:2,(anonymous_4)
FNDA:0,(anonymous_5)
FNDA:2,(anonymous_6)
FNDA:0,(anonymous_7)
FNDA:2,(anonymous_8)
FNDA:0,(anonymous_9)
FNDA:0,(anonymous_10)
FNDA:2,(anonymous_11)
FNDA:0,(anonymous_12)
FNDA:1,(anonymous_13)
FNDA:2,(anonymous_14)
FNDA:1,(anonymous_15)
DA:11,2
DA:52,1
DA:58,1
DA:59,0
DA:62,1
DA:63,0
DA:66,1
DA:67,0
DA:70,2
DA:71,0
DA:72,0
DA:73,0
DA:76,2
DA:77,0
DA:78,0
DA:79,0
DA:82,2
DA:83,0
DA:84,0
DA:85,0
DA:88,1
DA:89,0
DA:90,0
DA:91,0
DA:92,0
DA:93,0
DA:96,2
DA:97,0
DA:98,0
DA:99,0
DA:100,0
DA:104,1
DA:105,1
DA:107,1
DA:118,2
DA:205,2
DA:222,2
LF:37
LH:16
BRF:0
BRH:0
end_of_record
TN:
SF:/Users/pavliha/Code/partymaker-admin/src/components/AdditionalServicesField/index.js
FNF:0
FNH:0
LF:0
LH:0
BRF:0
BRH:0
end_of_record
TN:
SF:/Users/pavliha/Code/partymaker-admin/src/components/AuthCard/AuthCard.jsx
FN:19,(anonymous_0)
FNF:1
FNH:1
FNDA:2,(anonymous_0)
DA:6,3
DA:19,3
DA:20,2
DA:25,3
DA:31,3
LF:5
LH:5
BRF:0
BRH:0
end_of_record
TN:
SF:/Users/pavliha/Code/partymaker-admin/src/components/AuthGate/AuthGate.jsx
FN:7,(anonymous_0)
FN:22,(anonymous_1)
FNF:2
FNH:2
FNDA:2,(anonymous_0)
FNDA:2,(anonymous_1)
DA:7,3
DA:9,2
DA:11,1
DA:14,3
DA:22,3
LF:5
LH:5
BRDA:9,0,0,1
BRDA:9,0,1,1
BRF:2
BRH:2
end_of_record
TN:
SF:/Users/pavliha/Code/partymaker-admin/src/components/CloseButton/CloseButton.jsx
FN:14,(anonymous_0)
FNF:1
FNH:1
FNDA:2,(anonymous_0)
DA:6,1
DA:14,1
DA:15,2
DA:21,1
LF:4
LH:4
BRF:0
BRH:0
end_of_record
TN:
SF:/Users/pavliha/Code/partymaker-admin/src/components/DeleteDialog/DeleteDialog.jsx
FN:12,(anonymous_0)
FN:18,(anonymous_1)
FN:31,(anonymous_2)
FNF:3
FNH:3
FNDA:2,(anonymous_0)
FNDA:1,(anonymous_1)
FNDA:7,(anonymous_2)
DA:7,3
DA:12,3
DA:13,2
DA:14,2
DA:15,2
DA:18,3
DA:19,1
DA:20,1
DA:21,1
DA:22,1
DA:23,1
DA:25,0
DA:27,1
DA:32,7
DA:33,7
DA:34,7
DA:36,7
DA:66,3
LF:18
LH:17
BRDA:34,0,0,0
BRDA:34,0,1,7
BRDA:40,1,0,0
BRDA:40,1,1,7
BRDA:41,2,0,7
BRDA:41,2,1,7
BRDA:48,3,0,7
BRDA:48,3,1,7
BRDA:57,4,0,1
BRDA:57,4,1,6
BRF:10
BRH:8
end_of_record
TN:
SF:/Users/pavliha/Code/partymaker-admin/src/components/DeleteDialog/index.js
FNF:0
FNH:0
LF:0
LH:0
BRF:0
BRH:0
end_of_record
TN:
SF:/Users/pavliha/Code/partymaker-admin/src/components/DropdownField/DropdownField.jsx
FN:5,(anonymous_0)
FN:21,(anonymous_1)
FN:24,(anonymous_2)
FNF:3
FNH:2
FNDA:1,(anonymous_0)
FNDA:0,(anonymous_1)
FNDA:3,(anonymous_2)
DA:5,3
DA:16,1
DA:21,0
DA:25,3
DA:33,3
LF:5
LH:4
BRDA:19,0,0,1
BRDA:19,0,1,0
BRDA:23,1,0,1
BRDA:23,1,1,1
BRF:4
BRH:3
end_of_record
TN:
SF:/Users/pavliha/Code/partymaker-admin/src/components/DropdownField/index.js
FNF:0
FNH:0
LF:0
LH:0
BRF:0
BRH:0
end_of_record
TN:
SF:/Users/pavliha/Code/partymaker-admin/src/components/EditorFIeld/EditorField.jsx
FN:7,(anonymous_0)
FN:28,(anonymous_1)
FN:33,(anonymous_2)
FNF:3
FNH:2
FNDA:1,(anonymous_0)
FNDA:1,(anonymous_1)
FNDA:0,(anonymous_2)
DA:7,3
DA:28,3
DA:29,1
DA:33,0
DA:38,3
DA:48,3
LF:6
LH:5
BRDA:35,0,0,1
BRDA:35,0,1,1
BRF:2
BRH:2
end_of_record
TN:
SF:/Users/pavliha/Code/partymaker-admin/src/components/EditorFIeld/index.js
FNF:0
FNH:0
LF:0
LH:0
BRF:0
BRH:0
end_of_record
TN:
SF:/Users/pavliha/Code/partymaker-admin/src/components/PricesField/PricesField.jsx
FN:39,(anonymous_0)
FN:42,(anonymous_1)
FN:45,(anonymous_2)
FN:53,(anonymous_3)
FN:56,(anonymous_4)
FN:59,(anonymous_5)
FN:62,(anonymous_6)
FN:66,(anonymous_7)
FN:81,(anonymous_8)
FN:144,(anonymous_9)
FNF:10
FNH:10
FNDA:1,(anonymous_0)
FNDA:2,(anonymous_1)
FNDA:1,(anonymous_2)
FNDA:1,(anonymous_3)
FNDA:1,(anonymous_4)
FNDA:2,(anonymous_5)
FNDA:2,(anonymous_6)
FNDA:11,(anonymous_7)
FNDA:6,(anonymous_8)
FNDA:7,(anonymous_9)
DA:11,2
DA:34,7
DA:39,7
DA:40,1
DA:42,7
DA:43,2
DA:45,7
DA:46,1
DA:47,1
DA:48,1
DA:49,1
DA:50,1
DA:53,7
DA:54,1
DA:55,1
DA:56,1
DA:59,7
DA:60,2
DA:61,2
DA:62,2
DA:63,2
DA:67,11
DA:68,11
DA:70,11
DA:82,6
DA:129,2
DA:144,7
LF:27
LH:27
BRF:0
BRH:0
end_of_record
TN:
SF:/Users/pavliha/Code/partymaker-admin/src/components/PricesField/PricesFieldRow.jsx
FN:13,(anonymous_0)
FN:22,(anonymous_1)
FN:32,(anonymous_2)
FN:40,(anonymous_3)
FNF:4
FNH:4
FNDA:6,(anonymous_0)
FNDA:1,(anonymous_1)
FNDA:1,(anonymous_2)
FNDA:1,(anonymous_3)
DA:7,2
DA:13,2
DA:14,6
DA:22,1
DA:32,1
DA:40,1
DA:47,2
LF:7
LH:7
BRF:0
BRH:0
end_of_record
TN:
SF:/Users/pavliha/Code/partymaker-admin/src/components/PricesField/index.js
FNF:0
FNH:0
LF:0
LH:0
BRF:0
BRH:0
end_of_record
TN:
SF:/Users/pavliha/Code/partymaker-admin/src/components/UploadField/UploadField.jsx
FN:35,(anonymous_0)
FN:36,(anonymous_1)
FN:38,(anonymous_2)
FN:43,(anonymous_3)
FN:48,(anonymous_4)
FN:51,(anonymous_5)
FN:58,(anonymous_6)
FN:61,(anonymous_7)
FN:64,(anonymous_8)
FN:66,(anonymous_9)
FN:69,(anonymous_10)
FN:75,(anonymous_11)
FN:78,(anonymous_12)
FN:89,(anonymous_13)
FN:101,(anonymous_14)
FNF:15
FNH:14
FNDA:1,(anonymous_0)
FNDA:1,(anonymous_1)
FNDA:1,(anonymous_2)
FNDA:1,(anonymous_3)
FNDA:1,(anonymous_4)
FNDA:1,(anonymous_5)
FNDA:1,(anonymous_6)
FNDA:0,(anonymous_7)
FNDA:2,(anonymous_8)
FNDA:2,(anonymous_9)
FNDA:2,(anonymous_10)
FNDA:2,(anonymous_11)
FNDA:4,(anonymous_12)
FNDA:1,(anonymous_13)
FNDA:15,(anonymous_14)
DA:9,3
DA:28,9
DA:30,9
DA:35,9
DA:36,1
DA:38,9
DA:39,1
DA:40,1
DA:43,9
DA:44,1
DA:45,1
DA:48,9
DA:49,1
DA:51,9
DA:52,1
DA:53,1
DA:54,0
DA:55,0
DA:58,9
DA:59,1
DA:61,9
DA:62,0
DA:64,9
DA:65,2
DA:66,2
DA:69,9
DA:70,2
DA:71,2
DA:75,2
DA:78,9
DA:79,4
DA:80,4
DA:81,4
DA:82,4
DA:83,4
DA:85,0
DA:89,9
DA:90,1
DA:91,1
DA:92,1
DA:93,1
DA:94,1
DA:96,0
DA:97,0
DA:102,15
DA:103,15
DA:105,15
DA:145,3
LF:48
LH:42
BRDA:45,0,0,1
BRDA:45,0,1,0
BRDA:53,1,0,1
BRDA:53,1,1,0
BRDA:55,2,0,0
BRDA:55,2,1,0
BRDA:62,3,0,0
BRDA:62,3,1,0
BRDA:112,4,0,15
BRDA:112,4,1,12
BRF:10
BRH:4
end_of_record
TN:
SF:/Users/pavliha/Code/partymaker-admin/src/components/UploadField/index.js
FNF:0
FNH:0
LF:0
LH:0
BRF:0
BRH:0
end_of_record
TN:
SF:/Users/pavliha/Code/partymaker-admin/src/config/index.js
FNF:0
FNH:0
LF:0
LH:0
BRF:0
BRH:0
end_of_record
TN:
SF:/Users/pavliha/Code/partymaker-admin/src/config/theme.js
FNF:0
FNH:0
LF:0
LH:0
BRF:0
BRH:0
end_of_record
TN:
SF:/Users/pavliha/Code/partymaker-admin/src/redux/action.js
FN:6,(anonymous_0)
FNF:1
FNH:0
FNDA:0,(anonymous_0)
DA:6,4
LF:1
LH:1
BRF:0
BRH:0
end_of_record
TN:
SF:/Users/pavliha/Code/partymaker-admin/src/redux/constants.js
FNF:0
FNH:0
DA:1,4
LF:1
LH:1
BRF:0
BRH:0
end_of_record
TN:
SF:/Users/pavliha/Code/partymaker-admin/src/redux/index.js
FN:27,(anonymous_0)
FNF:1
FNH:0
FNDA:0,(anonymous_0)
DA:12,4
DA:14,4
DA:16,4
DA:24,4
DA:26,4
DA:27,0
DA:28,0
DA:29,0
LF:8
LH:5
BRDA:26,0,0,0
BRDA:26,0,1,4
BRF:2
BRH:1
end_of_record
TN:
SF:/Users/pavliha/Code/partymaker-admin/src/redux/reducer.js
FNF:0
FNH:0
LF:0
LH:0
BRF:0
BRH:0
end_of_record
TN:
SF:/Users/pavliha/Code/partymaker-admin/src/redux/saga.js
FN:6,setModels
FN:10,rootSaga
FNF:2
FNH:1
FNDA:0,setModels
FNDA:4,rootSaga
DA:7,0
DA:11,4
LF:2
LH:1
BRF:0
BRH:0
end_of_record
TN:
SF:/Users/pavliha/Code/partymaker-admin/src/redux/select.js
FNF:0
FNH:0
LF:0
LH:0
BRF:0
BRH:0
end_of_record
TN:
SF:/Users/pavliha/Code/partymaker-admin/src/redux/auth/action.js
FN:4,(anonymous_0)
FN:9,(anonymous_1)
FN:14,(anonymous_2)
FN:19,(anonymous_3)
FNF:4
FNH:0
FNDA:0,(anonymous_0)
FNDA:0,(anonymous_1)
FNDA:0,(anonymous_2)
FNDA:0,(anonymous_3)
DA:4,4
DA:9,4
DA:14,4
DA:19,4
LF:4
LH:4
BRF:0
BRH:0
end_of_record
TN:
SF:/Users/pavliha/Code/partymaker-admin/src/redux/auth/reducer.js
FN:12,(anonymous_0)
FNF:1
FNH:1
FNDA:12,(anonymous_0)
DA:5,4
DA:12,4
DA:13,12
DA:17,0
DA:24,0
DA:31,0
DA:37,12
LF:7
LH:4
BRDA:12,0,0,12
BRDA:13,1,0,0
BRDA:13,1,1,0
BRDA:13,1,2,0
BRDA:13,1,3,0
BRDA:13,1,4,12
BRF:6
BRH:2
end_of_record
TN:
SF:/Users/pavliha/Code/partymaker-admin/src/redux/auth/saga.js
FN:7,setAuthUser
FN:13,saga
FNF:2
FNH:1
FNDA:0,setAuthUser
FNDA:4,saga
DA:8,0
DA:9,0
DA:10,0
DA:14,4
LF:4
LH:1
BRF:0
BRH:0
end_of_record
TN:
SF:/Users/pavliha/Code/partymaker-admin/src/redux/auth/select.js
FN:4,(anonymous_0)
FN:5,(anonymous_1)
FN:7,(anonymous_2)
FNF:3
FNH:3
FNDA:4,(anonymous_0)
FNDA:4,(anonymous_1)
FNDA:4,(anonymous_2)
DA:3,4
DA:4,4
DA:5,4
DA:8,4
DA:9,4
DA:10,2
LF:6
LH:6
BRDA:9,0,0,2
BRDA:9,0,1,2
BRF:2
BRH:2
end_of_record
TN:
SF:/Users/pavliha/Code/partymaker-admin/src/redux/entertainments/action.js
FN:4,(anonymous_0)
FN:9,(anonymous_1)
FN:14,(anonymous_2)
FN:19,(anonymous_3)
FN:24,(anonymous_4)
FN:30,(anonymous_5)
FNF:6
FNH:0
FNDA:0,(anonymous_0)
FNDA:0,(anonymous_1)
FNDA:0,(anonymous_2)
FNDA:0,(anonymous_3)
FNDA:0,(anonymous_4)
FNDA:0,(anonymous_5)
DA:4,4
DA:9,4
DA:14,4
DA:19,4
DA:24,4
DA:30,4
LF:6
LH:6
BRF:0
BRH:0
end_of_record
TN:
SF:/Users/pavliha/Code/partymaker-admin/src/redux/entertainments/reducer.js
FN:6,(anonymous_0)
FNF:1
FNH:1
FNDA:20,(anonymous_0)
DA:6,4
DA:7,20
DA:10,0
DA:16,0
DA:19,0
DA:22,20
LF:6
LH:3
BRDA:6,0,0,20
BRDA:7,1,0,0
BRDA:7,1,1,0
BRDA:7,1,2,0
BRDA:7,1,3,20
BRF:5
BRH:2
end_of_record
TN:
SF:/Users/pavliha/Code/partymaker-admin/src/redux/entertainments/select.js
FN:5,(anonymous_0)
FN:6,(anonymous_1)
FN:8,(anonymous_2)
FN:10,(anonymous_3)
FN:12,(anonymous_4)
FN:14,(anonymous_5)
FNF:6
FNH:0
FNDA:0,(anonymous_0)
FNDA:0,(anonymous_1)
FNDA:0,(anonymous_2)
FNDA:0,(anonymous_3)
FNDA:0,(anonymous_4)
FNDA:0,(anonymous_5)
DA:4,4
DA:5,0
DA:6,0
DA:9,0
DA:10,0
DA:12,0
DA:14,0
LF:7
LH:1
BRF:0
BRH:0
end_of_record
TN:
SF:/Users/pavliha/Code/partymaker-admin/src/redux/places/action.js
FN:7,(anonymous_0)
FN:12,(anonymous_1)
FN:17,(anonymous_2)
FN:22,(anonymous_3)
FN:27,(anonymous_4)
FN:33,(anonymous_5)
FNF:6
FNH:0
FNDA:0,(anonymous_0)
FNDA:0,(anonymous_1)
FNDA:0,(anonymous_2)
FNDA:0,(anonymous_3)
FNDA:0,(anonymous_4)
FNDA:0,(anonymous_5)
DA:7,4
DA:12,4
DA:17,4
DA:22,4
DA:27,4
DA:33,4
LF:6
LH:6
BRF:0
BRH:0
end_of_record
TN:
SF:/Users/pavliha/Code/partymaker-admin/src/redux/places/reducer.js
FN:11,(anonymous_0)
FNF:1
FNH:1
FNDA:20,(anonymous_0)
DA:11,4
DA:12,20
DA:15,0
DA:21,0
DA:24,0
DA:31,20
LF:6
LH:3
BRDA:11,0,0,20
BRDA:12,1,0,0
BRDA:12,1,1,0
BRDA:12,1,2,0
BRDA:12,1,3,20
BRF:5
BRH:2
end_of_record
TN:
SF:/Users/pavliha/Code/partymaker-admin/src/redux/places/select.js
FN:5,(anonymous_0)
FN:6,(anonymous_1)
FN:7,(anonymous_2)
FN:9,(anonymous_3)
FN:10,(anonymous_4)
FN:13,(anonymous_5)
FN:18,(anonymous_6)
FN:19,(anonymous_7)
FN:20,(anonymous_8)
FN:21,(anonymous_9)
FN:22,(anonymous_10)
FN:23,(anonymous_11)
FN:24,(anonymous_12)
FN:25,(anonymous_13)
FN:27,(anonymous_14)
FN:43,(anonymous_15)
FN:44,(anonymous_16)
FN:45,(anonymous_17)
FN:46,(anonymous_18)
FN:47,(anonymous_19)
FNF:20
FNH:0
FNDA:0,(anonymous_0)
FNDA:0,(anonymous_1)
FNDA:0,(anonymous_2)
FNDA:0,(anonymous_3)
FNDA:0,(anonymous_4)
FNDA:0,(anonymous_5)
FNDA:0,(anonymous_6)
FNDA:0,(anonymous_7)
FNDA:0,(anonymous_8)
FNDA:0,(anonymous_9)
FNDA:0,(anonymous_10)
FNDA:0,(anonymous_11)
FNDA:0,(anonymous_12)
FNDA:0,(anonymous_13)
FNDA:0,(anonymous_14)
FNDA:0,(anonymous_15)
FNDA:0,(anonymous_16)
FNDA:0,(anonymous_17)
FNDA:0,(anonymous_18)
FNDA:0,(anonymous_19)
DA:4,4
DA:5,0
DA:6,0
DA:7,0
DA:10,0
DA:13,0
DA:18,4
DA:19,0
DA:20,0
DA:21,0
DA:22,0
DA:23,0
DA:24,0
DA:25,0
DA:36,0
DA:38,0
DA:40,0
DA:43,0
DA:44,0
DA:45,0
DA:46,0
DA:47,0
LF:22
LH:2
BRDA:38,0,0,0
BRDA:38,0,1,0
BRF:2
BRH:0
end_of_record
TN:
SF:/Users/pavliha/Code/partymaker-admin/src/redux/places/additional_services/action.js
FN:3,(anonymous_0)
FNF:1
FNH:0
FNDA:0,(anonymous_0)
DA:3,4
LF:1
LH:1
BRF:0
BRH:0
end_of_record
TN:
SF:/Users/pavliha/Code/partymaker-admin/src/redux/places/additional_services/reducer.js
FN:6,(anonymous_0)
FNF:1
FNH:1
FNDA:28,(anonymous_0)
DA:6,4
DA:7,28
DA:10,0
DA:16,0
DA:19,28
LF:5
LH:3
BRDA:6,0,0,28
BRDA:7,1,0,0
BRDA:7,1,1,0
BRDA:7,1,2,28
BRF:4
BRH:2
end_of_record
TN:
SF:/Users/pavliha/Code/partymaker-admin/src/redux/places/contacts/reducer.js
FN:5,(anonymous_0)
FNF:1
FNH:1
FNDA:28,(anonymous_0)
DA:5,4
DA:6,28
DA:9,0
DA:15,28
LF:4
LH:3
BRDA:5,0,0,28
BRDA:6,1,0,0
BRDA:6,1,1,28
BRF:3
BRH:2
end_of_record
TN:
SF:/Users/pavliha/Code/partymaker-admin/src/redux/places/photos/action.js
FN:3,(anonymous_0)
FNF:1
FNH:0
FNDA:0,(anonymous_0)
DA:3,4
LF:1
LH:1
BRF:0
BRH:0
end_of_record
TN:
SF:/Users/pavliha/Code/partymaker-admin/src/redux/places/photos/reducer.js
FN:5,(anonymous_0)
FNF:1
FNH:1
FNDA:28,(anonymous_0)
DA:5,4
DA:6,28
DA:9,0
DA:15,0
DA:16,0
DA:17,0
DA:21,28
LF:7
LH:3
BRDA:5,0,0,28
BRDA:6,1,0,0
BRDA:6,1,1,0
BRDA:6,1,2,28
BRF:4
BRH:2
end_of_record
TN:
SF:/Users/pavliha/Code/partymaker-admin/src/redux/places/photos/select.js
FN:5,(anonymous_0)
FN:7,(anonymous_1)
FNF:2
FNH:0
FNDA:0,(anonymous_0)
FNDA:0,(anonymous_1)
DA:4,4
DA:5,0
DA:8,0
LF:3
LH:1
BRF:0
BRH:0
end_of_record
TN:
SF:/Users/pavliha/Code/partymaker-admin/src/redux/places/prices/action.js
FN:3,(anonymous_0)
FNF:1
FNH:1
FNDA:1,(anonymous_0)
DA:3,4
LF:1
LH:1
BRF:0
BRH:0
end_of_record
TN:
SF:/Users/pavliha/Code/partymaker-admin/src/redux/places/prices/reducer.js
FN:6,(anonymous_0)
FNF:1
FNH:1
FNDA:28,(anonymous_0)
DA:6,4
DA:7,28
DA:10,0
DA:16,0
DA:19,28
LF:5
LH:3
BRDA:6,0,0,28
BRDA:7,1,0,0
BRDA:7,1,1,0
BRDA:7,1,2,28
BRF:4
BRH:2
end_of_record
TN:
SF:/Users/pavliha/Code/partymaker-admin/src/redux/places/requirements/reducer.js
FN:5,(anonymous_0)
FNF:1
FNH:1
FNDA:28,(anonymous_0)
DA:5,4
DA:6,28
DA:9,0
DA:15,28
LF:4
LH:3
BRDA:5,0,0,28
BRDA:6,1,0,0
BRDA:6,1,1,28
BRF:3
BRH:2
end_of_record
TN:
SF:/Users/pavliha/Code/partymaker-admin/src/redux/users/reducer.js
FN:9,(anonymous_0)
FNF:1
FNH:1
FNDA:20,(anonymous_0)
DA:6,4
DA:7,4
DA:9,4
DA:10,20
DA:12,0
DA:18,20
LF:6
LH:5
BRDA:7,0,0,0
BRDA:7,0,1,4
BRDA:9,1,0,20
BRDA:10,2,0,0
BRDA:10,2,1,20
BRF:5
BRH:3
end_of_record
TN:
SF:/Users/pavliha/Code/partymaker-admin/src/redux/users/select.js
FN:4,(anonymous_0)
FN:5,(anonymous_1)
FN:6,(anonymous_2)
FN:8,(anonymous_3)
FN:10,(anonymous_4)
FNF:5
FNH:0
FNDA:0,(anonymous_0)
FNDA:0,(anonymous_1)
FNDA:0,(anonymous_2)
FNDA:0,(anonymous_3)
FNDA:0,(anonymous_4)
DA:3,4
DA:4,0
DA:5,0
DA:7,0
DA:8,0
DA:10,0
LF:6
LH:1
BRF:0
BRH:0
end_of_record
TN:
SF:/Users/pavliha/Code/partymaker-admin/src/services/Http.js
FN:9,(anonymous_0)
FN:16,(anonymous_1)
FN:17,(anonymous_2)
FNF:3
FNH:0
FNDA:0,(anonymous_0)
FNDA:0,(anonymous_1)
FNDA:0,(anonymous_2)
DA:4,4
DA:9,4
DA:10,0
DA:11,0
DA:15,4
DA:16,0
DA:18,0
DA:19,0
DA:20,0
DA:21,0
DA:22,0
LF:11
LH:3
BRDA:18,0,0,0
BRDA:18,0,1,0
BRDA:19,1,0,0
BRDA:19,1,1,0
BRDA:20,2,0,0
BRDA:20,2,1,0
BRDA:21,3,0,0
BRDA:21,3,1,0
BRDA:22,4,0,0
BRDA:22,4,1,0
BRF:10
BRH:0
end_of_record
TN:
SF:/Users/pavliha/Code/partymaker-admin/src/services/Storage.js
FN:3,(anonymous_0)
FN:9,(anonymous_1)
FN:14,(anonymous_2)
FN:19,(anonymous_3)
FNF:4
FNH:1
FNDA:12,(anonymous_0)
FNDA:0,(anonymous_1)
FNDA:0,(anonymous_2)
FNDA:0,(anonymous_3)
DA:4,12
DA:6,12
DA:10,0
DA:12,0
DA:14,0
DA:15,0
DA:20,0
DA:25,4
LF:8
LH:3
BRDA:4,0,0,0
BRDA:4,0,1,12
BRDA:10,1,0,0
BRDA:10,1,1,0
BRF:4
BRH:1
end_of_record
TN:
SF:/Users/pavliha/Code/partymaker-admin/src/shapes/contacts.js
FNF:0
FNH:0
DA:3,4
LF:1
LH:1
BRF:0
BRH:0
end_of_record
TN:
SF:/Users/pavliha/Code/partymaker-admin/src/shapes/entertainment.js
FNF:0
FNH:0
DA:3,4
LF:1
LH:1
BRF:0
BRH:0
end_of_record
TN:
SF:/Users/pavliha/Code/partymaker-admin/src/shapes/index.js
FNF:0
FNH:0
LF:0
LH:0
BRF:0
BRH:0
end_of_record
TN:
SF:/Users/pavliha/Code/partymaker-admin/src/shapes/photo.js
FNF:0
FNH:0
DA:3,4
LF:1
LH:1
BRF:0
BRH:0
end_of_record
TN:
SF:/Users/pavliha/Code/partymaker-admin/src/shapes/place.js
FNF:0
FNH:0
DA:4,4
LF:1
LH:1
BRF:0
BRH:0
end_of_record
TN:
SF:/Users/pavliha/Code/partymaker-admin/src/shapes/service.js
FNF:0
FNH:0
DA:3,4
LF:1
LH:1
BRF:0
BRH:0
end_of_record
TN:
SF:/Users/pavliha/Code/partymaker-admin/src/utils/connect.js
FN:4,(anonymous_0)
FN:4,(anonymous_1)
FN:7,(anonymous_2)
FN:9,(anonymous_3)
FN:11,(anonymous_4)
FN:14,(anonymous_5)
FN:15,(anonymous_6)
FN:17,(anonymous_7)
FN:22,(anonymous_8)
FNF:9
FNH:9
FNDA:22,(anonymous_0)
FNDA:22,(anonymous_1)
FNDA:12,(anonymous_2)
FNDA:14,(anonymous_3)
FNDA:4,(anonymous_4)
FNDA:12,(anonymous_5)
FNDA:14,(anonymous_6)
FNDA:10,(anonymous_7)
FNDA:12,(anonymous_8)
DA:4,22
DA:7,22
DA:8,12
DA:9,14
DA:11,12
DA:14,22
DA:15,14
DA:17,12
DA:18,10
DA:22,22
DA:23,12
DA:32,22
LF:12
LH:12
BRF:0
BRH:0
end_of_record
TN:
SF:/Users/pavliha/Code/partymaker-admin/src/utils/fromJWT.js
FN:3,(anonymous_0)
FNF:1
FNH:1
FNDA:8,(anonymous_0)
DA:3,8
LF:1
LH:1
BRDA:3,0,0,0
BRDA:3,0,1,8
BRF:2
BRH:1
end_of_record
TN:
SF:/Users/pavliha/Code/partymaker-admin/src/utils/index.js
FNF:0
FNH:0
LF:0
LH:0
BRF:0
BRH:0
end_of_record
TN:
SF:/Users/pavliha/Code/partymaker-admin/src/utils/normalize.js
FNF:0
FNH:0
LF:0
LH:0
BRF:0
BRH:0
end_of_record
TN:
SF:/Users/pavliha/Code/partymaker-admin/src/utils/transformValidationApi.js
FN:1,(anonymous_0)
FN:21,(anonymous_1)
FN:23,(anonymous_2)
FNF:3
FNH:0
FNDA:0,(anonymous_0)
FNDA:0,(anonymous_1)
FNDA:0,(anonymous_2)
DA:1,5
DA:2,0
DA:4,0
DA:5,0
DA:6,0
DA:8,0
DA:9,0
DA:10,0
DA:13,0
DA:15,0
DA:16,0
DA:18,0
DA:19,0
DA:21,0
DA:23,0
LF:15
LH:1
BRDA:4,0,0,0
BRDA:4,0,1,0
BRDA:8,1,0,0
BRDA:8,1,1,0
BRDA:13,2,0,0
BRDA:13,2,1,0
BRDA:18,3,0,0
BRDA:18,3,1,0
BRDA:18,4,0,0
BRDA:18,4,1,0
BRF:10
BRH:0
end_of_record
TN:
SF:/Users/pavliha/Code/partymaker-admin/src/utils/appendFileNameSuffix/appendFileNameSuffix.js
FN:3,(anonymous_0)
FNF:1
FNH:1
FNDA:3,(anonymous_0)
DA:3,6
DA:4,3
DA:5,3
DA:6,3
DA:7,3
DA:8,3
DA:9,1
LF:7
LH:7
BRDA:8,0,0,2
BRDA:8,0,1,1
BRF:2
BRH:2
end_of_record
TN:
SF:/Users/pavliha/Code/partymaker-admin/src/utils/appendFileNameSuffix/index.js
FNF:0
FNH:0
LF:0
LH:0
BRF:0
BRH:0
end_of_record
TN:
SF:/Users/pavliha/Code/partymaker-admin/src/utils/arrayToObject/arrayToObject.js
FN:2,(anonymous_0)
FN:2,(anonymous_1)
FNF:2
FNH:2
FNDA:2,(anonymous_0)
FNDA:2,(anonymous_1)
DA:2,2
DA:3,2
DA:4,1
DA:6,1
LF:4
LH:4
BRDA:2,0,0,2
BRDA:2,0,1,0
BRDA:3,1,0,1
BRDA:3,1,1,1
BRF:4
BRH:3
end_of_record
